Virtual User Script started at : 5/10/2016 7:10:32 AM
Starting action vuser_init.
Web Turbo Replay of LoadRunner 12.0.0 for Windows 2008 R2; build 2739 (Nov 30 2014 23:13:05)  	[MsgId: MMSG-27143]
Run mode: HTML  	[MsgId: MMSG-26993]
Run-Time Settings file: "G:\11_UOM\Scripts\QA\Sprint5\S08_Create_Inventory_WithSysco_Products\\default.cfg"  	[MsgId: MMSG-27141]
Ending action vuser_init.
Running Vuser...
Starting iteration 1.
Maximum number of concurrent connections per server: 6  	[MsgId: MMSG-26989]
Starting action Action.
Action.c(12): web_set_max_html_param_len started  	[MsgId: MMSG-26355]
Action.c(12): web_set_max_html_param_len was successful  	[MsgId: MMSG-26392]
Action.c(15): Notify: Transaction "WS08_00_Get_AccountByCustomerID" started.
Action.c(17): web_add_header("Authorization") started  	[MsgId: MMSG-26355]
Action.c(17): Warning -26593: The header being added may cause unpredictable results when applied to all ensuing URLs. It is added anyway  	[MsgId: MWAR-26593]
Action.c(17): web_add_header("Authorization") highest severity level was "warning"  	[MsgId: MMSG-26391]
Action.c(19): web_reg_save_param started  	[MsgId: MMSG-26355]
Action.c(19): Registering web_reg_save_param was successful  	[MsgId: MMSG-26390]
Action.c(20): web_reg_save_param started  	[MsgId: MMSG-26355]
Action.c(20): Registering web_reg_save_param was successful  	[MsgId: MMSG-26390]
Action.c(22): web_url("GetAccount") started  	[MsgId: MMSG-26355]
Action.c(22): HTML parsing not performed for Content-Type "application/json" ("ParseHtmlContentType" Run-Time Setting is "TEXT"). URL="http://internal-qa-uom-services-private-elb-306417685.us-east-1.elb.amazonaws.com:80/accounts/mine"  	[MsgId: MMSG-26548]
Action.c(22): web_url("GetAccount") was successful, 50 body bytes, 132 header bytes  	[MsgId: MMSG-26386]
Action.c(30): Notify: Transaction "WS08_00_Get_AccountByCustomerID" ended with a "Pass" status (Duration: 0.4796 Wasted Time: 0.2093).
Action.c(65): Notify: Transaction "WS08_01_GetGroups" started.
Action.c(67): web_add_header("Authorization") started  	[MsgId: MMSG-26355]
Action.c(67): Warning -26593: The header being added may cause unpredictable results when applied to all ensuing URLs. It is added anyway  	[MsgId: MWAR-26593]
Action.c(67): web_add_header("Authorization") highest severity level was "warning"  	[MsgId: MMSG-26391]
Action.c(69): web_reg_save_param started  	[MsgId: MMSG-26355]
Action.c(69): Registering web_reg_save_param was successful  	[MsgId: MMSG-26390]
Action.c(71): web_reg_save_param started  	[MsgId: MMSG-26355]
Action.c(71): Registering web_reg_save_param was successful  	[MsgId: MMSG-26390]
Action.c(72): web_reg_save_param started  	[MsgId: MMSG-26355]
Action.c(72): Registering web_reg_save_param was successful  	[MsgId: MMSG-26390]
Action.c(74): web_url("GetGroups") started  	[MsgId: MMSG-26355]
Action.c(74): HTML parsing not performed for Content-Type "application/json" ("ParseHtmlContentType" Run-Time Setting is "TEXT"). URL="http://internal-qa-uom-services-private-elb-306417685.us-east-1.elb.amazonaws.com:80/groups"  	[MsgId: MMSG-26548]
Action.c(74): web_url("GetGroups") was successful, 334 body bytes, 180 header bytes  	[MsgId: MMSG-26386]
Action.c(82): Notify: Transaction "WS08_01_GetGroups" ended with a "Pass" status (Duration: 0.2361 Wasted Time: 0.0089).
Action.c(147): web_add_header("Authorization") started  	[MsgId: MMSG-26355]
Action.c(147): Warning -26593: The header being added may cause unpredictable results when applied to all ensuing URLs. It is added anyway  	[MsgId: MWAR-26593]
Action.c(147): web_add_header("Authorization") highest severity level was "warning"  	[MsgId: MMSG-26391]
Action.c(149): web_reg_save_param started  	[MsgId: MMSG-26355]
Action.c(149): Registering web_reg_save_param was successful  	[MsgId: MMSG-26390]
Action.c(150): web_reg_save_param started  	[MsgId: MMSG-26355]
Action.c(150): Registering web_reg_save_param was successful  	[MsgId: MMSG-26390]
Action.c(151): web_reg_save_param started  	[MsgId: MMSG-26355]
Action.c(151): Registering web_reg_save_param was successful  	[MsgId: MMSG-26390]
Action.c(153): web_url("InventoriesListforanAccount") started  	[MsgId: MMSG-26355]
Action.c(153): HTML parsing not performed for Content-Type "application/json" ("ParseHtmlContentType" Run-Time Setting is "TEXT"). URL="http://internal-qa-uom-services-private-elb-306417685.us-east-1.elb.amazonaws.com:80/inventories"  	[MsgId: MMSG-26548]
Action.c(153): web_url("InventoriesListforanAccount") was successful, 101 body bytes, 133 header bytes  	[MsgId: MMSG-26386]
Action.c(168): Not Looped into Create Invetory
Ending action Action.
Ending iteration 1.
Ending Vuser...
Starting action vuser_end.
Ending action vuser_end.
Vuser Terminated.
Vuser 0 (thread 10076), ended OK."
