Start auto log messages stack - Iteration 1.	[MsgId: MMSG-10545]
Action.c(14): web_reg_save_param started  	[MsgId: MMSG-26355]
Action.c(14): Registering web_reg_save_param was successful  	[MsgId: MMSG-26390]
Action.c(16): web_reg_save_param started  	[MsgId: MMSG-26355]
Action.c(16): Registering web_reg_save_param was successful  	[MsgId: MMSG-26390]
Action.c(26): Notify: Transaction "Login" started.	[MsgId: MMSG-16999]
Action.c(30): web_add_header("Origin") started  	[MsgId: MMSG-26355]
Action.c(30): web_add_header("Origin") was successful  	[MsgId: MMSG-26392]
Action.c(31): web_reg_find started  	[MsgId: MMSG-26355]
Action.c(31): Registering web_reg_find was successful  	[MsgId: MMSG-26390]
Action.c(33): web_custom_request("login_2") started  	[MsgId: MMSG-26355]
Action.c(33): Error -27794: Failed to connect to server "corppx.sysco.com:443": [10061] Connection refused  	[MsgId: MERR-27794]
End auto log messages stack.	[MsgId: MMSG-10544]


Start auto log messages stack - Iteration 1.	[MsgId: MMSG-10545]
Action.c(33): Warning -26377: No match found for the requested parameter "Corr_CustomerID". Check whether the requested boundaries exist in the response data. Also, if the data you want to save exceeds 256 bytes, use web_set_max_html_param_len to increase the parameter size  	[MsgId: MWAR-26377]
Action.c(33): Warning -26377: No match found for the requested parameter "Corr_OpCO". Check whether the requested boundaries exist in the response data. Also, if the data you want to save exceeds 256 bytes, use web_set_max_html_param_len to increase the parameter size  	[MsgId: MWAR-26377]
Action.c(33): Error -26366: "Text=locations" not found for web_reg_find  	[MsgId: MERR-26366]
Action.c(33): Error -26374: The above "not found" error(s) may be explained by header and body byte counts being 0 and 0, respectively.  	[MsgId: MERR-26374]
End auto log messages stack.	[MsgId: MMSG-10544]


Start auto log messages stack - Iteration 1.	[MsgId: MMSG-10545]
Action.c(14): web_reg_save_param started  	[MsgId: MMSG-26355]
Action.c(14): Registering web_reg_save_param was successful  	[MsgId: MMSG-26390]
Action.c(16): web_reg_save_param started  	[MsgId: MMSG-26355]
Action.c(16): Registering web_reg_save_param was successful  	[MsgId: MMSG-26390]
Action.c(26): Notify: Transaction "Login" started.	[MsgId: MMSG-16999]
Action.c(30): web_add_header("Origin") started  	[MsgId: MMSG-26355]
Action.c(30): web_add_header("Origin") was successful  	[MsgId: MMSG-26392]
Action.c(31): web_reg_find started  	[MsgId: MMSG-26355]
Action.c(31): Registering web_reg_find was successful  	[MsgId: MMSG-26390]
Action.c(33): web_custom_request("login_2") started  	[MsgId: MMSG-26355]
Action.c(33): Error -27794: Failed to connect to server "corppx.sysco.com:443": [10061] Connection refused  	[MsgId: MERR-27794]
End auto log messages stack.	[MsgId: MMSG-10544]


Start auto log messages stack - Iteration 1.	[MsgId: MMSG-10545]
Action.c(33): Warning -26377: No match found for the requested parameter "Corr_CustomerID". Check whether the requested boundaries exist in the response data. Also, if the data you want to save exceeds 256 bytes, use web_set_max_html_param_len to increase the parameter size  	[MsgId: MWAR-26377]
Action.c(33): Warning -26377: No match found for the requested parameter "Corr_OpCO". Check whether the requested boundaries exist in the response data. Also, if the data you want to save exceeds 256 bytes, use web_set_max_html_param_len to increase the parameter size  	[MsgId: MWAR-26377]
Action.c(33): Error -26366: "Text=locations" not found for web_reg_find  	[MsgId: MERR-26366]
Action.c(33): Error -26374: The above "not found" error(s) may be explained by header and body byte counts being 0 and 0, respectively.  	[MsgId: MERR-26374]
End auto log messages stack.	[MsgId: MMSG-10544]


Start auto log messages stack - Iteration 1.	[MsgId: MMSG-10545]
Action.c(14): web_reg_save_param started  	[MsgId: MMSG-26355]
Action.c(14): Registering web_reg_save_param was successful  	[MsgId: MMSG-26390]
Action.c(16): web_reg_save_param started  	[MsgId: MMSG-26355]
Action.c(16): Registering web_reg_save_param was successful  	[MsgId: MMSG-26390]
Action.c(26): Notify: Transaction "Login" started.	[MsgId: MMSG-16999]
Action.c(30): web_add_header("Origin") started  	[MsgId: MMSG-26355]
Action.c(30): web_add_header("Origin") was successful  	[MsgId: MMSG-26392]
Action.c(31): web_reg_find started  	[MsgId: MMSG-26355]
Action.c(31): Registering web_reg_find was successful  	[MsgId: MMSG-26390]
Action.c(33): web_custom_request("login_2") started  	[MsgId: MMSG-26355]
Action.c(33): Error -27794: Failed to connect to server "corppx.sysco.com:443": [10061] Connection refused  	[MsgId: MERR-27794]
Start auto log messages stack - Iteration 1.	[MsgId: MMSG-10545]
End auto log messages stack.	[MsgId: MMSG-10544]


Start auto log messages stack - Iteration 1.	[MsgId: MMSG-10545]
Action.c(33): Warning -26377: No match found for the requested parameter "Corr_CustomerID". Check whether the requested boundaries exist in the response data. Also, if the data you want to save exceeds 256 bytes, use web_set_max_html_param_len to increase the parameter size  	[MsgId: MWAR-26377]
Action.c(33): Warning -26377: No match found for the requested parameter "Corr_OpCO". Check whether the requested boundaries exist in the response data. Also, if the data you want to save exceeds 256 bytes, use web_set_max_html_param_len to increase the parameter size  	[MsgId: MWAR-26377]
Action.c(33): Error -26366: "Text=locations" not found for web_reg_find  	[MsgId: MERR-26366]
Action.c(33): Error -26374: The above "not found" error(s) may be explained by header and body byte counts being 0 and 0, respectively.  	[MsgId: MERR-26374]
End auto log messages stack.	[MsgId: MMSG-10544]


Action.c(14): web_reg_save_param started  	[MsgId: MMSG-26355]
Action.c(14): Registering web_reg_save_param was successful  	[MsgId: MMSG-26390]
Action.c(16): web_reg_save_param started  	[MsgId: MMSG-26355]
Action.c(16): Registering web_reg_save_param was successful  	[MsgId: MMSG-26390]
Action.c(26): Notify: Transaction "Login" started.	[MsgId: MMSG-16999]
Action.c(30): web_add_header("Origin") started  	[MsgId: MMSG-26355]
Action.c(30): web_add_header("Origin") was successful  	[MsgId: MMSG-26392]
Action.c(31): web_reg_find started  	[MsgId: MMSG-26355]
Action.c(31): Registering web_reg_find was successful  	[MsgId: MMSG-26390]
Action.c(33): web_custom_request("login_2") started  	[MsgId: MMSG-26355]
Action.c(33): Error -27794: Failed to connect to server "corppx.sysco.com:443": [10061] Connection refused  	[MsgId: MERR-27794]
End auto log messages stack.	[MsgId: MMSG-10544]


Start auto log messages stack - Iteration 1.	[MsgId: MMSG-10545]
Action.c(33): Warning -26377: No match found for the requested parameter "Corr_CustomerID". Check whether the requested boundaries exist in the response data. Also, if the data you want to save exceeds 256 bytes, use web_set_max_html_param_len to increase the parameter size  	[MsgId: MWAR-26377]
Action.c(33): Warning -26377: No match found for the requested parameter "Corr_OpCO". Check whether the requested boundaries exist in the response data. Also, if the data you want to save exceeds 256 bytes, use web_set_max_html_param_len to increase the parameter size  	[MsgId: MWAR-26377]
Action.c(33): Error -26366: "Text=locations" not found for web_reg_find  	[MsgId: MERR-26366]
Action.c(33): Error -26374: The above "not found" error(s) may be explained by header and body byte counts being 0 and 0, respectively.  	[MsgId: MERR-26374]
End auto log messages stack.	[MsgId: MMSG-10544]


Start auto log messages stack - Iteration 1.	[MsgId: MMSG-10545]
Action.c(14): web_reg_save_param started  	[MsgId: MMSG-26355]
Action.c(14): Registering web_reg_save_param was successful  	[MsgId: MMSG-26390]
Action.c(16): web_reg_save_param started  	[MsgId: MMSG-26355]
Action.c(16): Registering web_reg_save_param was successful  	[MsgId: MMSG-26390]
Action.c(26): Notify: Transaction "Login" started.	[MsgId: MMSG-16999]
Action.c(30): web_add_header("Origin") started  	[MsgId: MMSG-26355]
Action.c(30): web_add_header("Origin") was successful  	[MsgId: MMSG-26392]
Action.c(31): web_reg_find started  	[MsgId: MMSG-26355]
Action.c(31): Registering web_reg_find was successful  	[MsgId: MMSG-26390]
Action.c(33): web_custom_request("login_2") started  	[MsgId: MMSG-26355]
Action.c(33): Error -27794: Failed to connect to server "corppx.sysco.com:443": [10061] Connection refused  	[MsgId: MERR-27794]
End auto log messages stack.	[MsgId: MMSG-10544]


Start auto log messages stack - Iteration 1.	[MsgId: MMSG-10545]
Action.c(33): Warning -26377: No match found for the requested parameter "Corr_CustomerID". Check whether the requested boundaries exist in the response data. Also, if the data you want to save exceeds 256 bytes, use web_set_max_html_param_len to increase the parameter size  	[MsgId: MWAR-26377]
Action.c(33): Warning -26377: No match found for the requested parameter "Corr_OpCO". Check whether the requested boundaries exist in the response data. Also, if the data you want to save exceeds 256 bytes, use web_set_max_html_param_len to increase the parameter size  	[MsgId: MWAR-26377]
Action.c(33): Error -26366: "Text=locations" not found for web_reg_find  	[MsgId: MERR-26366]
Action.c(33): Error -26374: The above "not found" error(s) may be explained by header and body byte counts being 0 and 0, respectively.  	[MsgId: MERR-26374]
End auto log messages stack.	[MsgId: MMSG-10544]


Start auto log messages stack - Iteration 1.	[MsgId: MMSG-10545]
Action.c(14): web_reg_save_param started  	[MsgId: MMSG-26355]
Action.c(14): Registering web_reg_save_param was successful  	[MsgId: MMSG-26390]
Action.c(16): web_reg_save_param started  	[MsgId: MMSG-26355]
Action.c(16): Registering web_reg_save_param was successful  	[MsgId: MMSG-26390]
Action.c(26): Notify: Transaction "Login" started.	[MsgId: MMSG-16999]
Action.c(30): web_add_header("Origin") started  	[MsgId: MMSG-26355]
Action.c(30): web_add_header("Origin") was successful  	[MsgId: MMSG-26392]
Action.c(31): web_reg_find started  	[MsgId: MMSG-26355]
Action.c(31): Registering web_reg_find was successful  	[MsgId: MMSG-26390]
Action.c(33): web_custom_request("login_2") started  	[MsgId: MMSG-26355]
Action.c(33): Error -27794: Failed to connect to server "corppx.sysco.com:443": [10061] Connection refused  	[MsgId: MERR-27794]
End auto log messages stack.	[MsgId: MMSG-10544]


Start auto log messages stack - Iteration 1.	[MsgId: MMSG-10545]
Action.c(33): Warning -26377: No match found for the requested parameter "Corr_CustomerID". Check whether the requested boundaries exist in the response data. Also, if the data you want to save exceeds 256 bytes, use web_set_max_html_param_len to increase the parameter size  	[MsgId: MWAR-26377]
Action.c(33): Warning -26377: No match found for the requested parameter "Corr_OpCO". Check whether the requested boundaries exist in the response data. Also, if the data you want to save exceeds 256 bytes, use web_set_max_html_param_len to increase the parameter size  	[MsgId: MWAR-26377]
Action.c(33): Error -26366: "Text=locations" not found for web_reg_find  	[MsgId: MERR-26366]
Action.c(33): Error -26374: The above "not found" error(s) may be explained by header and body byte counts being 0 and 0, respectively.  	[MsgId: MERR-26374]
End auto log messages stack.	[MsgId: MMSG-10544]


Start auto log messages stack - Iteration 2.	[MsgId: MMSG-10545]
Action.c(14): web_reg_save_param started  	[MsgId: MMSG-26355]
Action.c(14): Registering web_reg_save_param was successful  	[MsgId: MMSG-26390]
Action.c(16): web_reg_save_param started  	[MsgId: MMSG-26355]
Action.c(16): Registering web_reg_save_param was successful  	[MsgId: MMSG-26390]
Action.c(26): Notify: Transaction "Login" started.	[MsgId: MMSG-16999]
Action.c(30): web_add_header("Origin") started  	[MsgId: MMSG-26355]
Action.c(30): web_add_header("Origin") was successful  	[MsgId: MMSG-26392]
Action.c(31): web_reg_find started  	[MsgId: MMSG-26355]
Action.c(31): Registering web_reg_find was successful  	[MsgId: MMSG-26390]
Action.c(33): web_custom_request("login_2") started  	[MsgId: MMSG-26355]
Action.c(33): Error -27794: Failed to connect to server "corppx.sysco.com:443": [10061] Connection refused  	[MsgId: MERR-27794]
End auto log messages stack.	[MsgId: MMSG-10544]


Start auto log messages stack - Iteration 2.	[MsgId: MMSG-10545]
Action.c(33): Warning -26377: No match found for the requested parameter "Corr_CustomerID". Check whether the requested boundaries exist in the response data. Also, if the data you want to save exceeds 256 bytes, use web_set_max_html_param_len to increase the parameter size  	[MsgId: MWAR-26377]
Action.c(33): Warning -26377: No match found for the requested parameter "Corr_OpCO". Check whether the requested boundaries exist in the response data. Also, if the data you want to save exceeds 256 bytes, use web_set_max_html_param_len to increase the parameter size  	[MsgId: MWAR-26377]
Action.c(33): Error -26366: "Text=locations" not found for web_reg_find  	[MsgId: MERR-26366]
Action.c(33): Error -26374: The above "not found" error(s) may be explained by header and body byte counts being 0 and 0, respectively.  	[MsgId: MERR-26374]
End auto log messages stack.	[MsgId: MMSG-10544]


Start auto log messages stack - Iteration 2.	[MsgId: MMSG-10545]
Action.c(14): web_reg_save_param started  	[MsgId: MMSG-26355]
Action.c(14): Registering web_reg_save_param was successful  	[MsgId: MMSG-26390]
Action.c(16): web_reg_save_param started  	[MsgId: MMSG-26355]
Action.c(16): Registering web_reg_save_param was successful  	[MsgId: MMSG-26390]
Action.c(26): Notify: Transaction "Login" started.	[MsgId: MMSG-16999]
Action.c(30): web_add_header("Origin") started  	[MsgId: MMSG-26355]
Action.c(30): web_add_header("Origin") was successful  	[MsgId: MMSG-26392]
Action.c(31): web_reg_find started  	[MsgId: MMSG-26355]
Action.c(31): Registering web_reg_find was successful  	[MsgId: MMSG-26390]
Action.c(33): web_custom_request("login_2") started  	[MsgId: MMSG-26355]
Action.c(33): Error -27794: Failed to connect to server "corppx.sysco.com:443": [10061] Connection refused  	[MsgId: MERR-27794]
End auto log messages stack.	[MsgId: MMSG-10544]


Start auto log messages stack - Iteration 2.	[MsgId: MMSG-10545]
Action.c(33): Warning -26377: No match found for the requested parameter "Corr_CustomerID". Check whether the requested boundaries exist in the response data. Also, if the data you want to save exceeds 256 bytes, use web_set_max_html_param_len to increase the parameter size  	[MsgId: MWAR-26377]
Action.c(33): Warning -26377: No match found for the requested parameter "Corr_OpCO". Check whether the requested boundaries exist in the response data. Also, if the data you want to save exceeds 256 bytes, use web_set_max_html_param_len to increase the parameter size  	[MsgId: MWAR-26377]
Action.c(33): Error -26366: "Text=locations" not found for web_reg_find  	[MsgId: MERR-26366]
Action.c(33): Error -26374: The above "not found" error(s) may be explained by header and body byte counts being 0 and 0, respectively.  	[MsgId: MERR-26374]
End auto log messages stack.	[MsgId: MMSG-10544]


Start auto log messages stack - Iteration 2.	[MsgId: MMSG-10545]
Action.c(14): web_reg_save_param started  	[MsgId: MMSG-26355]
Action.c(14): Registering web_reg_save_param was successful  	[MsgId: MMSG-26390]
Action.c(16): web_reg_save_param started  	[MsgId: MMSG-26355]
Action.c(16): Registering web_reg_save_param was successful  	[MsgId: MMSG-26390]
Action.c(26): Notify: Transaction "Login" started.	[MsgId: MMSG-16999]
Action.c(30): web_add_header("Origin") started  	[MsgId: MMSG-26355]
Action.c(30): web_add_header("Origin") was successful  	[MsgId: MMSG-26392]
Action.c(31): web_reg_find started  	[MsgId: MMSG-26355]
Action.c(31): Registering web_reg_find was successful  	[MsgId: MMSG-26390]
Action.c(33): web_custom_request("login_2") started  	[MsgId: MMSG-26355]
Action.c(33): Error -27794: Failed to connect to server "corppx.sysco.com:443": [10061] Connection refused  	[MsgId: MERR-27794]
End auto log messages stack.	[MsgId: MMSG-10544]


Start auto log messages stack - Iteration 2.	[MsgId: MMSG-10545]
Action.c(33): Warning -26377: No match found for the requested parameter "Corr_CustomerID". Check whether the requested boundaries exist in the response data. Also, if the data you want to save exceeds 256 bytes, use web_set_max_html_param_len to increase the parameter size  	[MsgId: MWAR-26377]
Action.c(33): Warning -26377: No match found for the requested parameter "Corr_OpCO". Check whether the requested boundaries exist in the response data. Also, if the data you want to save exceeds 256 bytes, use web_set_max_html_param_len to increase the parameter size  	[MsgId: MWAR-26377]
Action.c(33): Error -26366: "Text=locations" not found for web_reg_find  	[MsgId: MERR-26366]
Action.c(33): Error -26374: The above "not found" error(s) may be explained by header and body byte counts being 0 and 0, respectively.  	[MsgId: MERR-26374]
End auto log messages stack.	[MsgId: MMSG-10544]


Start auto log messages stack - Iteration 2.	[MsgId: MMSG-10545]
Action.c(14): web_reg_save_param started  	[MsgId: MMSG-26355]
Action.c(14): Registering web_reg_save_param was successful  	[MsgId: MMSG-26390]
Action.c(16): web_reg_save_param started  	[MsgId: MMSG-26355]
Action.c(16): Registering web_reg_save_param was successful  	[MsgId: MMSG-26390]
Action.c(26): Notify: Transaction "Login" started.	[MsgId: MMSG-16999]
Action.c(30): web_add_header("Origin") started  	[MsgId: MMSG-26355]
Action.c(30): web_add_header("Origin") was successful  	[MsgId: MMSG-26392]
Action.c(31): web_reg_find started  	[MsgId: MMSG-26355]
Action.c(31): Registering web_reg_find was successful  	[MsgId: MMSG-26390]
Action.c(33): web_custom_request("login_2") started  	[MsgId: MMSG-26355]
Action.c(33): Error -27794: Failed to connect to server "corppx.sysco.com:443": [10061] Connection refused  	[MsgId: MERR-27794]
End auto log messages stack.	[MsgId: MMSG-10544]


Start auto log messages stack - Iteration 2.	[MsgId: MMSG-10545]
Action.c(33): Warning -26377: No match found for the requested parameter "Corr_CustomerID". Check whether the requested boundaries exist in the response data. Also, if the data you want to save exceeds 256 bytes, use web_set_max_html_param_len to increase the parameter size  	[MsgId: MWAR-26377]
Action.c(33): Warning -26377: No match found for the requested parameter "Corr_OpCO". Check whether the requested boundaries exist in the response data. Also, if the data you want to save exceeds 256 bytes, use web_set_max_html_param_len to increase the parameter size  	[MsgId: MWAR-26377]
Action.c(33): Error -26366: "Text=locations" not found for web_reg_find  	[MsgId: MERR-26366]
Action.c(33): Error -26374: The above "not found" error(s) may be explained by header and body byte counts being 0 and 0, respectively.  	[MsgId: MERR-26374]
End auto log messages stack.	[MsgId: MMSG-10544]


