Virtual User Script started at : 5/3/2016 12:00:57 PM	[MsgId: MMSG-15967]
Starting action vuser_init.	[MsgId: MMSG-15919]
Ending action vuser_init.	[MsgId: MMSG-15918]
Running Vuser...	[MsgId: MMSG-15964]
Starting iteration 1.	[MsgId: MMSG-15968]
Maximum number of concurrent connections per server: 6  	[MsgId: MMSG-26989]
Starting action Action.	[MsgId: MMSG-15919]
Action.c(11): web_set_sockets_option started  	[MsgId: MMSG-26355]
Action.c(11): web_set_sockets_option was successful  	[MsgId: MMSG-26392]
Action.c(14): web_reg_save_param started  	[MsgId: MMSG-26355]
Action.c(14): Registering web_reg_save_param was successful  	[MsgId: MMSG-26390]
Action.c(16): web_reg_save_param started  	[MsgId: MMSG-26355]
Action.c(16): Registering web_reg_save_param was successful  	[MsgId: MMSG-26390]
Action.c(26): Notify: Transaction "Login" started.	[MsgId: MMSG-16999]
Action.c(30): web_add_header("Origin") started  	[MsgId: MMSG-26355]
Action.c(30): web_add_header("Origin") was successful  	[MsgId: MMSG-26392]
Action.c(31): web_reg_find started  	[MsgId: MMSG-26355]
Action.c(31): Registering web_reg_find was successful  	[MsgId: MMSG-26390]
Action.c(33): web_custom_request("login_2") started  	[MsgId: MMSG-26355]
Action.c(33): Registered web_reg_find successful for "Text=locations" (count=1)  	[MsgId: MMSG-26364]
Action.c(33): web_custom_request("login_2") was successful, 476 body bytes, 1194 header bytes  	[MsgId: MMSG-26386]
Action.c(46): web_get_int_property started  	[MsgId: MMSG-26355]
Action.c(46): web_get_int_property was successful  	[MsgId: MMSG-26392]
The script successfully completed login	[MsgId: MMSG-17999]
Action.c(51): Notify: Transaction "Login" ended with a "Pass" status (Duration: 6.8347 Wasted Time: 1.0742).	[MsgId: MMSG-16871]
Action.c(51): lr_think_time: 30.00 seconds.	[MsgId: MMSG-15948]
Virtual User Script started at : 5/3/2016 12:01:11 PM	[MsgId: MMSG-15967]
Starting action vuser_init.	[MsgId: MMSG-15919]
Ending action vuser_init.	[MsgId: MMSG-15918]
Running Vuser...	[MsgId: MMSG-15964]
Starting iteration 1.	[MsgId: MMSG-15968]
Maximum number of concurrent connections per server: 6  	[MsgId: MMSG-26989]
Starting action Action.	[MsgId: MMSG-15919]
Action.c(11): web_set_sockets_option started  	[MsgId: MMSG-26355]
Action.c(11): web_set_sockets_option was successful  	[MsgId: MMSG-26392]
Action.c(14): web_reg_save_param started  	[MsgId: MMSG-26355]
Action.c(14): Registering web_reg_save_param was successful  	[MsgId: MMSG-26390]
Action.c(16): web_reg_save_param started  	[MsgId: MMSG-26355]
Action.c(16): Registering web_reg_save_param was successful  	[MsgId: MMSG-26390]
Action.c(26): Notify: Transaction "Login" started.	[MsgId: MMSG-16999]
Action.c(30): web_add_header("Origin") started  	[MsgId: MMSG-26355]
Action.c(30): web_add_header("Origin") was successful  	[MsgId: MMSG-26392]
Action.c(31): web_reg_find started  	[MsgId: MMSG-26355]
Action.c(31): Registering web_reg_find was successful  	[MsgId: MMSG-26390]
Action.c(33): web_custom_request("login_2") started  	[MsgId: MMSG-26355]
Action.c(33): Registered web_reg_find successful for "Text=locations" (count=1)  	[MsgId: MMSG-26364]
Action.c(33): web_custom_request("login_2") was successful, 476 body bytes, 1194 header bytes  	[MsgId: MMSG-26386]
Action.c(46): web_get_int_property started  	[MsgId: MMSG-26355]
Action.c(46): web_get_int_property was successful  	[MsgId: MMSG-26392]
The script successfully completed login	[MsgId: MMSG-17999]
Action.c(51): Notify: Transaction "Login" ended with a "Pass" status (Duration: 4.7619 Wasted Time: 0.0012).	[MsgId: MMSG-16871]
Action.c(51): lr_think_time: 30.00 seconds.	[MsgId: MMSG-15948]
Virtual User Script started at : 5/3/2016 12:01:27 PM	[MsgId: MMSG-15967]
Starting action vuser_init.	[MsgId: MMSG-15919]
Ending action vuser_init.	[MsgId: MMSG-15918]
Running Vuser...	[MsgId: MMSG-15964]
Virtual User Script started at : 5/3/2016 12:01:27 PM	[MsgId: MMSG-15967]
Starting action vuser_init.	[MsgId: MMSG-15919]
Ending action vuser_init.	[MsgId: MMSG-15918]
Running Vuser...	[MsgId: MMSG-15964]
Starting iteration 1.	[MsgId: MMSG-15968]
Maximum number of concurrent connections per server: 6  	[MsgId: MMSG-26989]
Starting action Action.	[MsgId: MMSG-15919]
Action.c(11): web_set_sockets_option started  	[MsgId: MMSG-26355]
Action.c(11): web_set_sockets_option was successful  	[MsgId: MMSG-26392]
Action.c(14): web_reg_save_param started  	[MsgId: MMSG-26355]
Action.c(14): Registering web_reg_save_param was successful  	[MsgId: MMSG-26390]
Action.c(16): web_reg_save_param started  	[MsgId: MMSG-26355]
Action.c(16): Registering web_reg_save_param was successful  	[MsgId: MMSG-26390]
Action.c(26): Notify: Transaction "Login" started.	[MsgId: MMSG-16999]
Action.c(30): web_add_header("Origin") started  	[MsgId: MMSG-26355]
Action.c(30): web_add_header("Origin") was successful  	[MsgId: MMSG-26392]
Action.c(31): web_reg_find started  	[MsgId: MMSG-26355]
Action.c(31): Registering web_reg_find was successful  	[MsgId: MMSG-26390]
Action.c(33): web_custom_request("login_2") started  	[MsgId: MMSG-26355]
Starting iteration 1.	[MsgId: MMSG-15968]
Maximum number of concurrent connections per server: 6  	[MsgId: MMSG-26989]
Starting action Action.	[MsgId: MMSG-15919]
Action.c(11): web_set_sockets_option started  	[MsgId: MMSG-26355]
Action.c(11): web_set_sockets_option was successful  	[MsgId: MMSG-26392]
Action.c(14): web_reg_save_param started  	[MsgId: MMSG-26355]
Action.c(14): Registering web_reg_save_param was successful  	[MsgId: MMSG-26390]
Action.c(16): web_reg_save_param started  	[MsgId: MMSG-26355]
Action.c(16): Registering web_reg_save_param was successful  	[MsgId: MMSG-26390]
Action.c(26): Notify: Transaction "Login" started.	[MsgId: MMSG-16999]
Action.c(30): web_add_header("Origin") started  	[MsgId: MMSG-26355]
Action.c(30): web_add_header("Origin") was successful  	[MsgId: MMSG-26392]
Action.c(31): web_reg_find started  	[MsgId: MMSG-26355]
Action.c(31): Registering web_reg_find was successful  	[MsgId: MMSG-26390]
Action.c(33): web_custom_request("login_2") started  	[MsgId: MMSG-26355]
Action.c(33): Registered web_reg_find successful for "Text=locations" (count=1)  	[MsgId: MMSG-26364]
Action.c(33): web_custom_request("login_2") was successful, 460 body bytes, 1194 header bytes  	[MsgId: MMSG-26386]
Action.c(46): web_get_int_property started  	[MsgId: MMSG-26355]
Action.c(46): web_get_int_property was successful  	[MsgId: MMSG-26392]
The script successfully completed login	[MsgId: MMSG-17999]
Action.c(51): Notify: Transaction "Login" ended with a "Pass" status (Duration: 2.3930 Wasted Time: 0.0011).	[MsgId: MMSG-16871]
Action.c(51): lr_think_time: 30.00 seconds.	[MsgId: MMSG-15948]
Action.c(33): Registered web_reg_find successful for "Text=locations" (count=1)  	[MsgId: MMSG-26364]
Action.c(33): web_custom_request("login_2") was successful, 452 body bytes, 1194 header bytes  	[MsgId: MMSG-26386]
Action.c(46): web_get_int_property started  	[MsgId: MMSG-26355]
Action.c(46): web_get_int_property was successful  	[MsgId: MMSG-26392]
The script successfully completed login	[MsgId: MMSG-17999]
Action.c(51): Notify: Transaction "Login" ended with a "Pass" status (Duration: 2.6630 Wasted Time: 0.0011).	[MsgId: MMSG-16871]
Action.c(51): lr_think_time: 30.00 seconds.	[MsgId: MMSG-15948]
Action.c(55): Notify: Transaction "create location" started.	[MsgId: MMSG-16999]
Action.c(57): web_add_header("Authorization") started  	[MsgId: MMSG-26355]
Action.c(57): Warning -26593: The header being added may cause unpredictable results when applied to all ensuing URLs. It is added anyway  	[MsgId: MWAR-26593]
Action.c(57): web_add_header("Authorization") highest severity level was "warning"  	[MsgId: MMSG-26391]
Action.c(58): web_reg_save_param started  	[MsgId: MMSG-26355]
Action.c(58): Registering web_reg_save_param was successful  	[MsgId: MMSG-26390]
Action.c(59): web_reg_find started  	[MsgId: MMSG-26355]
Action.c(59): Registering web_reg_find was successful  	[MsgId: MMSG-26390]
Action.c(61): web_custom_request("groups") started  	[MsgId: MMSG-26355]
Action.c(61): Registered web_reg_find successful for "Text=location" (count=1)  	[MsgId: MMSG-26364]
Action.c(61): web_custom_request("groups") was successful, 145 body bytes, 281 header bytes  	[MsgId: MMSG-26386]
Action.c(76): web_get_int_property started  	[MsgId: MMSG-26355]
Action.c(76): web_get_int_property was successful  	[MsgId: MMSG-26392]
The script successfully created location	[MsgId: MMSG-17999]
Action.c(80): Notify: Transaction "create location" ended with a "Pass" status (Duration: 0.0898 Wasted Time: 0.0000).	[MsgId: MMSG-16871]
Action.c(80): lr_think_time: 30.00 seconds.	[MsgId: MMSG-15948]
Abort was called from an action.	[MsgId: MMSG-10447]
Ending Vuser...	[MsgId: MMSG-15966]
Starting action vuser_end.	[MsgId: MMSG-15919]
Ending action vuser_end.	[MsgId: MMSG-15918]
Vuser Terminated.	[MsgId: MMSG-15963]
Abort was called from an action.	[MsgId: MMSG-10447]
Ending Vuser...	[MsgId: MMSG-15966]
Starting action vuser_end.	[MsgId: MMSG-15919]
Ending action vuser_end.	[MsgId: MMSG-15918]
Vuser Terminated.	[MsgId: MMSG-15963]
Abort was called from an action.	[MsgId: MMSG-10447]
Ending Vuser...	[MsgId: MMSG-15966]
Starting action vuser_end.	[MsgId: MMSG-15919]
Ending action vuser_end.	[MsgId: MMSG-15918]
Vuser Terminated.	[MsgId: MMSG-15963]
Abort was called from an action.	[MsgId: MMSG-10447]
Ending Vuser...	[MsgId: MMSG-15966]
Starting action vuser_end.	[MsgId: MMSG-15919]
Ending action vuser_end.	[MsgId: MMSG-15918]
Vuser Terminated.	[MsgId: MMSG-15963]
