Action.c(124): Continuing after Error -26366: "Text=location" not found for web_reg_find  	[MsgId: MERR-26366]
Action.c(355):  Deleted 	[MsgId: MMSG-17999]
Action.c(355):  Deleted 	[MsgId: MMSG-17999]
Action.c(355):  Deleted 	[MsgId: MMSG-17999]
Action.c(124): Continuing after Error -26366: "Text=location" not found for web_reg_find  	[MsgId: MERR-26366]
Action.c(355):  Deleted 	[MsgId: MMSG-17999]
Action.c(355):  Deleted 	[MsgId: MMSG-17999]
Action.c(355):  Deleted 	[MsgId: MMSG-17999]
Action.c(355):  Deleted 	[MsgId: MMSG-17999]
Action.c(355):  Deleted 	[MsgId: MMSG-17999]
Action.c(355):  Deleted 	[MsgId: MMSG-17999]
Action.c(124): Continuing after Error -26366: "Text=location" not found for web_reg_find  	[MsgId: MERR-26366]
Action.c(355):  Deleted 	[MsgId: MMSG-17999]
Action.c(355):  Deleted 	[MsgId: MMSG-17999]
Action.c(355):  Deleted 	[MsgId: MMSG-17999]
Action.c(355):  Deleted 	[MsgId: MMSG-17999]
Action.c(355):  Deleted 	[MsgId: MMSG-17999]
Action.c(355):  Deleted 	[MsgId: MMSG-17999]
Action.c(355):  Deleted 	[MsgId: MMSG-17999]
Action.c(355):  Deleted 	[MsgId: MMSG-17999]
Action.c(355):  Deleted 	[MsgId: MMSG-17999]
Action.c(355):  Deleted 	[MsgId: MMSG-17999]
Action.c(355):  Deleted 	[MsgId: MMSG-17999]
Action.c(355):  Deleted 	[MsgId: MMSG-17999]
Action.c(124): Continuing after Error -26366: "Text=location" not found for web_reg_find  	[MsgId: MERR-26366]
Action.c(355):  Deleted 	[MsgId: MMSG-17999]
Action.c(355):  Deleted 	[MsgId: MMSG-17999]
Action.c(124): Continuing after Error -26366: "Text=location" not found for web_reg_find  	[MsgId: MERR-26366]
Action.c(355):  Deleted 	[MsgId: MMSG-17999]
Action.c(355):  Deleted 	[MsgId: MMSG-17999]
Action.c(355):  Deleted 	[MsgId: MMSG-17999]
Action.c(355):  Deleted 	[MsgId: MMSG-17999]
Action.c(355):  Deleted 	[MsgId: MMSG-17999]
Action.c(355):  Deleted 	[MsgId: MMSG-17999]
Action.c(355):  Deleted 	[MsgId: MMSG-17999]
Action.c(355):  Deleted 	[MsgId: MMSG-17999]
Action.c(355):  Deleted 	[MsgId: MMSG-17999]
Action.c(355):  Deleted 	[MsgId: MMSG-17999]
Action.c(124): Continuing after Error -26366: "Text=location" not found for web_reg_find  	[MsgId: MERR-26366]
Action.c(355):  Deleted 	[MsgId: MMSG-17999]
Action.c(355):  Deleted 	[MsgId: MMSG-17999]
Action.c(124): Continuing after Error -26366: "Text=location" not found for web_reg_find  	[MsgId: MERR-26366]
Action.c(355):  Deleted 	[MsgId: MMSG-17999]
Action.c(355):  Deleted 	[MsgId: MMSG-17999]
Action.c(124): Continuing after Error -26366: "Text=location" not found for web_reg_find  	[MsgId: MERR-26366]
Action.c(355):  Deleted 	[MsgId: MMSG-17999]
Action.c(355):  Deleted 	[MsgId: MMSG-17999]
Action.c(355):  Deleted 	[MsgId: MMSG-17999]
Action.c(355):  Deleted 	[MsgId: MMSG-17999]
Action.c(124): Continuing after Error -26366: "Text=location" not found for web_reg_find  	[MsgId: MERR-26366]
Action.c(355):  Deleted 	[MsgId: MMSG-17999]
Action.c(355):  Deleted 	[MsgId: MMSG-17999]
Action.c(124): Continuing after Error -26366: "Text=location" not found for web_reg_find  	[MsgId: MERR-26366]
Action.c(355):  Deleted 	[MsgId: MMSG-17999]
Action.c(355):  Deleted 	[MsgId: MMSG-17999]
Action.c(124): Continuing after Error -26366: "Text=location" not found for web_reg_find  	[MsgId: MERR-26366]
Action.c(355):  Deleted 	[MsgId: MMSG-17999]
Action.c(355):  Deleted 	[MsgId: MMSG-17999]
Action.c(124): Continuing after Error -26366: "Text=location" not found for web_reg_find  	[MsgId: MERR-26366]
Action.c(22): Continuing after Error -26366: "Text=locations" not found for web_reg_find  	[MsgId: MERR-26366]
Action.c(355):  Deleted 	[MsgId: MMSG-17999]
Action.c(355):  Deleted 	[MsgId: MMSG-17999]
Action.c(57): Continuing after Error -26631: HTTP Status-Code=400 (Bad Request) for "https://onlineapi-qa.cloud.sysco.com/groups?type=expenseCategory"  	[MsgId: MERR-26631]
Action.c(57): Continuing after Error -26366: "Text=expenseCategory" not found for web_reg_find  	[MsgId: MERR-26366]
Action.c(355):  Deleted 	[MsgId: MMSG-17999]
Action.c(124): Continuing after Error -26366: "Text=location" not found for web_reg_find  	[MsgId: MERR-26366]
Action.c(87): Continuing after Error -26631: HTTP Status-Code=400 (Bad Request) for "https://onlineapi-qa.cloud.sysco.com/groups"  	[MsgId: MERR-26631]
Action.c(355):  Deleted 	[MsgId: MMSG-17999]
Action.c(124): Continuing after Error -26631: HTTP Status-Code=400 (Bad Request) for "https://onlineapi-qa.cloud.sysco.com/groups?type=location"  	[MsgId: MERR-26631]
Action.c(124): Continuing after Error -26366: "Text=location" not found for web_reg_find  	[MsgId: MERR-26366]
Action.c(159): Continuing after Error -26631: HTTP Status-Code=400 (Bad Request) for "https://onlineapi-qa.cloud.sysco.com/groups"  	[MsgId: MERR-26631]
Action.c(159): Continuing after Error -26366: "Text=location" not found for web_reg_find  	[MsgId: MERR-26366]
Action.c(159): Continuing after Error -26631: HTTP Status-Code=400 (Bad Request) for "https://onlineapi-qa.cloud.sysco.com/groups"  	[MsgId: MERR-26631]
Action.c(159): Continuing after Error -26366: "Text=location" not found for web_reg_find  	[MsgId: MERR-26366]
Action.c(159): Continuing after Error -26631: HTTP Status-Code=400 (Bad Request) for "https://onlineapi-qa.cloud.sysco.com/groups"  	[MsgId: MERR-26631]
Action.c(159): Continuing after Error -26366: "Text=location" not found for web_reg_find  	[MsgId: MERR-26366]
Action.c(159): Continuing after Error -26631: HTTP Status-Code=400 (Bad Request) for "https://onlineapi-qa.cloud.sysco.com/groups"  	[MsgId: MERR-26631]
Action.c(159): Continuing after Error -26366: "Text=location" not found for web_reg_find  	[MsgId: MERR-26366]
Action.c(355):  Deleted 	[MsgId: MMSG-17999]
Action.c(355):  Deleted 	[MsgId: MMSG-17999]
Action.c(248): Continuing after Error -26631: HTTP Status-Code=400 (Bad Request) for "https://onlineapi-qa.cloud.sysco.com/groups?type=location"  	[MsgId: MERR-26631]
Action.c(248): Continuing after Error -26366: "Text=location" not found for web_reg_find  	[MsgId: MERR-26366]
Action.c(310): Continuing after Error -26631: HTTP Status-Code=400 (Bad Request) for "https://onlineapi-qa.cloud.sysco.com/groups?type=location"  	[MsgId: MERR-26631]
Action.c(310): Continuing after Error -26366: "Text=location" not found for web_reg_find  	[MsgId: MERR-26366]
Action.c(355):  Deleted 	[MsgId: MMSG-17999]
Action.c(355):  Deleted 	[MsgId: MMSG-17999]
Action.c(355):  Deleted 	[MsgId: MMSG-17999]
Action.c(355):  Deleted 	[MsgId: MMSG-17999]
Action.c(124): Continuing after Error -26366: "Text=location" not found for web_reg_find  	[MsgId: MERR-26366]
Action.c(355):  Deleted 	[MsgId: MMSG-17999]
Action.c(124): Continuing after Error -26366: "Text=location" not found for web_reg_find  	[MsgId: MERR-26366]
Action.c(355):  Deleted 	[MsgId: MMSG-17999]
Action.c(355):  Deleted 	[MsgId: MMSG-17999]
Action.c(124): Continuing after Error -26366: "Text=location" not found for web_reg_find  	[MsgId: MERR-26366]
Action.c(124): Continuing after Error -26366: "Text=location" not found for web_reg_find  	[MsgId: MERR-26366]
Action.c(355):  Deleted 	[MsgId: MMSG-17999]
Action.c(124): Continuing after Error -26366: "Text=location" not found for web_reg_find  	[MsgId: MERR-26366]
Action.c(355):  Deleted 	[MsgId: MMSG-17999]
Action.c(355):  Deleted 	[MsgId: MMSG-17999]
Action.c(355):  Deleted 	[MsgId: MMSG-17999]
Action.c(124): Continuing after Error -26366: "Text=location" not found for web_reg_find  	[MsgId: MERR-26366]
Action.c(355):  Deleted 	[MsgId: MMSG-17999]
Action.c(355):  Deleted 	[MsgId: MMSG-17999]
Action.c(355):  Deleted 	[MsgId: MMSG-17999]
Action.c(355):  Deleted 	[MsgId: MMSG-17999]
Action.c(355):  Deleted 	[MsgId: MMSG-17999]
Action.c(124): Continuing after Error -26366: "Text=location" not found for web_reg_find  	[MsgId: MERR-26366]
Action.c(355):  Deleted 	[MsgId: MMSG-17999]
Action.c(355):  Deleted 	[MsgId: MMSG-17999]
Action.c(355):  Deleted 	[MsgId: MMSG-17999]
Action.c(124): Continuing after Error -26366: "Text=location" not found for web_reg_find  	[MsgId: MERR-26366]
Action.c(355):  Deleted 	[MsgId: MMSG-17999]
Action.c(355):  Deleted 	[MsgId: MMSG-17999]
Action.c(124): Continuing after Error -26366: "Text=location" not found for web_reg_find  	[MsgId: MERR-26366]
Action.c(355):  Deleted 	[MsgId: MMSG-17999]
Action.c(355):  Deleted 	[MsgId: MMSG-17999]
Action.c(355):  Deleted 	[MsgId: MMSG-17999]
Action.c(355):  Deleted 	[MsgId: MMSG-17999]
Action.c(124): Continuing after Error -26366: "Text=location" not found for web_reg_find  	[MsgId: MERR-26366]
Action.c(355):  Deleted 	[MsgId: MMSG-17999]
Action.c(355):  Deleted 	[MsgId: MMSG-17999]
Action.c(355):  Deleted 	[MsgId: MMSG-17999]
Action.c(355):  Deleted 	[MsgId: MMSG-17999]
Action.c(355):  Deleted 	[MsgId: MMSG-17999]
Action.c(355):  Deleted 	[MsgId: MMSG-17999]
Action.c(355):  Deleted 	[MsgId: MMSG-17999]
Action.c(355):  Deleted 	[MsgId: MMSG-17999]
Action.c(355):  Deleted 	[MsgId: MMSG-17999]
Action.c(355):  Deleted 	[MsgId: MMSG-17999]
Action.c(355):  Deleted 	[MsgId: MMSG-17999]
Action.c(355):  Deleted 	[MsgId: MMSG-17999]
Action.c(355):  Deleted 	[MsgId: MMSG-17999]
Action.c(355):  Deleted 	[MsgId: MMSG-17999]
Action.c(355):  Deleted 	[MsgId: MMSG-17999]
Action.c(355):  Deleted 	[MsgId: MMSG-17999]
Action.c(355):  Deleted 	[MsgId: MMSG-17999]
Action.c(355):  Deleted 	[MsgId: MMSG-17999]
Action.c(355):  Deleted 	[MsgId: MMSG-17999]
Action.c(355):  Deleted 	[MsgId: MMSG-17999]
Action.c(355):  Deleted 	[MsgId: MMSG-17999]
Action.c(355):  Deleted 	[MsgId: MMSG-17999]
Action.c(124): Continuing after Error -26366: "Text=location" not found for web_reg_find  	[MsgId: MERR-26366]
Action.c(355):  Deleted 	[MsgId: MMSG-17999]
Action.c(355):  Deleted 	[MsgId: MMSG-17999]
Action.c(124): Continuing after Error -26366: "Text=location" not found for web_reg_find  	[MsgId: MERR-26366]
Action.c(355):  Deleted 	[MsgId: MMSG-17999]
Action.c(355):  Deleted 	[MsgId: MMSG-17999]
Action.c(355):  Deleted 	[MsgId: MMSG-17999]
Action.c(355):  Deleted 	[MsgId: MMSG-17999]
Action.c(124): Continuing after Error -26366: "Text=location" not found for web_reg_find  	[MsgId: MERR-26366]
Action.c(355):  Deleted 	[MsgId: MMSG-17999]
Action.c(355):  Deleted 	[MsgId: MMSG-17999]
Action.c(355):  Deleted 	[MsgId: MMSG-17999]
Action.c(355):  Deleted 	[MsgId: MMSG-17999]
Action.c(355):  Deleted 	[MsgId: MMSG-17999]
Action.c(355):  Deleted 	[MsgId: MMSG-17999]
Action.c(124): Continuing after Error -26366: "Text=location" not found for web_reg_find  	[MsgId: MERR-26366]
Action.c(355):  Deleted 	[MsgId: MMSG-17999]
Action.c(355):  Deleted 	[MsgId: MMSG-17999]
Action.c(124): Continuing after Error -26366: "Text=location" not found for web_reg_find  	[MsgId: MERR-26366]
Action.c(355):  Deleted 	[MsgId: MMSG-17999]
Action.c(355):  Deleted 	[MsgId: MMSG-17999]
Action.c(355):  Deleted 	[MsgId: MMSG-17999]
Action.c(355):  Deleted 	[MsgId: MMSG-17999]
Action.c(355):  Deleted 	[MsgId: MMSG-17999]
Action.c(355):  Deleted 	[MsgId: MMSG-17999]
Action.c(355):  Deleted 	[MsgId: MMSG-17999]
Action.c(355):  Deleted 	[MsgId: MMSG-17999]
