Virtual User Script started at : 5/31/2016 2:23:36 PM
Starting action vuser_init.
Ending action vuser_init.
Running Vuser...
Starting iteration 1.
Maximum number of concurrent connections per server: 6  	[MsgId: MMSG-26989]
Starting action Action.
Action.c(4): web_cleanup_cookies started  	[MsgId: MMSG-26355]
Action.c(4): web_cleanup_cookies was successful  	[MsgId: MMSG-26392]
Action.c(6): web_cache_cleanup started  	[MsgId: MMSG-26355]
Action.c(6): web_cache_cleanup was successful  	[MsgId: MMSG-26392]
Action.c(8): web_set_sockets_option started  	[MsgId: MMSG-26355]
Action.c(8): web_set_sockets_option was successful  	[MsgId: MMSG-26392]
Action.c(47): Think time - Waiting 1.00 seconds (according to limit).
Action.c(47): lr_think_time: 1.00 seconds (recorded think time was 5.00 seconds).
Action.c(49): web_add_header("Authorization") started  	[MsgId: MMSG-26355]
Action.c(49): Notify: Parameter Substitution: parameter "P_OpCo" =  "067"
Action.c(49): Notify: Parameter Substitution: parameter "P_CustomerID" =  "122374"
Action.c(49): Notify: Parameter Substitution: parameter "P_UserID" =  "PTNormal51"
Action.c(49): Warning -26593: The header being added may cause unpredictable results when applied to all ensuing URLs. It is added anyway  	[MsgId: MWAR-26593]
Action.c(49): web_add_header("Authorization") highest severity level was "warning"  	[MsgId: MMSG-26391]
Action.c(51): web_reg_save_param started  	[MsgId: MMSG-26355]
Action.c(51): Registering web_reg_save_param was successful  	[MsgId: MMSG-26390]
Action.c(53): web_url("GetAccountByCustomerAccount") started  	[MsgId: MMSG-26355]
Action.c(53): Notify: Parameter Substitution: parameter "P_WSURL" =  "http://internal-qa-uom-services-private-elb-306417685.us-east-1.elb.amazonaws.com:80"
Action.c(53): t=1486ms: 132-byte response headers for "http://internal-qa-uom-services-private-elb-306417685.us-east-1.elb.amazonaws.com:80/accounts/mine" (RelFrameId=1, Internal ID=1)
Action.c(53):     HTTP/1.1 200 OK\r\n
Action.c(53):     Content-Type: application/json\r\n
Action.c(53):     Date: Tue, 31 May 2016 14:23:37 GMT\r\n
Action.c(53):     Content-Length: 50\r\n
Action.c(53):     Connection: keep-alive\r\n
Action.c(53):     \r\n
Action.c(53): t=1504ms: 50-byte response body for "http://internal-qa-uom-services-private-elb-306417685.us-east-1.elb.amazonaws.com:80/accounts/mine" (RelFrameId=1, Internal ID=1)
Action.c(53):     {"opCo":"067","customerId":"122374","isCogs":true}
Action.c(53): Notify: Saving Parameter "Corr_CustomerID1 = 122374".
Action.c(53): HTML parsing not performed for Content-Type "application/json" ("ParseHtmlContentType" Run-Time Setting is "TEXT"). URL="http://internal-qa-uom-services-private-elb-306417685.us-east-1.elb.amazonaws.com:80/accounts/mine"  	[MsgId: MMSG-26548]
Action.c(53): web_url("GetAccountByCustomerAccount") was successful, 50 body bytes, 132 header bytes  	[MsgId: MMSG-26386]
Action.c(61): Notify: Parameter Substitution: parameter "Corr_CustomerID1" =  "122374"
Action.c(85): Think time - Waiting 1.00 seconds (according to limit).
Action.c(85): lr_think_time: 1.00 seconds (recorded think time was 2.00 seconds).
Action.c(87): Notify: Transaction "SC01_02_Location_Click_on_ExpenseCategory" started.
Action.c(90): web_add_header("Authorization") started  	[MsgId: MMSG-26355]
Action.c(90): Notify: Parameter Substitution: parameter "P_OpCo" =  "067"
Action.c(90): Notify: Parameter Substitution: parameter "P_CustomerID" =  "122374"
Action.c(90): Notify: Parameter Substitution: parameter "P_UserID" =  "PTNormal51"
Action.c(90): Warning -26593: The header being added may cause unpredictable results when applied to all ensuing URLs. It is added anyway  	[MsgId: MWAR-26593]
Action.c(90): web_add_header("Authorization") highest severity level was "warning"  	[MsgId: MMSG-26391]
Action.c(92): web_reg_save_param started  	[MsgId: MMSG-26355]
Action.c(92): Registering web_reg_save_param was successful  	[MsgId: MMSG-26390]
Action.c(95): web_custom_request("ExpenseCategory") started  	[MsgId: MMSG-26355]
Action.c(95): Notify: Parameter Substitution: parameter "P_URL" =  "https://onlineapi-qa.cloud.sysco.com"
Action.c(95): t=3823ms: 321-byte response headers for "https://onlineapi-qa.cloud.sysco.com/groups?type=expenseCategory" (RelFrameId=1, Internal ID=2)
Action.c(95):     HTTP/1.1 200 OK\r\n
Action.c(95):     Access-Control-Allow-Credentials: true\r\n
Action.c(95):     Access-Control-Allow-Methods: GET,HEAD,PUT,POST,DELETE\r\n
Action.c(95):     Access-Control-Allow-Origin: *\r\n
Action.c(95):     Access-Control-Expose-Headers: sus-session\r\n
Action.c(95):     Content-Type: application/json; charset=utf-8\r\n
Action.c(95):     Date: Tue, 31 May 2016 14:23:40 GMT\r\n
Action.c(95):     Content-Length: 1419\r\n
Action.c(95):     Connection: keep-alive\r\n
Action.c(95):     \r\n
Action.c(95): t=3825ms: 1419-byte response body for "https://onlineapi-qa.cloud.sysco.com/groups?type=expenseCategory" (RelFrameId=1, Internal ID=2)
Action.c(95):     {"groups":[{"id":"077889f5-ee5c-40d1-aa26-ce8d5a760aa5","name":"PT_Group8176","type":"expe
Action.c(95):     nseCategory","foodType":"nonFood","opCo":"067","customerId":"122374","deleted":false,"sequ
Action.c(95):     ence":8},{"id":"28f2bcbe-beb3-423a-96ea-13b12fbf6696","name":"PT_Group3924","type":"expens
Action.c(95):     eCategory","foodType":"food","opCo":"067","customerId":"122374","deleted":false,"sequence"
Action.c(95):     :8},{"id":"499a2033-b825-4ffb-ad9f-5990a7dc7fcb","name":"{Corr_GName}U","type":"expenseCat
Action.c(95):     egory","foodType":"nonFood","opCo":"067","customerId":"122374","deleted":false,"sequence":
Action.c(95):     8},{"id":"4f003daf-7f14-45a9-887f-03c06f60cff3","name":"PT_Group3921","type":"expenseCateg
Action.c(95):     ory","foodType":"food","opCo":"067","customerId":"122374","deleted":false,"sequence":8},{"
Action.c(95):     id":"96327d3a-0d29-4489-b677-b9413ef7a756","name":"PT_Group3922","type":"expenseCategory",
Action.c(95):     "foodType":"food","opCo":"067","customerId":"122374","deleted":false,"sequence":8},{"id":"
Action.c(95):     dda48d6a-ea5b-45e6-9fbf-8e1dc8acb3ea","name":"PT_Group3923","type":"expenseCategory","food
Action.c(95):     Type":"food","opCo":"067","customerId":"122374","deleted":false,"sequence":8},{"id":"f7c7f
Action.c(95):     8d2-705b-4746-b3d8-fab718e1abc2","name":"PT_Group8173","type":"expenseCategory","foodType"
Action.c(95):     :"food","opCo":"067","customerId":"122374","deleted":false,"sequence":8},{"id":"fe8b16af-b
Action.c(95):     582-4102-bef2-0016a58497a8","name":"PT_Group3926","type":"expenseCategory","foodType":"foo
Action.c(95):     d","opCo":"067","customerId":"122374","deleted":false,"sequence":8}]}
Action.c(95): Notify: Saving Parameter "Corr_ExpenseCategoryIDs_1 = 077889f5-ee5c-40d1-aa26-ce8d5a760aa5".
Action.c(95): Notify: Saving Parameter "Corr_ExpenseCategoryIDs_2 = 28f2bcbe-beb3-423a-96ea-13b12fbf6696".
Action.c(95): Notify: Saving Parameter "Corr_ExpenseCategoryIDs_3 = 499a2033-b825-4ffb-ad9f-5990a7dc7fcb".
Action.c(95): Notify: Saving Parameter "Corr_ExpenseCategoryIDs_4 = 4f003daf-7f14-45a9-887f-03c06f60cff3".
Action.c(95): Notify: Saving Parameter "Corr_ExpenseCategoryIDs_5 = 96327d3a-0d29-4489-b677-b9413ef7a756".
Action.c(95): Notify: Saving Parameter "Corr_ExpenseCategoryIDs_6 = dda48d6a-ea5b-45e6-9fbf-8e1dc8acb3ea".
Action.c(95): Notify: Saving Parameter "Corr_ExpenseCategoryIDs_7 = f7c7f8d2-705b-4746-b3d8-fab718e1abc2".
Action.c(95): Notify: Saving Parameter "Corr_ExpenseCategoryIDs_8 = fe8b16af-b582-4102-bef2-0016a58497a8".
Action.c(95): Notify: Saving Parameter "Corr_ExpenseCategoryIDs_count = 8".
Action.c(95): web_custom_request("ExpenseCategory") was successful, 1419 body bytes, 321 header bytes  	[MsgId: MMSG-26386]
Action.c(106): web_get_int_property started  	[MsgId: MMSG-26355]
Action.c(106): web_get_int_property was successful  	[MsgId: MMSG-26392]
Action.c(110): Notify: Transaction "SC01_02_Location_Click_on_ExpenseCategory" ended with "Pass" status (Duration: 1.2707 Wasted Time: 1.0249).
Action.c(117): Think time - Waiting 1.00 seconds (according to limit).
Action.c(117): lr_think_time: 1.00 seconds (recorded think time was 5.00 seconds).
Action.c(119): Notify: Transaction "SC01_03_Location_Add_expenseCategory" started.
Action.c(121): web_add_header("Authorization") started  	[MsgId: MMSG-26355]
Action.c(121): Notify: Parameter Substitution: parameter "P_OpCo" =  "067"
Action.c(121): Notify: Parameter Substitution: parameter "P_CustomerID" =  "122374"
Action.c(121): Notify: Parameter Substitution: parameter "P_UserID" =  "PTNormal51"
Action.c(121): Warning -26593: The header being added may cause unpredictable results when applied to all ensuing URLs. It is added anyway  	[MsgId: MWAR-26593]
Action.c(121): web_add_header("Authorization") highest severity level was "warning"  	[MsgId: MMSG-26391]
Action.c(123): web_reg_save_param started  	[MsgId: MMSG-26355]
Action.c(123): Registering web_reg_save_param was successful  	[MsgId: MMSG-26390]
Action.c(125): web_custom_request("ExpenseCategory_1") started  	[MsgId: MMSG-26355]
Action.c(125): Notify: Parameter Substitution: parameter "P_URL" =  "https://onlineapi-qa.cloud.sysco.com"
Action.c(125): Notify: Parameter Substitution: parameter "P_LocationId" =  "0531142341"
Action.c(125): t=4997ms: 325-byte response headers for "https://onlineapi-qa.cloud.sysco.com/groups" (RelFrameId=1, Internal ID=3)
Action.c(125):     HTTP/1.1 201 Created\r\n
Action.c(125):     Access-Control-Allow-Credentials: true\r\n
Action.c(125):     Access-Control-Allow-Methods: GET,HEAD,PUT,POST,DELETE\r\n
Action.c(125):     Access-Control-Allow-Origin: *\r\n
Action.c(125):     Access-Control-Expose-Headers: sus-session\r\n
Action.c(125):     Content-Type: application/json; charset=utf-8\r\n
Action.c(125):     Date: Tue, 31 May 2016 14:23:41 GMT\r\n
Action.c(125):     Content-Length: 166\r\n
Action.c(125):     Connection: keep-alive\r\n
Action.c(125):     \r\n
Action.c(125): t=4999ms: 166-byte response body for "https://onlineapi-qa.cloud.sysco.com/groups" (RelFrameId=1, Internal ID=3)
Action.c(125):     {"id":"a445f38c-c698-408c-a825-cf9655522c8b","name":"PT_Exp_0531142341","type":"expenseCat
Action.c(125):     egory","foodType":"food","opCo":"067","customerId":"122374","deleted":false}
Action.c(125): Notify: Saving Parameter "Corr_ExpenseCategoryID = a445f38c-c698-408c-a825-cf9655522c8b".
Action.c(125): web_custom_request("ExpenseCategory_1") was successful, 166 body bytes, 325 header bytes  	[MsgId: MMSG-26386]
Action.c(137): web_get_int_property started  	[MsgId: MMSG-26355]
Action.c(137): web_get_int_property was successful  	[MsgId: MMSG-26392]
The script successfully created Expense Category
Action.c(143): Notify: Transaction "SC01_03_Location_Add_expenseCategory" ended with "Pass" status (Duration: 0.1649 Wasted Time: 0.0065).
Action.c(152): Think time - Waiting 1.00 seconds (according to limit).
Action.c(152): lr_think_time: 1.00 seconds (recorded think time was 5.00 seconds).
Action.c(154): Notify: Transaction "SC01_04_Location_Click_on_Locations" started.
Action.c(156): web_add_header("Authorization") started  	[MsgId: MMSG-26355]
Action.c(156): Notify: Parameter Substitution: parameter "P_OpCo" =  "067"
Action.c(156): Notify: Parameter Substitution: parameter "P_CustomerID" =  "122374"
Action.c(156): Notify: Parameter Substitution: parameter "P_UserID" =  "PTNormal51"
Action.c(156): Warning -26593: The header being added may cause unpredictable results when applied to all ensuing URLs. It is added anyway  	[MsgId: MWAR-26593]
Action.c(156): web_add_header("Authorization") highest severity level was "warning"  	[MsgId: MMSG-26391]
Action.c(158): web_reg_save_param started  	[MsgId: MMSG-26355]
Action.c(158): Registering web_reg_save_param was successful  	[MsgId: MMSG-26390]
Action.c(159): web_reg_save_param started  	[MsgId: MMSG-26355]
Action.c(159): Registering web_reg_save_param was successful  	[MsgId: MMSG-26390]
Action.c(162): web_custom_request("Locations") started  	[MsgId: MMSG-26355]
Action.c(162): Notify: Parameter Substitution: parameter "P_URL" =  "https://onlineapi-qa.cloud.sysco.com"
Action.c(162): t=6161ms: 320-byte response headers for "https://onlineapi-qa.cloud.sysco.com/groups?type=location" (RelFrameId=1, Internal ID=4)
Action.c(162):     HTTP/1.1 200 OK\r\n
Action.c(162):     Access-Control-Allow-Credentials: true\r\n
Action.c(162):     Access-Control-Allow-Methods: GET,HEAD,PUT,POST,DELETE\r\n
Action.c(162):     Access-Control-Allow-Origin: *\r\n
Action.c(162):     Access-Control-Expose-Headers: sus-session\r\n
Action.c(162):     Content-Type: application/json; charset=utf-8\r\n
Action.c(162):     Date: Tue, 31 May 2016 14:23:42 GMT\r\n
Action.c(162):     Content-Length: 504\r\n
Action.c(162):     Connection: keep-alive\r\n
Action.c(162):     \r\n
Action.c(162): t=6164ms: 504-byte response body for "https://onlineapi-qa.cloud.sysco.com/groups?type=location" (RelFrameId=1, Internal ID=4)
Action.c(162):     {"groups":[{"id":"5aa7423c-ce46-4361-a583-4a04da50544c","name":"PT_Group8174","storage":"F
Action.c(162):     ","type":"location","opCo":"067","customerId":"122374","deleted":false,"sequence":3},{"id"
Action.c(162):     :"8f3e0f88-400f-4ce0-9dbc-62ed03275122","name":"PT_Group8177","storage":"F","type":"locati
Action.c(162):     on","opCo":"067","customerId":"122374","deleted":false,"sequence":3},{"id":"be4a5903-c861-
Action.c(162):     44f5-80ca-b1fd20e253da","name":"PT_Group8175","storage":"F","type":"location","opCo":"067"
Action.c(162):     ,"customerId":"122374","deleted":false,"sequence":3}]}
Action.c(162): Notify: Saving Parameter "Corr_LocationIDs_1 = 5aa7423c-ce46-4361-a583-4a04da50544c".
Action.c(162): Notify: Saving Parameter "Corr_Storages_1 = F".
Action.c(162): Notify: Saving Parameter "Corr_LocationIDs_2 = 8f3e0f88-400f-4ce0-9dbc-62ed03275122".
Action.c(162): Notify: Saving Parameter "Corr_Storages_2 = F".
Action.c(162): Notify: Saving Parameter "Corr_LocationIDs_3 = be4a5903-c861-44f5-80ca-b1fd20e253da".
Action.c(162): Notify: Saving Parameter "Corr_Storages_3 = F".
Action.c(162): Notify: Saving Parameter "Corr_LocationIDs_count = 3".
Action.c(162): Notify: Saving Parameter "Corr_Storages_count = 3".
Action.c(162): web_custom_request("Locations") was successful, 504 body bytes, 320 header bytes  	[MsgId: MMSG-26386]
Action.c(173): web_get_int_property started  	[MsgId: MMSG-26355]
Action.c(173): web_get_int_property was successful  	[MsgId: MMSG-26392]
Action.c(177): Notify: Transaction "SC01_04_Location_Click_on_Locations" ended with "Pass" status (Duration: 0.1704 Wasted Time: 0.0084).
Action.c(184): Think time - Waiting 1.00 seconds (according to limit).
Action.c(184): lr_think_time: 1.00 seconds (recorded think time was 5.00 seconds).
Action.c(188): Notify: Transaction "SC01_05_Location_Create_Location" started.
Action.c(190): web_add_header("Authorization") started  	[MsgId: MMSG-26355]
Action.c(190): Notify: Parameter Substitution: parameter "P_OpCo" =  "067"
Action.c(190): Notify: Parameter Substitution: parameter "P_CustomerID" =  "122374"
Action.c(190): Notify: Parameter Substitution: parameter "P_UserID" =  "PTNormal51"
Action.c(190): Warning -26593: The header being added may cause unpredictable results when applied to all ensuing URLs. It is added anyway  	[MsgId: MWAR-26593]
Action.c(190): web_add_header("Authorization") highest severity level was "warning"  	[MsgId: MMSG-26391]
Action.c(192): web_reg_save_param started  	[MsgId: MMSG-26355]
Action.c(192): Registering web_reg_save_param was successful  	[MsgId: MMSG-26390]
Action.c(193): web_reg_save_param started  	[MsgId: MMSG-26355]
Action.c(193): Registering web_reg_save_param was successful  	[MsgId: MMSG-26390]
Action.c(194): web_reg_save_param started  	[MsgId: MMSG-26355]
Action.c(194): Registering web_reg_save_param was successful  	[MsgId: MMSG-26390]
Action.c(197): web_custom_request("groups") started  	[MsgId: MMSG-26355]
Action.c(197): Notify: Parameter Substitution: parameter "P_URL" =  "https://onlineapi-qa.cloud.sysco.com"
Action.c(197): Notify: Parameter Substitution: parameter "P_LocationId" =  "0531142343"
Action.c(197): Notify: Getting new value for parameter 'P_Storage': table = 'P_Storage(1).dat' column = '0' row = '1'.
Action.c(197): Notify: Parameter Substitution: parameter "P_Storage" =  "C"
Action.c(197): t=7330ms: 325-byte response headers for "https://onlineapi-qa.cloud.sysco.com/groups" (RelFrameId=1, Internal ID=5)
Action.c(197):     HTTP/1.1 201 Created\r\n
Action.c(197):     Access-Control-Allow-Credentials: true\r\n
Action.c(197):     Access-Control-Allow-Methods: GET,HEAD,PUT,POST,DELETE\r\n
Action.c(197):     Access-Control-Allow-Origin: *\r\n
Action.c(197):     Access-Control-Expose-Headers: sus-session\r\n
Action.c(197):     Content-Type: application/json; charset=utf-8\r\n
Action.c(197):     Date: Tue, 31 May 2016 14:23:43 GMT\r\n
Action.c(197):     Content-Length: 155\r\n
Action.c(197):     Connection: keep-alive\r\n
Action.c(197):     \r\n
Action.c(197): t=7332ms: 155-byte response body for "https://onlineapi-qa.cloud.sysco.com/groups" (RelFrameId=1, Internal ID=5)
Action.c(197):     {"id":"0fec00c5-e039-43ab-85d5-4f3774125698","name":"PT_Loc_0531142343","storage":"C","typ
Action.c(197):     e":"location","opCo":"067","customerId":"122374","deleted":false}
Action.c(197): Notify: Saving Parameter "Corr_LocationID = 0fec00c5-e039-43ab-85d5-4f3774125698".
Action.c(197): Notify: Saving Parameter "Corr_LocName = PT_Loc_0531142343".
Action.c(197): Notify: Saving Parameter "Corr_Storage = C".
Action.c(197): web_custom_request("groups") was successful, 155 body bytes, 325 header bytes  	[MsgId: MMSG-26386]
Action.c(209): Notify: Parameter Substitution: parameter "Corr_LocationID" =  "0fec00c5-e039-43ab-85d5-4f3774125698"
Action.c(213): Notify: Transaction "SC01_05_Location_Create_Location" ended with "Pass" status (Duration: 0.1722 Wasted Time: 0.0064).
Action.c(215): Think time - Waiting 1.00 seconds (according to limit).
Action.c(215): lr_think_time: 1.00 seconds (recorded think time was 5.00 seconds).
Action.c(217): Notify: Transaction "SC01_06_Location_Get_Location_Details" started.
Action.c(220): web_add_header("Authorization") started  	[MsgId: MMSG-26355]
Action.c(220): Notify: Parameter Substitution: parameter "P_OpCo" =  "067"
Action.c(220): Notify: Parameter Substitution: parameter "P_CustomerID" =  "122374"
Action.c(220): Notify: Parameter Substitution: parameter "P_UserID" =  "PTNormal51"
Action.c(220): Warning -26593: The header being added may cause unpredictable results when applied to all ensuing URLs. It is added anyway  	[MsgId: MWAR-26593]
Action.c(220): web_add_header("Authorization") highest severity level was "warning"  	[MsgId: MMSG-26391]
Action.c(222): web_reg_save_param started  	[MsgId: MMSG-26355]
Action.c(222): Registering web_reg_save_param was successful  	[MsgId: MMSG-26390]
Action.c(223): web_reg_save_param started  	[MsgId: MMSG-26355]
Action.c(223): Registering web_reg_save_param was successful  	[MsgId: MMSG-26390]
Action.c(225): web_reg_find started  	[MsgId: MMSG-26355]
Action.c(225): Registering web_reg_find was successful  	[MsgId: MMSG-26390]
Action.c(227): web_custom_request("LocationDetails") started  	[MsgId: MMSG-26355]
Action.c(227): Notify: Parameter Substitution: parameter "P_URL" =  "https://onlineapi-qa.cloud.sysco.com"
Action.c(227): Notify: Parameter Substitution: parameter "Corr_LocationID" =  "0fec00c5-e039-43ab-85d5-4f3774125698"
Action.c(227): t=8515ms: 320-byte response headers for "https://onlineapi-qa.cloud.sysco.com/groups/0fec00c5-e039-43ab-85d5-4f3774125698" (RelFrameId=1, Internal ID=6)
Action.c(227):     HTTP/1.1 200 OK\r\n
Action.c(227):     Access-Control-Allow-Credentials: true\r\n
Action.c(227):     Access-Control-Allow-Methods: GET,HEAD,PUT,POST,DELETE\r\n
Action.c(227):     Access-Control-Allow-Origin: *\r\n
Action.c(227):     Access-Control-Expose-Headers: sus-session\r\n
Action.c(227):     Content-Type: application/json; charset=utf-8\r\n
Action.c(227):     Date: Tue, 31 May 2016 14:23:44 GMT\r\n
Action.c(227):     Content-Length: 155\r\n
Action.c(227):     Connection: keep-alive\r\n
Action.c(227):     \r\n
Action.c(227): t=8516ms: 155-byte response body for "https://onlineapi-qa.cloud.sysco.com/groups/0fec00c5-e039-43ab-85d5-4f3774125698" (RelFrameId=1, Internal ID=6)
Action.c(227):     {"id":"0fec00c5-e039-43ab-85d5-4f3774125698","name":"PT_Loc_0531142343","storage":"C","typ
Action.c(227):     e":"location","opCo":"067","customerId":"122374","deleted":false}
Action.c(227): Notify: Saving Parameter "Corr_LocationGetID = 0fec00c5-e039-43ab-85d5-4f3774125698".
Action.c(227): Notify: Saving Parameter "Corr_LocationGetName = PT_Loc_0531142343".
Action.c(227): Registered web_reg_find successful for "Text=location" (count=1)  	[MsgId: MMSG-26364]
Action.c(227): web_custom_request("LocationDetails") was successful, 155 body bytes, 320 header bytes  	[MsgId: MMSG-26386]
Action.c(238): Notify: Parameter Substitution: parameter "Corr_LocationGetID" =  "0fec00c5-e039-43ab-85d5-4f3774125698"
Action.c(241): Notify: Transaction "SC01_06_Location_Get_Location_Details" ended with "Pass" status (Duration: 0.1728 Wasted Time: 0.0060).
Action.c(188): Notify: Transaction "SC01_05_Location_Create_Location" started.
Action.c(190): web_add_header("Authorization") started  	[MsgId: MMSG-26355]
Action.c(190): Notify: Parameter Substitution: parameter "P_OpCo" =  "067"
Action.c(190): Notify: Parameter Substitution: parameter "P_CustomerID" =  "122374"
Action.c(190): Notify: Parameter Substitution: parameter "P_UserID" =  "PTNormal51"
Action.c(190): Warning -26593: The header being added may cause unpredictable results when applied to all ensuing URLs. It is added anyway  	[MsgId: MWAR-26593]
Action.c(190): web_add_header("Authorization") highest severity level was "warning"  	[MsgId: MMSG-26391]
Action.c(192): web_reg_save_param started  	[MsgId: MMSG-26355]
Action.c(192): Registering web_reg_save_param was successful  	[MsgId: MMSG-26390]
Action.c(193): web_reg_save_param started  	[MsgId: MMSG-26355]
Action.c(193): Registering web_reg_save_param was successful  	[MsgId: MMSG-26390]
Action.c(194): web_reg_save_param started  	[MsgId: MMSG-26355]
Action.c(194): Registering web_reg_save_param was successful  	[MsgId: MMSG-26390]
Action.c(197): web_custom_request("groups") started  	[MsgId: MMSG-26355]
Action.c(197): Notify: Parameter Substitution: parameter "P_URL" =  "https://onlineapi-qa.cloud.sysco.com"
Action.c(197): Notify: Parameter Substitution: parameter "P_LocationId" =  "0531142345"
Action.c(197): Notify: Next row for parameter P_Storage = 2 [table  = P_Storage].
Action.c(197): Notify: Getting new value for parameter 'P_Storage': table = 'P_Storage(1).dat' column = '0' row = '2'.
Action.c(197): Notify: Parameter Substitution: parameter "P_Storage" =  "F"
Action.c(197): t=8674ms: 325-byte response headers for "https://onlineapi-qa.cloud.sysco.com/groups" (RelFrameId=1, Internal ID=7)
Action.c(197):     HTTP/1.1 201 Created\r\n
Action.c(197):     Access-Control-Allow-Credentials: true\r\n
Action.c(197):     Access-Control-Allow-Methods: GET,HEAD,PUT,POST,DELETE\r\n
Action.c(197):     Access-Control-Allow-Origin: *\r\n
Action.c(197):     Access-Control-Expose-Headers: sus-session\r\n
Action.c(197):     Content-Type: application/json; charset=utf-8\r\n
Action.c(197):     Date: Tue, 31 May 2016 14:23:45 GMT\r\n
Action.c(197):     Content-Length: 155\r\n
Action.c(197):     Connection: keep-alive\r\n
Action.c(197):     \r\n
Action.c(197): t=8685ms: 155-byte response body for "https://onlineapi-qa.cloud.sysco.com/groups" (RelFrameId=1, Internal ID=7)
Action.c(197):     {"id":"b5de7a22-1b04-480e-ae10-f521ca2aff7e","name":"PT_Loc_0531142345","storage":"F","typ
Action.c(197):     e":"location","opCo":"067","customerId":"122374","deleted":false}
Action.c(197): Notify: Saving Parameter "Corr_LocationID = b5de7a22-1b04-480e-ae10-f521ca2aff7e".
Action.c(197): Notify: Saving Parameter "Corr_LocName = PT_Loc_0531142345".
Action.c(197): Notify: Saving Parameter "Corr_Storage = F".
Action.c(197): web_custom_request("groups") was successful, 155 body bytes, 325 header bytes  	[MsgId: MMSG-26386]
Action.c(209): Notify: Parameter Substitution: parameter "Corr_LocationID" =  "b5de7a22-1b04-480e-ae10-f521ca2aff7e"
Action.c(213): Notify: Transaction "SC01_05_Location_Create_Location" ended with "Pass" status (Duration: 0.1688 Wasted Time: 0.0064).
Action.c(215): Think time - Waiting 1.00 seconds (according to limit).
Action.c(215): lr_think_time: 1.00 seconds (recorded think time was 5.00 seconds).
Action.c(217): Notify: Transaction "SC01_06_Location_Get_Location_Details" started.
Action.c(220): web_add_header("Authorization") started  	[MsgId: MMSG-26355]
Action.c(220): Notify: Parameter Substitution: parameter "P_OpCo" =  "067"
Action.c(220): Notify: Parameter Substitution: parameter "P_CustomerID" =  "122374"
Action.c(220): Notify: Parameter Substitution: parameter "P_UserID" =  "PTNormal51"
Action.c(220): Warning -26593: The header being added may cause unpredictable results when applied to all ensuing URLs. It is added anyway  	[MsgId: MWAR-26593]
Action.c(220): web_add_header("Authorization") highest severity level was "warning"  	[MsgId: MMSG-26391]
Action.c(222): web_reg_save_param started  	[MsgId: MMSG-26355]
Action.c(222): Registering web_reg_save_param was successful  	[MsgId: MMSG-26390]
Action.c(223): web_reg_save_param started  	[MsgId: MMSG-26355]
Action.c(223): Registering web_reg_save_param was successful  	[MsgId: MMSG-26390]
Action.c(225): web_reg_find started  	[MsgId: MMSG-26355]
Action.c(225): Registering web_reg_find was successful  	[MsgId: MMSG-26390]
Action.c(227): web_custom_request("LocationDetails") started  	[MsgId: MMSG-26355]
Action.c(227): Notify: Parameter Substitution: parameter "P_URL" =  "https://onlineapi-qa.cloud.sysco.com"
Action.c(227): Notify: Parameter Substitution: parameter "Corr_LocationID" =  "b5de7a22-1b04-480e-ae10-f521ca2aff7e"
Action.c(227): t=9837ms: 320-byte response headers for "https://onlineapi-qa.cloud.sysco.com/groups/b5de7a22-1b04-480e-ae10-f521ca2aff7e" (RelFrameId=1, Internal ID=8)
Action.c(227):     HTTP/1.1 200 OK\r\n
Action.c(227):     Access-Control-Allow-Credentials: true\r\n
Action.c(227):     Access-Control-Allow-Methods: GET,HEAD,PUT,POST,DELETE\r\n
Action.c(227):     Access-Control-Allow-Origin: *\r\n
Action.c(227):     Access-Control-Expose-Headers: sus-session\r\n
Action.c(227):     Content-Type: application/json; charset=utf-8\r\n
Action.c(227):     Date: Tue, 31 May 2016 14:23:46 GMT\r\n
Action.c(227):     Content-Length: 155\r\n
Action.c(227):     Connection: keep-alive\r\n
Action.c(227):     \r\n
Action.c(227): t=9839ms: 155-byte response body for "https://onlineapi-qa.cloud.sysco.com/groups/b5de7a22-1b04-480e-ae10-f521ca2aff7e" (RelFrameId=1, Internal ID=8)
Action.c(227):     {"id":"b5de7a22-1b04-480e-ae10-f521ca2aff7e","name":"PT_Loc_0531142345","storage":"F","typ
Action.c(227):     e":"location","opCo":"067","customerId":"122374","deleted":false}
Action.c(227): Notify: Saving Parameter "Corr_LocationGetID = b5de7a22-1b04-480e-ae10-f521ca2aff7e".
Action.c(227): Notify: Saving Parameter "Corr_LocationGetName = PT_Loc_0531142345".
Action.c(227): Registered web_reg_find successful for "Text=location" (count=1)  	[MsgId: MMSG-26364]
Action.c(227): web_custom_request("LocationDetails") was successful, 155 body bytes, 320 header bytes  	[MsgId: MMSG-26386]
Action.c(238): Notify: Parameter Substitution: parameter "Corr_LocationGetID" =  "b5de7a22-1b04-480e-ae10-f521ca2aff7e"
Action.c(241): Notify: Transaction "SC01_06_Location_Get_Location_Details" ended with "Pass" status (Duration: 0.1620 Wasted Time: 0.0061).
Action.c(188): Notify: Transaction "SC01_05_Location_Create_Location" started.
Action.c(190): web_add_header("Authorization") started  	[MsgId: MMSG-26355]
Action.c(190): Notify: Parameter Substitution: parameter "P_OpCo" =  "067"
Action.c(190): Notify: Parameter Substitution: parameter "P_CustomerID" =  "122374"
Action.c(190): Notify: Parameter Substitution: parameter "P_UserID" =  "PTNormal51"
Action.c(190): Warning -26593: The header being added may cause unpredictable results when applied to all ensuing URLs. It is added anyway  	[MsgId: MWAR-26593]
Action.c(190): web_add_header("Authorization") highest severity level was "warning"  	[MsgId: MMSG-26391]
Action.c(192): web_reg_save_param started  	[MsgId: MMSG-26355]
Action.c(192): Registering web_reg_save_param was successful  	[MsgId: MMSG-26390]
Action.c(193): web_reg_save_param started  	[MsgId: MMSG-26355]
Action.c(193): Registering web_reg_save_param was successful  	[MsgId: MMSG-26390]
Action.c(194): web_reg_save_param started  	[MsgId: MMSG-26355]
Action.c(194): Registering web_reg_save_param was successful  	[MsgId: MMSG-26390]
Action.c(197): web_custom_request("groups") started  	[MsgId: MMSG-26355]
Action.c(197): Notify: Parameter Substitution: parameter "P_URL" =  "https://onlineapi-qa.cloud.sysco.com"
Action.c(197): Notify: Parameter Substitution: parameter "P_LocationId" =  "0531142346"
Action.c(197): Notify: Next row for parameter P_Storage = 3 [table  = P_Storage].
Action.c(197): Notify: Getting new value for parameter 'P_Storage': table = 'P_Storage(1).dat' column = '0' row = '3'.
Action.c(197): Notify: Parameter Substitution: parameter "P_Storage" =  "D"
Action.c(197): t=10004ms: 325-byte response headers for "https://onlineapi-qa.cloud.sysco.com/groups" (RelFrameId=1, Internal ID=9)
Action.c(197):     HTTP/1.1 201 Created\r\n
Action.c(197):     Access-Control-Allow-Credentials: true\r\n
Action.c(197):     Access-Control-Allow-Methods: GET,HEAD,PUT,POST,DELETE\r\n
Action.c(197):     Access-Control-Allow-Origin: *\r\n
Action.c(197):     Access-Control-Expose-Headers: sus-session\r\n
Action.c(197):     Content-Type: application/json; charset=utf-8\r\n
Action.c(197):     Date: Tue, 31 May 2016 14:23:46 GMT\r\n
Action.c(197):     Content-Length: 155\r\n
Action.c(197):     Connection: keep-alive\r\n
Action.c(197):     \r\n
Action.c(197): t=10012ms: 155-byte response body for "https://onlineapi-qa.cloud.sysco.com/groups" (RelFrameId=1, Internal ID=9)
Action.c(197):     {"id":"f84430fa-6a42-437d-aa9a-f6f1f9d3bf8f","name":"PT_Loc_0531142346","storage":"D","typ
Action.c(197):     e":"location","opCo":"067","customerId":"122374","deleted":false}
Action.c(197): Notify: Saving Parameter "Corr_LocationID = f84430fa-6a42-437d-aa9a-f6f1f9d3bf8f".
Action.c(197): Notify: Saving Parameter "Corr_LocName = PT_Loc_0531142346".
Action.c(197): Notify: Saving Parameter "Corr_Storage = D".
Action.c(197): web_custom_request("groups") was successful, 155 body bytes, 325 header bytes  	[MsgId: MMSG-26386]
Action.c(209): Notify: Parameter Substitution: parameter "Corr_LocationID" =  "f84430fa-6a42-437d-aa9a-f6f1f9d3bf8f"
Action.c(213): Notify: Transaction "SC01_05_Location_Create_Location" ended with "Pass" status (Duration: 0.1846 Wasted Time: 0.0058).
Action.c(215): Think time - Waiting 1.00 seconds (according to limit).
Action.c(215): lr_think_time: 1.00 seconds (recorded think time was 5.00 seconds).
Action.c(217): Notify: Transaction "SC01_06_Location_Get_Location_Details" started.
Action.c(220): web_add_header("Authorization") started  	[MsgId: MMSG-26355]
Action.c(220): Notify: Parameter Substitution: parameter "P_OpCo" =  "067"
Action.c(220): Notify: Parameter Substitution: parameter "P_CustomerID" =  "122374"
Action.c(220): Notify: Parameter Substitution: parameter "P_UserID" =  "PTNormal51"
Action.c(220): Warning -26593: The header being added may cause unpredictable results when applied to all ensuing URLs. It is added anyway  	[MsgId: MWAR-26593]
Action.c(220): web_add_header("Authorization") highest severity level was "warning"  	[MsgId: MMSG-26391]
Action.c(222): web_reg_save_param started  	[MsgId: MMSG-26355]
Action.c(222): Registering web_reg_save_param was successful  	[MsgId: MMSG-26390]
Action.c(223): web_reg_save_param started  	[MsgId: MMSG-26355]
Action.c(223): Registering web_reg_save_param was successful  	[MsgId: MMSG-26390]
Action.c(225): web_reg_find started  	[MsgId: MMSG-26355]
Action.c(225): Registering web_reg_find was successful  	[MsgId: MMSG-26390]
Action.c(227): web_custom_request("LocationDetails") started  	[MsgId: MMSG-26355]
Action.c(227): Notify: Parameter Substitution: parameter "P_URL" =  "https://onlineapi-qa.cloud.sysco.com"
Action.c(227): Notify: Parameter Substitution: parameter "Corr_LocationID" =  "f84430fa-6a42-437d-aa9a-f6f1f9d3bf8f"
Action.c(227): t=11193ms: 320-byte response headers for "https://onlineapi-qa.cloud.sysco.com/groups/f84430fa-6a42-437d-aa9a-f6f1f9d3bf8f" (RelFrameId=1, Internal ID=10)
Action.c(227):     HTTP/1.1 200 OK\r\n
Action.c(227):     Access-Control-Allow-Credentials: true\r\n
Action.c(227):     Access-Control-Allow-Methods: GET,HEAD,PUT,POST,DELETE\r\n
Action.c(227):     Access-Control-Allow-Origin: *\r\n
Action.c(227):     Access-Control-Expose-Headers: sus-session\r\n
Action.c(227):     Content-Type: application/json; charset=utf-8\r\n
Action.c(227):     Date: Tue, 31 May 2016 14:23:47 GMT\r\n
Action.c(227):     Content-Length: 155\r\n
Action.c(227):     Connection: keep-alive\r\n
Action.c(227):     \r\n
Action.c(227): t=11196ms: 155-byte response body for "https://onlineapi-qa.cloud.sysco.com/groups/f84430fa-6a42-437d-aa9a-f6f1f9d3bf8f" (RelFrameId=1, Internal ID=10)
Action.c(227):     {"id":"f84430fa-6a42-437d-aa9a-f6f1f9d3bf8f","name":"PT_Loc_0531142346","storage":"D","typ
Action.c(227):     e":"location","opCo":"067","customerId":"122374","deleted":false}
Action.c(227): Notify: Saving Parameter "Corr_LocationGetID = f84430fa-6a42-437d-aa9a-f6f1f9d3bf8f".
Action.c(227): Notify: Saving Parameter "Corr_LocationGetName = PT_Loc_0531142346".
Action.c(227): Registered web_reg_find successful for "Text=location" (count=1)  	[MsgId: MMSG-26364]
Action.c(227): web_custom_request("LocationDetails") was successful, 155 body bytes, 320 header bytes  	[MsgId: MMSG-26386]
Action.c(238): Notify: Parameter Substitution: parameter "Corr_LocationGetID" =  "f84430fa-6a42-437d-aa9a-f6f1f9d3bf8f"
Action.c(241): Notify: Transaction "SC01_06_Location_Get_Location_Details" ended with "Pass" status (Duration: 0.1659 Wasted Time: 0.0119).
Action.c(188): Notify: Transaction "SC01_05_Location_Create_Location" started.
Action.c(190): web_add_header("Authorization") started  	[MsgId: MMSG-26355]
Action.c(190): Notify: Parameter Substitution: parameter "P_OpCo" =  "067"
Action.c(190): Notify: Parameter Substitution: parameter "P_CustomerID" =  "122374"
Action.c(190): Notify: Parameter Substitution: parameter "P_UserID" =  "PTNormal51"
Action.c(190): Warning -26593: The header being added may cause unpredictable results when applied to all ensuing URLs. It is added anyway  	[MsgId: MWAR-26593]
Action.c(190): web_add_header("Authorization") highest severity level was "warning"  	[MsgId: MMSG-26391]
Action.c(192): web_reg_save_param started  	[MsgId: MMSG-26355]
Action.c(192): Registering web_reg_save_param was successful  	[MsgId: MMSG-26390]
Action.c(193): web_reg_save_param started  	[MsgId: MMSG-26355]
Action.c(193): Registering web_reg_save_param was successful  	[MsgId: MMSG-26390]
Action.c(194): web_reg_save_param started  	[MsgId: MMSG-26355]
Action.c(194): Registering web_reg_save_param was successful  	[MsgId: MMSG-26390]
Action.c(197): web_custom_request("groups") started  	[MsgId: MMSG-26355]
Action.c(197): Notify: Parameter Substitution: parameter "P_URL" =  "https://onlineapi-qa.cloud.sysco.com"
Action.c(197): Notify: Parameter Substitution: parameter "P_LocationId" =  "0531142347"
Action.c(197): Notify: Next row for parameter P_Storage = 4 [table  = P_Storage].
Action.c(197): Notify: Getting new value for parameter 'P_Storage': table = 'P_Storage(1).dat' column = '0' row = '4'.
Action.c(197): Notify: Parameter Substitution: parameter "P_Storage" =  "No Location"
Action.c(197): t=11359ms: 325-byte response headers for "https://onlineapi-qa.cloud.sysco.com/groups" (RelFrameId=1, Internal ID=11)
Action.c(197):     HTTP/1.1 201 Created\r\n
Action.c(197):     Access-Control-Allow-Credentials: true\r\n
Action.c(197):     Access-Control-Allow-Methods: GET,HEAD,PUT,POST,DELETE\r\n
Action.c(197):     Access-Control-Allow-Origin: *\r\n
Action.c(197):     Access-Control-Expose-Headers: sus-session\r\n
Action.c(197):     Content-Type: application/json; charset=utf-8\r\n
Action.c(197):     Date: Tue, 31 May 2016 14:23:47 GMT\r\n
Action.c(197):     Content-Length: 165\r\n
Action.c(197):     Connection: keep-alive\r\n
Action.c(197):     \r\n
Action.c(197): t=11361ms: 165-byte response body for "https://onlineapi-qa.cloud.sysco.com/groups" (RelFrameId=1, Internal ID=11)
Action.c(197):     {"id":"22bbabc2-730e-4277-98ce-b9f0ee2fffbb","name":"PT_Loc_0531142347","storage":"No Loca
Action.c(197):     tion","type":"location","opCo":"067","customerId":"122374","deleted":false}
Action.c(197): Notify: Saving Parameter "Corr_LocationID = 22bbabc2-730e-4277-98ce-b9f0ee2fffbb".
Action.c(197): Notify: Saving Parameter "Corr_LocName = PT_Loc_0531142347".
Action.c(197): Notify: Saving Parameter "Corr_Storage = No Location".
Action.c(197): web_custom_request("groups") was successful, 165 body bytes, 325 header bytes  	[MsgId: MMSG-26386]
Action.c(209): Notify: Parameter Substitution: parameter "Corr_LocationID" =  "22bbabc2-730e-4277-98ce-b9f0ee2fffbb"
Action.c(213): Notify: Transaction "SC01_05_Location_Create_Location" ended with "Pass" status (Duration: 0.1660 Wasted Time: 0.0069).
Action.c(215): Think time - Waiting 1.00 seconds (according to limit).
Action.c(215): lr_think_time: 1.00 seconds (recorded think time was 5.00 seconds).
Action.c(217): Notify: Transaction "SC01_06_Location_Get_Location_Details" started.
Action.c(220): web_add_header("Authorization") started  	[MsgId: MMSG-26355]
Action.c(220): Notify: Parameter Substitution: parameter "P_OpCo" =  "067"
Action.c(220): Notify: Parameter Substitution: parameter "P_CustomerID" =  "122374"
Action.c(220): Notify: Parameter Substitution: parameter "P_UserID" =  "PTNormal51"
Action.c(220): Warning -26593: The header being added may cause unpredictable results when applied to all ensuing URLs. It is added anyway  	[MsgId: MWAR-26593]
Action.c(220): web_add_header("Authorization") highest severity level was "warning"  	[MsgId: MMSG-26391]
Action.c(222): web_reg_save_param started  	[MsgId: MMSG-26355]
Action.c(222): Registering web_reg_save_param was successful  	[MsgId: MMSG-26390]
Action.c(223): web_reg_save_param started  	[MsgId: MMSG-26355]
Action.c(223): Registering web_reg_save_param was successful  	[MsgId: MMSG-26390]
Action.c(225): web_reg_find started  	[MsgId: MMSG-26355]
Action.c(225): Registering web_reg_find was successful  	[MsgId: MMSG-26390]
Action.c(227): web_custom_request("LocationDetails") started  	[MsgId: MMSG-26355]
Action.c(227): Notify: Parameter Substitution: parameter "P_URL" =  "https://onlineapi-qa.cloud.sysco.com"
Action.c(227): Notify: Parameter Substitution: parameter "Corr_LocationID" =  "22bbabc2-730e-4277-98ce-b9f0ee2fffbb"
Action.c(227): t=12518ms: 320-byte response headers for "https://onlineapi-qa.cloud.sysco.com/groups/22bbabc2-730e-4277-98ce-b9f0ee2fffbb" (RelFrameId=1, Internal ID=12)
Action.c(227):     HTTP/1.1 200 OK\r\n
Action.c(227):     Access-Control-Allow-Credentials: true\r\n
Action.c(227):     Access-Control-Allow-Methods: GET,HEAD,PUT,POST,DELETE\r\n
Action.c(227):     Access-Control-Allow-Origin: *\r\n
Action.c(227):     Access-Control-Expose-Headers: sus-session\r\n
Action.c(227):     Content-Type: application/json; charset=utf-8\r\n
Action.c(227):     Date: Tue, 31 May 2016 14:23:48 GMT\r\n
Action.c(227):     Content-Length: 165\r\n
Action.c(227):     Connection: keep-alive\r\n
Action.c(227):     \r\n
Action.c(227): t=12519ms: 165-byte response body for "https://onlineapi-qa.cloud.sysco.com/groups/22bbabc2-730e-4277-98ce-b9f0ee2fffbb" (RelFrameId=1, Internal ID=12)
Action.c(227):     {"id":"22bbabc2-730e-4277-98ce-b9f0ee2fffbb","name":"PT_Loc_0531142347","storage":"No Loca
Action.c(227):     tion","type":"location","opCo":"067","customerId":"122374","deleted":false}
Action.c(227): Notify: Saving Parameter "Corr_LocationGetID = 22bbabc2-730e-4277-98ce-b9f0ee2fffbb".
Action.c(227): Notify: Saving Parameter "Corr_LocationGetName = PT_Loc_0531142347".
Action.c(227): Registered web_reg_find successful for "Text=location" (count=1)  	[MsgId: MMSG-26364]
Action.c(227): web_custom_request("LocationDetails") was successful, 165 body bytes, 320 header bytes  	[MsgId: MMSG-26386]
Action.c(238): Notify: Parameter Substitution: parameter "Corr_LocationGetID" =  "22bbabc2-730e-4277-98ce-b9f0ee2fffbb"
Action.c(241): Notify: Transaction "SC01_06_Location_Get_Location_Details" ended with "Pass" status (Duration: 0.1635 Wasted Time: 0.0188).
Action.c(276): Think time - Waiting 1.00 seconds (according to limit).
Action.c(276): lr_think_time: 1.00 seconds (recorded think time was 5.00 seconds).
Action.c(278): Notify: Transaction "SC01_04_Location_Click_on_Locations" started.
Action.c(280): web_add_header("Authorization") started  	[MsgId: MMSG-26355]
Action.c(280): Notify: Parameter Substitution: parameter "P_OpCo" =  "067"
Action.c(280): Notify: Parameter Substitution: parameter "P_CustomerID" =  "122374"
Action.c(280): Notify: Parameter Substitution: parameter "P_UserID" =  "PTNormal51"
Action.c(280): Warning -26593: The header being added may cause unpredictable results when applied to all ensuing URLs. It is added anyway  	[MsgId: MWAR-26593]
Action.c(280): web_add_header("Authorization") highest severity level was "warning"  	[MsgId: MMSG-26391]
Action.c(282): web_reg_save_param started  	[MsgId: MMSG-26355]
Action.c(282): Registering web_reg_save_param was successful  	[MsgId: MMSG-26390]
Action.c(283): web_reg_save_param started  	[MsgId: MMSG-26355]
Action.c(283): Registering web_reg_save_param was successful  	[MsgId: MMSG-26390]
Action.c(286): web_custom_request("Locations") started  	[MsgId: MMSG-26355]
Action.c(286): Notify: Parameter Substitution: parameter "P_URL" =  "https://onlineapi-qa.cloud.sysco.com"
Action.c(286): t=13683ms: 321-byte response headers for "https://onlineapi-qa.cloud.sysco.com/groups?type=location" (RelFrameId=1, Internal ID=13)
Action.c(286):     HTTP/1.1 200 OK\r\n
Action.c(286):     Access-Control-Allow-Credentials: true\r\n
Action.c(286):     Access-Control-Allow-Methods: GET,HEAD,PUT,POST,DELETE\r\n
Action.c(286):     Access-Control-Allow-Origin: *\r\n
Action.c(286):     Access-Control-Expose-Headers: sus-session\r\n
Action.c(286):     Content-Type: application/json; charset=utf-8\r\n
Action.c(286):     Date: Tue, 31 May 2016 14:23:50 GMT\r\n
Action.c(286):     Content-Length: 1190\r\n
Action.c(286):     Connection: keep-alive\r\n
Action.c(286):     \r\n
Action.c(286): t=13691ms: 1190-byte response body for "https://onlineapi-qa.cloud.sysco.com/groups?type=location" (RelFrameId=1, Internal ID=13)
Action.c(286):     {"groups":[{"id":"0fec00c5-e039-43ab-85d5-4f3774125698","name":"PT_Loc_0531142343","storag
Action.c(286):     e":"C","type":"location","opCo":"067","customerId":"122374","deleted":false,"sequence":7},
Action.c(286):     {"id":"22bbabc2-730e-4277-98ce-b9f0ee2fffbb","name":"PT_Loc_0531142347","storage":"No Loca
Action.c(286):     tion","type":"location","opCo":"067","customerId":"122374","deleted":false,"sequence":7},{
Action.c(286):     "id":"5aa7423c-ce46-4361-a583-4a04da50544c","name":"PT_Group8174","storage":"F","type":"lo
Action.c(286):     cation","opCo":"067","customerId":"122374","deleted":false,"sequence":7},{"id":"8f3e0f88-4
Action.c(286):     00f-4ce0-9dbc-62ed03275122","name":"PT_Group8177","storage":"F","type":"location","opCo":"
Action.c(286):     067","customerId":"122374","deleted":false,"sequence":7},{"id":"b5de7a22-1b04-480e-ae10-f5
Action.c(286):     21ca2aff7e","name":"PT_Loc_0531142345","storage":"F","type":"location","opCo":"067","custo
Action.c(286):     merId":"122374","deleted":false,"sequence":7},{"id":"be4a5903-c861-44f5-80ca-b1fd20e253da"
Action.c(286):     ,"name":"PT_Group8175","storage":"F","type":"location","opCo":"067","customerId":"122374",
Action.c(286):     "deleted":false,"sequence":7},{"id":"f84430fa-6a42-437d-aa9a-f6f1f9d3bf8f","name":"PT_Loc_
Action.c(286):     0531142346","storage":"D","type":"location","opCo":"067","customerId":"122374","deleted":f
Action.c(286):     alse,"sequence":7}]}
Action.c(286): Notify: Saving Parameter "Corr_LocationIDs_U_1 = 0fec00c5-e039-43ab-85d5-4f3774125698".
Action.c(286): Notify: Saving Parameter "Corr_Storages_U_1 = C".
Action.c(286): Notify: Saving Parameter "Corr_LocationIDs_U_2 = 22bbabc2-730e-4277-98ce-b9f0ee2fffbb".
Action.c(286): Notify: Saving Parameter "Corr_Storages_U_2 = No Location".
Action.c(286): Notify: Saving Parameter "Corr_LocationIDs_U_3 = 5aa7423c-ce46-4361-a583-4a04da50544c".
Action.c(286): Notify: Saving Parameter "Corr_Storages_U_3 = F".
Action.c(286): Notify: Saving Parameter "Corr_LocationIDs_U_4 = 8f3e0f88-400f-4ce0-9dbc-62ed03275122".
Action.c(286): Notify: Saving Parameter "Corr_Storages_U_4 = F".
Action.c(286): Notify: Saving Parameter "Corr_LocationIDs_U_5 = b5de7a22-1b04-480e-ae10-f521ca2aff7e".
Action.c(286): Notify: Saving Parameter "Corr_Storages_U_5 = F".
Action.c(286): Notify: Saving Parameter "Corr_LocationIDs_U_6 = be4a5903-c861-44f5-80ca-b1fd20e253da".
Action.c(286): Notify: Saving Parameter "Corr_Storages_U_6 = F".
Action.c(286): Notify: Saving Parameter "Corr_LocationIDs_U_7 = f84430fa-6a42-437d-aa9a-f6f1f9d3bf8f".
Action.c(286): Notify: Saving Parameter "Corr_Storages_U_7 = D".
Action.c(286): Notify: Saving Parameter "Corr_LocationIDs_U_count = 7".
Action.c(286): Notify: Saving Parameter "Corr_Storages_U_count = 7".
Action.c(286): web_custom_request("Locations") was successful, 1190 body bytes, 321 header bytes  	[MsgId: MMSG-26386]
Action.c(297): Notify: Parameter Substitution: parameter "Corr_LocationIDs_U_count" =  "7"
Action.c(299): Notify: Transaction "SC01_04_Location_Click_on_Locations" ended with "Pass" status (Duration: 0.1600 Wasted Time: 0.0056).
Action.c(301): Think time - Waiting 1.00 seconds (according to limit).
Action.c(301): lr_think_time: 1.00 seconds (recorded think time was 5.00 seconds).
Action.c(303): Notify: Transaction "SC01_07_Location_Edit_location" started.
Action.c(305): web_add_header("Authorization") started  	[MsgId: MMSG-26355]
Action.c(305): Notify: Parameter Substitution: parameter "P_OpCo" =  "067"
Action.c(305): Notify: Parameter Substitution: parameter "P_CustomerID" =  "122374"
Action.c(305): Notify: Parameter Substitution: parameter "P_UserID" =  "PTNormal51"
Action.c(305): Warning -26593: The header being added may cause unpredictable results when applied to all ensuing URLs. It is added anyway  	[MsgId: MWAR-26593]
Action.c(305): web_add_header("Authorization") highest severity level was "warning"  	[MsgId: MMSG-26391]
Action.c(307): web_reg_find started  	[MsgId: MMSG-26355]
Action.c(307): Registering web_reg_find was successful  	[MsgId: MMSG-26390]
Action.c(309): web_custom_request("EditLocation") started  	[MsgId: MMSG-26355]
Action.c(309): Notify: Parameter Substitution: parameter "P_URL" =  "https://onlineapi-qa.cloud.sysco.com"
Action.c(309): Notify: Parameter Substitution: parameter "Corr_LocationIDs_U_1" =  "0fec00c5-e039-43ab-85d5-4f3774125698"
Action.c(309): Notify: Parameter Substitution: parameter "Corr_LocationIDs_U_1" =  "0fec00c5-e039-43ab-85d5-4f3774125698"
Action.c(309): Notify: Parameter Substitution: parameter "Corr_LocName" =  "PT_Loc_0531142347"
Action.c(309): Notify: Parameter Substitution: parameter "Corr_Storages_U_1" =  "C"
Action.c(309): t=14854ms: 320-byte response headers for "https://onlineapi-qa.cloud.sysco.com/groups/0fec00c5-e039-43ab-85d5-4f3774125698" (RelFrameId=1, Internal ID=14)
Action.c(309):     HTTP/1.1 200 OK\r\n
Action.c(309):     Access-Control-Allow-Credentials: true\r\n
Action.c(309):     Access-Control-Allow-Methods: GET,HEAD,PUT,POST,DELETE\r\n
Action.c(309):     Access-Control-Allow-Origin: *\r\n
Action.c(309):     Access-Control-Expose-Headers: sus-session\r\n
Action.c(309):     Content-Type: application/json; charset=utf-8\r\n
Action.c(309):     Date: Tue, 31 May 2016 14:23:51 GMT\r\n
Action.c(309):     Content-Length: 155\r\n
Action.c(309):     Connection: keep-alive\r\n
Action.c(309):     \r\n
Action.c(309): t=14857ms: 155-byte response body for "https://onlineapi-qa.cloud.sysco.com/groups/0fec00c5-e039-43ab-85d5-4f3774125698" (RelFrameId=1, Internal ID=14)
Action.c(309):     {"id":"0fec00c5-e039-43ab-85d5-4f3774125698","name":"PT_Loc_0531142343","storage":"C","typ
Action.c(309):     e":"location","opCo":"067","customerId":"122374","deleted":false}
Action.c(309): Registered web_reg_find successful for "Text=location" (count=1)  	[MsgId: MMSG-26364]
Action.c(309): web_custom_request("EditLocation") was successful, 155 body bytes, 320 header bytes  	[MsgId: MMSG-26386]
Action.c(320): web_get_int_property started  	[MsgId: MMSG-26355]
Action.c(320): web_get_int_property was successful  	[MsgId: MMSG-26392]
Action.c(324): Notify: Parameter Substitution: parameter "P_LocationId" =  "0531142351"
The script successfully edited location : 110505824 
Action.c(331): Notify: Transaction "SC01_07_Location_Edit_location" ended with "Pass" status (Duration: 0.1775 Wasted Time: 0.0097).
Action.c(338): Think time - Waiting 1.00 seconds (according to limit).
Action.c(338): lr_think_time: 1.00 seconds (recorded think time was 5.00 seconds).
Action.c(340): Notify: Transaction "SC01_04_Location_Click_on_Locations" started.
Action.c(342): web_add_header("Authorization") started  	[MsgId: MMSG-26355]
Action.c(342): Notify: Parameter Substitution: parameter "P_OpCo" =  "067"
Action.c(342): Notify: Parameter Substitution: parameter "P_CustomerID" =  "122374"
Action.c(342): Notify: Parameter Substitution: parameter "P_UserID" =  "PTNormal51"
Action.c(342): Warning -26593: The header being added may cause unpredictable results when applied to all ensuing URLs. It is added anyway  	[MsgId: MWAR-26593]
Action.c(342): web_add_header("Authorization") highest severity level was "warning"  	[MsgId: MMSG-26391]
Action.c(344): web_reg_save_param started  	[MsgId: MMSG-26355]
Action.c(344): Registering web_reg_save_param was successful  	[MsgId: MMSG-26390]
Action.c(345): web_reg_save_param started  	[MsgId: MMSG-26355]
Action.c(345): Registering web_reg_save_param was successful  	[MsgId: MMSG-26390]
Action.c(348): web_custom_request("Locations") started  	[MsgId: MMSG-26355]
Action.c(348): Notify: Parameter Substitution: parameter "P_URL" =  "https://onlineapi-qa.cloud.sysco.com"
Action.c(348): t=16021ms: 321-byte response headers for "https://onlineapi-qa.cloud.sysco.com/groups?type=location" (RelFrameId=1, Internal ID=15)
Action.c(348):     HTTP/1.1 200 OK\r\n
Action.c(348):     Access-Control-Allow-Credentials: true\r\n
Action.c(348):     Access-Control-Allow-Methods: GET,HEAD,PUT,POST,DELETE\r\n
Action.c(348):     Access-Control-Allow-Origin: *\r\n
Action.c(348):     Access-Control-Expose-Headers: sus-session\r\n
Action.c(348):     Content-Type: application/json; charset=utf-8\r\n
Action.c(348):     Date: Tue, 31 May 2016 14:23:52 GMT\r\n
Action.c(348):     Content-Length: 1190\r\n
Action.c(348):     Connection: keep-alive\r\n
Action.c(348):     \r\n
Action.c(348): t=16022ms: 1190-byte response body for "https://onlineapi-qa.cloud.sysco.com/groups?type=location" (RelFrameId=1, Internal ID=15)
Action.c(348):     {"groups":[{"id":"0fec00c5-e039-43ab-85d5-4f3774125698","name":"PT_Loc_0531142343","storag
Action.c(348):     e":"C","type":"location","opCo":"067","customerId":"122374","deleted":false,"sequence":7},
Action.c(348):     {"id":"22bbabc2-730e-4277-98ce-b9f0ee2fffbb","name":"PT_Loc_0531142347","storage":"No Loca
Action.c(348):     tion","type":"location","opCo":"067","customerId":"122374","deleted":false,"sequence":7},{
Action.c(348):     "id":"5aa7423c-ce46-4361-a583-4a04da50544c","name":"PT_Group8174","storage":"F","type":"lo
Action.c(348):     cation","opCo":"067","customerId":"122374","deleted":false,"sequence":7},{"id":"8f3e0f88-4
Action.c(348):     00f-4ce0-9dbc-62ed03275122","name":"PT_Group8177","storage":"F","type":"location","opCo":"
Action.c(348):     067","customerId":"122374","deleted":false,"sequence":7},{"id":"b5de7a22-1b04-480e-ae10-f5
Action.c(348):     21ca2aff7e","name":"PT_Loc_0531142345","storage":"F","type":"location","opCo":"067","custo
Action.c(348):     merId":"122374","deleted":false,"sequence":7},{"id":"be4a5903-c861-44f5-80ca-b1fd20e253da"
Action.c(348):     ,"name":"PT_Group8175","storage":"F","type":"location","opCo":"067","customerId":"122374",
Action.c(348):     "deleted":false,"sequence":7},{"id":"f84430fa-6a42-437d-aa9a-f6f1f9d3bf8f","name":"PT_Loc_
Action.c(348):     0531142346","storage":"D","type":"location","opCo":"067","customerId":"122374","deleted":f
Action.c(348):     alse,"sequence":7}]}
Action.c(348): Notify: Saving Parameter "Corr_LocationIDs_1 = 0fec00c5-e039-43ab-85d5-4f3774125698".
Action.c(348): Notify: Saving Parameter "Corr_Storages_1 = C".
Action.c(348): Notify: Saving Parameter "Corr_LocationIDs_2 = 22bbabc2-730e-4277-98ce-b9f0ee2fffbb".
Action.c(348): Notify: Saving Parameter "Corr_Storages_2 = No Location".
Action.c(348): Notify: Saving Parameter "Corr_LocationIDs_3 = 5aa7423c-ce46-4361-a583-4a04da50544c".
Action.c(348): Notify: Saving Parameter "Corr_Storages_3 = F".
Action.c(348): Notify: Saving Parameter "Corr_LocationIDs_4 = 8f3e0f88-400f-4ce0-9dbc-62ed03275122".
Action.c(348): Notify: Saving Parameter "Corr_Storages_4 = F".
Action.c(348): Notify: Saving Parameter "Corr_LocationIDs_5 = b5de7a22-1b04-480e-ae10-f521ca2aff7e".
Action.c(348): Notify: Saving Parameter "Corr_Storages_5 = F".
Action.c(348): Notify: Saving Parameter "Corr_LocationIDs_6 = be4a5903-c861-44f5-80ca-b1fd20e253da".
Action.c(348): Notify: Saving Parameter "Corr_Storages_6 = F".
Action.c(348): Notify: Saving Parameter "Corr_LocationIDs_7 = f84430fa-6a42-437d-aa9a-f6f1f9d3bf8f".
Action.c(348): Notify: Saving Parameter "Corr_Storages_7 = D".
Action.c(348): Notify: Saving Parameter "Corr_LocationIDs_count = 7".
Action.c(348): Notify: Saving Parameter "Corr_Storages_count = 7".
Action.c(348): web_custom_request("Locations") was successful, 1190 body bytes, 321 header bytes  	[MsgId: MMSG-26386]
Action.c(359): web_get_int_property started  	[MsgId: MMSG-26355]
Action.c(359): web_get_int_property was successful  	[MsgId: MMSG-26392]
Action.c(363): Notify: Transaction "SC01_04_Location_Click_on_Locations" ended with "Pass" status (Duration: 0.1573 Wasted Time: 0.0066).
Action.c(370): Think time - Waiting 1.00 seconds (according to limit).
Action.c(370): lr_think_time: 1.00 seconds (recorded think time was 5.00 seconds).
Action.c(372): Notify: Parameter Substitution: parameter "Corr_LocationIDs_count" =  "7"
Action.c(375): Notify: Transaction "SC01_08_Location_Delete" started.
Action.c(377): web_add_header("Authorization") started  	[MsgId: MMSG-26355]
Action.c(377): Notify: Parameter Substitution: parameter "P_OpCo" =  "067"
Action.c(377): Notify: Parameter Substitution: parameter "P_CustomerID" =  "122374"
Action.c(377): Notify: Parameter Substitution: parameter "P_UserID" =  "PTNormal51"
Action.c(377): Warning -26593: The header being added may cause unpredictable results when applied to all ensuing URLs. It is added anyway  	[MsgId: MWAR-26593]
Action.c(377): web_add_header("Authorization") highest severity level was "warning"  	[MsgId: MMSG-26391]
Action.c(379): web_custom_request("DeleteLocation") started  	[MsgId: MMSG-26355]
Action.c(379): Notify: Parameter Substitution: parameter "P_URL" =  "https://onlineapi-qa.cloud.sysco.com"
Action.c(379): Notify: Parameter Substitution: parameter "Corr_LocationIDs_1" =  "0fec00c5-e039-43ab-85d5-4f3774125698"
Action.c(379): t=17654ms: 260-byte response headers for "https://onlineapi-qa.cloud.sysco.com/groups/0fec00c5-e039-43ab-85d5-4f3774125698" (RelFrameId=1, Internal ID=16)
Action.c(379):     HTTP/1.1 204 No Content\r\n
Action.c(379):     Access-Control-Allow-Credentials: true\r\n
Action.c(379):     Access-Control-Allow-Methods: GET,HEAD,PUT,POST,DELETE\r\n
Action.c(379):     Access-Control-Allow-Origin: *\r\n
Action.c(379):     Access-Control-Expose-Headers: sus-session\r\n
Action.c(379):     Date: Tue, 31 May 2016 14:23:54 GMT\r\n
Action.c(379):     Connection: keep-alive\r\n
Action.c(379):     \r\n
Action.c(379): web_custom_request("DeleteLocation") was successful, 0 body bytes, 260 header bytes  	[MsgId: MMSG-26386]
Action.c(388): web_get_int_property started  	[MsgId: MMSG-26355]
Action.c(388): web_get_int_property was successful  	[MsgId: MMSG-26392]
The script successfully deleted expenseCategorylocation
Action.c(393):  Deleted 
Action.c(400): Notify: Transaction "SC01_08_Location_Delete" ended with "Pass" status (Duration: 0.6278 Wasted Time: 0.0050).
Action.c(402): Think time - Waiting 1.00 seconds (according to limit).
Action.c(402): lr_think_time: 1.00 seconds (recorded think time was 5.00 seconds).
Ending action Action.
Ending iteration 1.
Ending Vuser...
Starting action vuser_end.
Ending action vuser_end.
Vuser Terminated.
Vuser 0 (thread 10308), ended OK."
