Action.c(224): Notify: Parameter Substitution: parameter "P_URL" =  "http://internal-qa-uom-services-private-elb-306417685.us-east-1.elb.amazonaws.com"	[MsgId: MMSG-13992]
Action.c(224): Notify: Parameter Substitution: parameter "P_URL" =  "http://internal-qa-uom-services-private-elb-306417685.us-east-1.elb.amazonaws.com"	[MsgId: MMSG-13992]
Action.c(224): Notify: Next row for parameter P_SupplierName = 598 [table  = P_SupplierName].	[MsgId: MMSG-13876]
Action.c(224): Notify: Getting new value for parameter 'P_SupplierName': table = 'P_OpCo.dat' column = '7' row = '598'.	[MsgId: MMSG-13877]
Action.c(224): Notify: Parameter Substitution: parameter "P_SupplierName" =  "PT_Sup33598"	[MsgId: MMSG-13992]
Action.c(224): Notify: Next row for parameter P_Address = 598 [table  = P_Address].	[MsgId: MMSG-13876]
Action.c(224): Notify: Getting new value for parameter 'P_Address': table = 'P_OpCo.dat' column = '8' row = '598'.	[MsgId: MMSG-13877]
Action.c(224): Notify: Parameter Substitution: parameter "P_Address" =  "PT_Add33598"	[MsgId: MMSG-13992]
Action.c(224): Notify: Next row for parameter P_ContactName = 598 [table  = P_ContactName].	[MsgId: MMSG-13876]
Action.c(224): Notify: Getting new value for parameter 'P_ContactName': table = 'P_OpCo.dat' column = '9' row = '598'.	[MsgId: MMSG-13877]
Action.c(224): Notify: Parameter Substitution: parameter "P_ContactName" =  "PT_ContactName33598"	[MsgId: MMSG-13992]
Action.c(224): Notify: Next row for parameter P_Email = 598 [table  = P_Email].	[MsgId: MMSG-13876]
Action.c(224): Notify: Getting new value for parameter 'P_Email': table = 'P_OpCo.dat' column = '10' row = '598'.	[MsgId: MMSG-13877]
Action.c(224): Notify: Parameter Substitution: parameter "P_Email" =  "PT_EMAIL02@test.com"	[MsgId: MMSG-13992]
Action.c(224): Notify: Next row for parameter P_PhoneNumber = 598 [table  = P_PhoneNumber].	[MsgId: MMSG-13876]
Action.c(224): Notify: Getting new value for parameter 'P_PhoneNumber': table = 'P_OpCo.dat' column = '11' row = '598'.	[MsgId: MMSG-13877]
Action.c(224): Notify: Parameter Substitution: parameter "P_PhoneNumber" =  "PT_Phone33598"	[MsgId: MMSG-13992]
Action.c(224): Notify: Next row for parameter P_Notes = 598 [table  = P_Notes].	[MsgId: MMSG-13876]
Action.c(224): Notify: Getting new value for parameter 'P_Notes': table = 'P_OpCo.dat' column = '12' row = '598'.	[MsgId: MMSG-13877]
Action.c(224): Notify: Parameter Substitution: parameter "P_Notes" =  "PT_SampleNotes33598"	[MsgId: MMSG-13992]
Action.c(224): Notify: Saving Parameter "Corr_SupplierID = 06a92455-997a-456d-8d7f-f68ccb9eff8f".	[MsgId: MMSG-13798]
Action.c(224): Notify: Saving Parameter "Corr_SupplierName = PT_Sup33598".	[MsgId: MMSG-13798]
Action.c(224): web_custom_request("CreateNewSupplier") was successful, 319 body bytes, 278 header bytes  	[MsgId: MMSG-26386]
Action.c(241): Notify: Next row for parameter P_CustomerID = 3000 [table  = P_CustomerID].	[MsgId: MMSG-13876]
Action.c(241): Notify: Parameter Substitution: parameter "P_CustomerID" =  "542993"	[MsgId: MMSG-13992]
Action.c(241): Notify: Parameter Substitution: parameter "Corr_SupplierID" =  "06a92455-997a-456d-8d7f-f68ccb9eff8f"	[MsgId: MMSG-13992]
Action.c(241): Notify: Parameter Substitution: parameter "Corr_SupplierName" =  "PT_Sup33598"	[MsgId: MMSG-13992]
Action.c(244): Notify: Transaction "WS01_04_Create_New_Suppliers" ended with "Pass" status (Duration: 0.1814 Wasted Time: 0.0016).	[MsgId: MMSG-16871]
Action.c(246): lr_think_time: 1.00 seconds.	[MsgId: MMSG-15948]
Action.c(216): Notify: Transaction "WS01_04_Create_New_Suppliers" started.	[MsgId: MMSG-16999]
Action.c(218): web_add_header("Authorization") started  	[MsgId: MMSG-26355]
Action.c(218): Notify: Parameter Substitution: parameter "P_OpCo" =  "067"	[MsgId: MMSG-13992]
Action.c(218): Notify: Next row for parameter P_CustomerID = 3000 [table  = P_CustomerID].	[MsgId: MMSG-13876]
Action.c(218): Notify: Parameter Substitution: parameter "P_CustomerID" =  "542993"	[MsgId: MMSG-13992]
Action.c(218): Notify: Next row for parameter P_UserID = 3000 [table  = P_UserID].	[MsgId: MMSG-13876]
Action.c(218): Notify: Parameter Substitution: parameter "P_UserID" =  "542993"	[MsgId: MMSG-13992]
Action.c(218): Warning -26593: The header being added may cause unpredictable results when applied to all ensuing URLs. It is added anyway  	[MsgId: MWAR-26593]
Action.c(218): web_add_header("Authorization") highest severity level was "warning"  	[MsgId: MMSG-26391]
Action.c(220): web_reg_save_param started  	[MsgId: MMSG-26355]
Action.c(220): Registering web_reg_save_param was successful  	[MsgId: MMSG-26390]
Action.c(222): web_reg_save_param started  	[MsgId: MMSG-26355]
Action.c(222): Registering web_reg_save_param was successful  	[MsgId: MMSG-26390]
Action.c(224): web_custom_request("CreateNewSupplier") started  	[MsgId: MMSG-26355]
Action.c(224): Notify: Parameter Substitution: parameter "P_URL" =  "http://internal-qa-uom-services-private-elb-306417685.us-east-1.elb.amazonaws.com"	[MsgId: MMSG-13992]
Action.c(224): Notify: Parameter Substitution: parameter "P_URL" =  "http://internal-qa-uom-services-private-elb-306417685.us-east-1.elb.amazonaws.com"	[MsgId: MMSG-13992]
Action.c(224): Notify: Next row for parameter P_SupplierName = 599 [table  = P_SupplierName].	[MsgId: MMSG-13876]
Action.c(224): Notify: Getting new value for parameter 'P_SupplierName': table = 'P_OpCo.dat' column = '7' row = '599'.	[MsgId: MMSG-13877]
Action.c(224): Notify: Parameter Substitution: parameter "P_SupplierName" =  "PT_Sup33599"	[MsgId: MMSG-13992]
Action.c(224): Notify: Next row for parameter P_Address = 599 [table  = P_Address].	[MsgId: MMSG-13876]
Action.c(224): Notify: Getting new value for parameter 'P_Address': table = 'P_OpCo.dat' column = '8' row = '599'.	[MsgId: MMSG-13877]
Action.c(224): Notify: Parameter Substitution: parameter "P_Address" =  "PT_Add33599"	[MsgId: MMSG-13992]
Action.c(224): Notify: Next row for parameter P_ContactName = 599 [table  = P_ContactName].	[MsgId: MMSG-13876]
Action.c(224): Notify: Getting new value for parameter 'P_ContactName': table = 'P_OpCo.dat' column = '9' row = '599'.	[MsgId: MMSG-13877]
Action.c(224): Notify: Parameter Substitution: parameter "P_ContactName" =  "PT_ContactName33599"	[MsgId: MMSG-13992]
Action.c(224): Notify: Next row for parameter P_Email = 599 [table  = P_Email].	[MsgId: MMSG-13876]
Action.c(224): Notify: Getting new value for parameter 'P_Email': table = 'P_OpCo.dat' column = '10' row = '599'.	[MsgId: MMSG-13877]
Action.c(224): Notify: Parameter Substitution: parameter "P_Email" =  "PT_EMAIL01@test.com"	[MsgId: MMSG-13992]
Action.c(224): Notify: Next row for parameter P_PhoneNumber = 599 [table  = P_PhoneNumber].	[MsgId: MMSG-13876]
Action.c(224): Notify: Getting new value for parameter 'P_PhoneNumber': table = 'P_OpCo.dat' column = '11' row = '599'.	[MsgId: MMSG-13877]
Action.c(224): Notify: Parameter Substitution: parameter "P_PhoneNumber" =  "PT_Phone33599"	[MsgId: MMSG-13992]
Action.c(224): Notify: Next row for parameter P_Notes = 599 [table  = P_Notes].	[MsgId: MMSG-13876]
Action.c(224): Notify: Getting new value for parameter 'P_Notes': table = 'P_OpCo.dat' column = '12' row = '599'.	[MsgId: MMSG-13877]
Action.c(224): Notify: Parameter Substitution: parameter "P_Notes" =  "PT_SampleNotes33599"	[MsgId: MMSG-13992]
Action.c(224): Notify: Saving Parameter "Corr_SupplierID = 370c321f-1de9-4247-9ae6-c31cc2405131".	[MsgId: MMSG-13798]
Action.c(224): Notify: Saving Parameter "Corr_SupplierName = PT_Sup33599".	[MsgId: MMSG-13798]
Action.c(224): web_custom_request("CreateNewSupplier") was successful, 319 body bytes, 278 header bytes  	[MsgId: MMSG-26386]
Action.c(241): Notify: Next row for parameter P_CustomerID = 3000 [table  = P_CustomerID].	[MsgId: MMSG-13876]
Action.c(241): Notify: Parameter Substitution: parameter "P_CustomerID" =  "542993"	[MsgId: MMSG-13992]
Action.c(241): Notify: Parameter Substitution: parameter "Corr_SupplierID" =  "370c321f-1de9-4247-9ae6-c31cc2405131"	[MsgId: MMSG-13992]
Action.c(241): Notify: Parameter Substitution: parameter "Corr_SupplierName" =  "PT_Sup33599"	[MsgId: MMSG-13992]
Action.c(244): Notify: Transaction "WS01_04_Create_New_Suppliers" ended with "Pass" status (Duration: 0.1872 Wasted Time: 0.0014).	[MsgId: MMSG-16871]
Action.c(246): lr_think_time: 1.00 seconds.	[MsgId: MMSG-15948]
Action.c(216): Notify: Transaction "WS01_04_Create_New_Suppliers" started.	[MsgId: MMSG-16999]
Action.c(218): web_add_header("Authorization") started  	[MsgId: MMSG-26355]
Action.c(218): Notify: Parameter Substitution: parameter "P_OpCo" =  "067"	[MsgId: MMSG-13992]
Action.c(218): Notify: Next row for parameter P_CustomerID = 3000 [table  = P_CustomerID].	[MsgId: MMSG-13876]
Action.c(218): Notify: Parameter Substitution: parameter "P_CustomerID" =  "542993"	[MsgId: MMSG-13992]
Action.c(218): Notify: Next row for parameter P_UserID = 3000 [table  = P_UserID].	[MsgId: MMSG-13876]
Action.c(218): Notify: Parameter Substitution: parameter "P_UserID" =  "542993"	[MsgId: MMSG-13992]
Action.c(218): Warning -26593: The header being added may cause unpredictable results when applied to all ensuing URLs. It is added anyway  	[MsgId: MWAR-26593]
Action.c(218): web_add_header("Authorization") highest severity level was "warning"  	[MsgId: MMSG-26391]
Action.c(220): web_reg_save_param started  	[MsgId: MMSG-26355]
Action.c(220): Registering web_reg_save_param was successful  	[MsgId: MMSG-26390]
Action.c(222): web_reg_save_param started  	[MsgId: MMSG-26355]
Action.c(222): Registering web_reg_save_param was successful  	[MsgId: MMSG-26390]
Action.c(224): web_custom_request("CreateNewSupplier") started  	[MsgId: MMSG-26355]
Action.c(224): Notify: Parameter Substitution: parameter "P_URL" =  "http://internal-qa-uom-services-private-elb-306417685.us-east-1.elb.amazonaws.com"	[MsgId: MMSG-13992]
Action.c(224): Notify: Parameter Substitution: parameter "P_URL" =  "http://internal-qa-uom-services-private-elb-306417685.us-east-1.elb.amazonaws.com"	[MsgId: MMSG-13992]
Action.c(224): Notify: Next row for parameter P_SupplierName = 600 [table  = P_SupplierName].	[MsgId: MMSG-13876]
Action.c(224): Notify: Getting new value for parameter 'P_SupplierName': table = 'P_OpCo.dat' column = '7' row = '600'.	[MsgId: MMSG-13877]
Action.c(224): Notify: Parameter Substitution: parameter "P_SupplierName" =  "PT_Sup33600"	[MsgId: MMSG-13992]
Action.c(224): Notify: Next row for parameter P_Address = 600 [table  = P_Address].	[MsgId: MMSG-13876]
Action.c(224): Notify: Getting new value for parameter 'P_Address': table = 'P_OpCo.dat' column = '8' row = '600'.	[MsgId: MMSG-13877]
Action.c(224): Notify: Parameter Substitution: parameter "P_Address" =  "PT_Add33600"	[MsgId: MMSG-13992]
Action.c(224): Notify: Next row for parameter P_ContactName = 600 [table  = P_ContactName].	[MsgId: MMSG-13876]
Action.c(224): Notify: Getting new value for parameter 'P_ContactName': table = 'P_OpCo.dat' column = '9' row = '600'.	[MsgId: MMSG-13877]
Action.c(224): Notify: Parameter Substitution: parameter "P_ContactName" =  "PT_ContactName33600"	[MsgId: MMSG-13992]
Action.c(224): Notify: Next row for parameter P_Email = 600 [table  = P_Email].	[MsgId: MMSG-13876]
Action.c(224): Notify: Getting new value for parameter 'P_Email': table = 'P_OpCo.dat' column = '10' row = '600'.	[MsgId: MMSG-13877]
Action.c(224): Notify: Parameter Substitution: parameter "P_Email" =  "PT_EMAIL02@test.com"	[MsgId: MMSG-13992]
Action.c(224): Notify: Next row for parameter P_PhoneNumber = 600 [table  = P_PhoneNumber].	[MsgId: MMSG-13876]
Action.c(224): Notify: Getting new value for parameter 'P_PhoneNumber': table = 'P_OpCo.dat' column = '11' row = '600'.	[MsgId: MMSG-13877]
Action.c(224): Notify: Parameter Substitution: parameter "P_PhoneNumber" =  "PT_Phone33600"	[MsgId: MMSG-13992]
Action.c(224): Notify: Next row for parameter P_Notes = 600 [table  = P_Notes].	[MsgId: MMSG-13876]
Action.c(224): Notify: Getting new value for parameter 'P_Notes': table = 'P_OpCo.dat' column = '12' row = '600'.	[MsgId: MMSG-13877]
Action.c(224): Notify: Parameter Substitution: parameter "P_Notes" =  "PT_SampleNotes33600"	[MsgId: MMSG-13992]
Action.c(224): Notify: Saving Parameter "Corr_SupplierID = 7cbaf96c-5fad-4c3c-8be5-64dc14fc7208".	[MsgId: MMSG-13798]
Action.c(224): Notify: Saving Parameter "Corr_SupplierName = PT_Sup33600".	[MsgId: MMSG-13798]
Action.c(224): web_custom_request("CreateNewSupplier") was successful, 319 body bytes, 278 header bytes  	[MsgId: MMSG-26386]
Action.c(241): Notify: Next row for parameter P_CustomerID = 3000 [table  = P_CustomerID].	[MsgId: MMSG-13876]
Action.c(241): Notify: Parameter Substitution: parameter "P_CustomerID" =  "542993"	[MsgId: MMSG-13992]
Action.c(241): Notify: Parameter Substitution: parameter "Corr_SupplierID" =  "7cbaf96c-5fad-4c3c-8be5-64dc14fc7208"	[MsgId: MMSG-13992]
Action.c(241): Notify: Parameter Substitution: parameter "Corr_SupplierName" =  "PT_Sup33600"	[MsgId: MMSG-13992]
Action.c(244): Notify: Transaction "WS01_04_Create_New_Suppliers" ended with "Pass" status (Duration: 0.1535 Wasted Time: 0.0013).	[MsgId: MMSG-16871]
Action.c(246): lr_think_time: 1.00 seconds.	[MsgId: MMSG-15948]
Ending action Action.	[MsgId: MMSG-15918]
Action was aborted.	[MsgId: MMSG-10694]
Ending Vuser...	[MsgId: MMSG-15966]
Starting action vuser_end.	[MsgId: MMSG-15919]
Ending action vuser_end.	[MsgId: MMSG-15918]
Vuser Terminated.	[MsgId: MMSG-15963]
Vuser 49 (thread 5800), ended OK."	[MsgId: MMSG-10695]
Starting iteration 61.	[MsgId: MMSG-15968]
Error: Parameter 'P_OpCo': No more unique values for this parameter in table 'P_OpCo.dat' [unique range is 2761-2820]. The Vuser is aborted according to "When Out Of Values" policy.	[MsgId: MERR-13870]
Action was aborted.	[MsgId: MMSG-10694]
Ending Vuser...	[MsgId: MMSG-15966]
Starting action vuser_end.	[MsgId: MMSG-15919]
Ending action vuser_end.	[MsgId: MMSG-15918]
Vuser Terminated.	[MsgId: MMSG-15963]
Vuser 46 (thread 6876), ended OK."	[MsgId: MMSG-10695]
Starting iteration 61.	[MsgId: MMSG-15968]
Error: Parameter 'P_OpCo': No more unique values for this parameter in table 'P_OpCo.dat' [unique range is 2821-2880]. The Vuser is aborted according to "When Out Of Values" policy.	[MsgId: MERR-13870]
Action was aborted.	[MsgId: MMSG-10694]
Ending Vuser...	[MsgId: MMSG-15966]
Starting action vuser_end.	[MsgId: MMSG-15919]
Ending action vuser_end.	[MsgId: MMSG-15918]
Vuser Terminated.	[MsgId: MMSG-15963]
Vuser 47 (thread 4944), ended OK."	[MsgId: MMSG-10695]
Starting iteration 61.	[MsgId: MMSG-15968]
Error: Parameter 'P_OpCo': No more unique values for this parameter in table 'P_OpCo.dat' [unique range is 2881-2940]. The Vuser is aborted according to "When Out Of Values" policy.	[MsgId: MERR-13870]
Action was aborted.	[MsgId: MMSG-10694]
Ending Vuser...	[MsgId: MMSG-15966]
Starting action vuser_end.	[MsgId: MMSG-15919]
Ending action vuser_end.	[MsgId: MMSG-15918]
Vuser Terminated.	[MsgId: MMSG-15963]
Vuser 48 (thread 7972), ended OK."	[MsgId: MMSG-10695]
