Virtual User Script started at : 3/24/2016 11:38:11 PM	[MsgId: MMSG-15967]
Starting action vuser_init.	[MsgId: MMSG-15919]
Virtual user assigned IP is 10.240.87.100	[MsgId: MMSG-56984]
Virtual user uses maximum network bandwidth	[MsgId: MMSG-56984]
Web Turbo Replay of LoadRunner 12.0.0 for Windows 2008 R2; build 2079 (Jun 17 2014 10:56:12)  	[MsgId: MMSG-27143]
Run mode: HTML  	[MsgId: MMSG-26993]
Run-Time Settings file: "C:\Users\rgal7045\AppData\Local\Temp\2\lr5tmpdir5nb.776\lrcfg9jX.777\cfgY5a.778"  	[MsgId: MMSG-27141]
Ending action vuser_init.	[MsgId: MMSG-15918]
Running Vuser...	[MsgId: MMSG-15964]
Virtual User Script started at : 3/24/2016 11:38:11 PM	[MsgId: MMSG-15967]
Starting action vuser_init.	[MsgId: MMSG-15919]
Virtual user assigned IP is 10.240.87.100	[MsgId: MMSG-56984]
Virtual user uses maximum network bandwidth	[MsgId: MMSG-56984]
Web Turbo Replay of LoadRunner 12.0.0 for Windows 2008 R2; build 2079 (Jun 17 2014 10:56:12)  	[MsgId: MMSG-27143]
Run mode: HTML  	[MsgId: MMSG-26993]
Run-Time Settings file: "C:\Users\rgal7045\AppData\Local\Temp\2\lr5tmpdir5nb.776\lrcfg9jX.777\cfgY5a.778"  	[MsgId: MMSG-27141]
Ending action vuser_init.	[MsgId: MMSG-15918]
Running Vuser...	[MsgId: MMSG-15964]
Virtual User Script started at : 3/24/2016 11:38:13 PM	[MsgId: MMSG-15967]
Starting action vuser_init.	[MsgId: MMSG-15919]
Virtual user assigned IP is 10.240.87.100	[MsgId: MMSG-56984]
Virtual user uses maximum network bandwidth	[MsgId: MMSG-56984]
Web Turbo Replay of LoadRunner 12.0.0 for Windows 2008 R2; build 2079 (Jun 17 2014 10:56:12)  	[MsgId: MMSG-27143]
Run mode: HTML  	[MsgId: MMSG-26993]
Run-Time Settings file: "C:\Users\rgal7045\AppData\Local\Temp\2\lr5tmpdir5nb.776\lrcfg9jX.777\cfgY5a.778"  	[MsgId: MMSG-27141]
Ending action vuser_init.	[MsgId: MMSG-15918]
Running Vuser...	[MsgId: MMSG-15964]
Virtual User Script started at : 3/24/2016 11:38:13 PM	[MsgId: MMSG-15967]
Starting action vuser_init.	[MsgId: MMSG-15919]
Virtual user assigned IP is 10.240.87.100	[MsgId: MMSG-56984]
Virtual user uses maximum network bandwidth	[MsgId: MMSG-56984]
Web Turbo Replay of LoadRunner 12.0.0 for Windows 2008 R2; build 2079 (Jun 17 2014 10:56:12)  	[MsgId: MMSG-27143]
Run mode: HTML  	[MsgId: MMSG-26993]
Run-Time Settings file: "C:\Users\rgal7045\AppData\Local\Temp\2\lr5tmpdir5nb.776\lrcfg9jX.777\cfgY5a.778"  	[MsgId: MMSG-27141]
Ending action vuser_init.	[MsgId: MMSG-15918]
Running Vuser...	[MsgId: MMSG-15964]
Virtual User Script started at : 3/24/2016 11:38:13 PM	[MsgId: MMSG-15967]
Starting action vuser_init.	[MsgId: MMSG-15919]
Virtual user assigned IP is 10.240.87.100	[MsgId: MMSG-56984]
Virtual user uses maximum network bandwidth	[MsgId: MMSG-56984]
Web Turbo Replay of LoadRunner 12.0.0 for Windows 2008 R2; build 2079 (Jun 17 2014 10:56:12)  	[MsgId: MMSG-27143]
Run mode: HTML  	[MsgId: MMSG-26993]
Run-Time Settings file: "C:\Users\rgal7045\AppData\Local\Temp\2\lr5tmpdir5nb.776\lrcfg9jX.777\cfgY5a.778"  	[MsgId: MMSG-27141]
Ending action vuser_init.	[MsgId: MMSG-15918]
Running Vuser...	[MsgId: MMSG-15964]
Virtual User Script started at : 3/24/2016 11:38:13 PM	[MsgId: MMSG-15967]
Starting action vuser_init.	[MsgId: MMSG-15919]
Virtual user assigned IP is 10.240.87.100	[MsgId: MMSG-56984]
Virtual user uses maximum network bandwidth	[MsgId: MMSG-56984]
Web Turbo Replay of LoadRunner 12.0.0 for Windows 2008 R2; build 2079 (Jun 17 2014 10:56:12)  	[MsgId: MMSG-27143]
Run mode: HTML  	[MsgId: MMSG-26993]
Run-Time Settings file: "C:\Users\rgal7045\AppData\Local\Temp\2\lr5tmpdir5nb.776\lrcfg9jX.777\cfgY5a.778"  	[MsgId: MMSG-27141]
Ending action vuser_init.	[MsgId: MMSG-15918]
Running Vuser...	[MsgId: MMSG-15964]
Virtual User Script started at : 3/24/2016 11:38:14 PM	[MsgId: MMSG-15967]
Starting action vuser_init.	[MsgId: MMSG-15919]
Virtual user assigned IP is 10.240.87.100	[MsgId: MMSG-56984]
Virtual user uses maximum network bandwidth	[MsgId: MMSG-56984]
Web Turbo Replay of LoadRunner 12.0.0 for Windows 2008 R2; build 2079 (Jun 17 2014 10:56:12)  	[MsgId: MMSG-27143]
Run mode: HTML  	[MsgId: MMSG-26993]
Run-Time Settings file: "C:\Users\rgal7045\AppData\Local\Temp\2\lr5tmpdir5nb.776\lrcfg9jX.777\cfgY5a.778"  	[MsgId: MMSG-27141]
Ending action vuser_init.	[MsgId: MMSG-15918]
Running Vuser...	[MsgId: MMSG-15964]
Virtual User Script started at : 3/24/2016 11:38:14 PM	[MsgId: MMSG-15967]
Starting action vuser_init.	[MsgId: MMSG-15919]
Virtual user assigned IP is 10.240.87.100	[MsgId: MMSG-56984]
Virtual user uses maximum network bandwidth	[MsgId: MMSG-56984]
Web Turbo Replay of LoadRunner 12.0.0 for Windows 2008 R2; build 2079 (Jun 17 2014 10:56:12)  	[MsgId: MMSG-27143]
Run mode: HTML  	[MsgId: MMSG-26993]
Run-Time Settings file: "C:\Users\rgal7045\AppData\Local\Temp\2\lr5tmpdir5nb.776\lrcfg9jX.777\cfgY5a.778"  	[MsgId: MMSG-27141]
Ending action vuser_init.	[MsgId: MMSG-15918]
Running Vuser...	[MsgId: MMSG-15964]
Virtual User Script started at : 3/24/2016 11:38:14 PM	[MsgId: MMSG-15967]
Starting action vuser_init.	[MsgId: MMSG-15919]
Virtual user assigned IP is 10.240.87.100	[MsgId: MMSG-56984]
Virtual user uses maximum network bandwidth	[MsgId: MMSG-56984]
Web Turbo Replay of LoadRunner 12.0.0 for Windows 2008 R2; build 2079 (Jun 17 2014 10:56:12)  	[MsgId: MMSG-27143]
Run mode: HTML  	[MsgId: MMSG-26993]
Run-Time Settings file: "C:\Users\rgal7045\AppData\Local\Temp\2\lr5tmpdir5nb.776\lrcfg9jX.777\cfgY5a.778"  	[MsgId: MMSG-27141]
Ending action vuser_init.	[MsgId: MMSG-15918]
Running Vuser...	[MsgId: MMSG-15964]
Virtual User Script started at : 3/24/2016 11:38:14 PM	[MsgId: MMSG-15967]
Starting action vuser_init.	[MsgId: MMSG-15919]
Virtual user assigned IP is 10.240.87.100	[MsgId: MMSG-56984]
Virtual user uses maximum network bandwidth	[MsgId: MMSG-56984]
Web Turbo Replay of LoadRunner 12.0.0 for Windows 2008 R2; build 2079 (Jun 17 2014 10:56:12)  	[MsgId: MMSG-27143]
Run mode: HTML  	[MsgId: MMSG-26993]
Run-Time Settings file: "C:\Users\rgal7045\AppData\Local\Temp\2\lr5tmpdir5nb.776\lrcfg9jX.777\cfgY5a.778"  	[MsgId: MMSG-27141]
Ending action vuser_init.	[MsgId: MMSG-15918]
Running Vuser...	[MsgId: MMSG-15964]
Virtual User Script started at : 3/24/2016 11:38:14 PM	[MsgId: MMSG-15967]
Starting action vuser_init.	[MsgId: MMSG-15919]
Virtual user assigned IP is 10.240.87.100	[MsgId: MMSG-56984]
Virtual user uses maximum network bandwidth	[MsgId: MMSG-56984]
Web Turbo Replay of LoadRunner 12.0.0 for Windows 2008 R2; build 2079 (Jun 17 2014 10:56:12)  	[MsgId: MMSG-27143]
Run mode: HTML  	[MsgId: MMSG-26993]
Run-Time Settings file: "C:\Users\rgal7045\AppData\Local\Temp\2\lr5tmpdir5nb.776\lrcfg9jX.777\cfgY5a.778"  	[MsgId: MMSG-27141]
Ending action vuser_init.	[MsgId: MMSG-15918]
Running Vuser...	[MsgId: MMSG-15964]
Virtual User Script started at : 3/24/2016 11:38:14 PM	[MsgId: MMSG-15967]
Starting action vuser_init.	[MsgId: MMSG-15919]
Virtual user assigned IP is 10.240.87.100	[MsgId: MMSG-56984]
Virtual user uses maximum network bandwidth	[MsgId: MMSG-56984]
Web Turbo Replay of LoadRunner 12.0.0 for Windows 2008 R2; build 2079 (Jun 17 2014 10:56:12)  	[MsgId: MMSG-27143]
Run mode: HTML  	[MsgId: MMSG-26993]
Run-Time Settings file: "C:\Users\rgal7045\AppData\Local\Temp\2\lr5tmpdir5nb.776\lrcfg9jX.777\cfgY5a.778"  	[MsgId: MMSG-27141]
Ending action vuser_init.	[MsgId: MMSG-15918]
Running Vuser...	[MsgId: MMSG-15964]
Virtual User Script started at : 3/24/2016 11:38:14 PM	[MsgId: MMSG-15967]
Starting action vuser_init.	[MsgId: MMSG-15919]
Virtual user assigned IP is 10.240.87.100	[MsgId: MMSG-56984]
Virtual user uses maximum network bandwidth	[MsgId: MMSG-56984]
Web Turbo Replay of LoadRunner 12.0.0 for Windows 2008 R2; build 2079 (Jun 17 2014 10:56:12)  	[MsgId: MMSG-27143]
Run mode: HTML  	[MsgId: MMSG-26993]
Run-Time Settings file: "C:\Users\rgal7045\AppData\Local\Temp\2\lr5tmpdir5nb.776\lrcfg9jX.777\cfgY5a.778"  	[MsgId: MMSG-27141]
Ending action vuser_init.	[MsgId: MMSG-15918]
Running Vuser...	[MsgId: MMSG-15964]
Virtual User Script started at : 3/24/2016 11:38:14 PM	[MsgId: MMSG-15967]
Starting action vuser_init.	[MsgId: MMSG-15919]
Virtual user assigned IP is 10.240.87.100	[MsgId: MMSG-56984]
Virtual user uses maximum network bandwidth	[MsgId: MMSG-56984]
Web Turbo Replay of LoadRunner 12.0.0 for Windows 2008 R2; build 2079 (Jun 17 2014 10:56:12)  	[MsgId: MMSG-27143]
Run mode: HTML  	[MsgId: MMSG-26993]
Run-Time Settings file: "C:\Users\rgal7045\AppData\Local\Temp\2\lr5tmpdir5nb.776\lrcfg9jX.777\cfgY5a.778"  	[MsgId: MMSG-27141]
Ending action vuser_init.	[MsgId: MMSG-15918]
Running Vuser...	[MsgId: MMSG-15964]
Virtual User Script started at : 3/24/2016 11:38:14 PM	[MsgId: MMSG-15967]
Starting action vuser_init.	[MsgId: MMSG-15919]
Virtual user assigned IP is 10.240.87.100	[MsgId: MMSG-56984]
Virtual user uses maximum network bandwidth	[MsgId: MMSG-56984]
Web Turbo Replay of LoadRunner 12.0.0 for Windows 2008 R2; build 2079 (Jun 17 2014 10:56:12)  	[MsgId: MMSG-27143]
Run mode: HTML  	[MsgId: MMSG-26993]
Run-Time Settings file: "C:\Users\rgal7045\AppData\Local\Temp\2\lr5tmpdir5nb.776\lrcfg9jX.777\cfgY5a.778"  	[MsgId: MMSG-27141]
Ending action vuser_init.	[MsgId: MMSG-15918]
Running Vuser...	[MsgId: MMSG-15964]
Virtual User Script started at : 3/24/2016 11:38:15 PM	[MsgId: MMSG-15967]
Starting action vuser_init.	[MsgId: MMSG-15919]
Virtual user assigned IP is 10.240.87.100	[MsgId: MMSG-56984]
Virtual user uses maximum network bandwidth	[MsgId: MMSG-56984]
Web Turbo Replay of LoadRunner 12.0.0 for Windows 2008 R2; build 2079 (Jun 17 2014 10:56:12)  	[MsgId: MMSG-27143]
Run mode: HTML  	[MsgId: MMSG-26993]
Run-Time Settings file: "C:\Users\rgal7045\AppData\Local\Temp\2\lr5tmpdir5nb.776\lrcfg9jX.777\cfgY5a.778"  	[MsgId: MMSG-27141]
Ending action vuser_init.	[MsgId: MMSG-15918]
Running Vuser...	[MsgId: MMSG-15964]
Virtual User Script started at : 3/24/2016 11:38:15 PM	[MsgId: MMSG-15967]
Starting action vuser_init.	[MsgId: MMSG-15919]
Virtual user assigned IP is 10.240.87.100	[MsgId: MMSG-56984]
Virtual user uses maximum network bandwidth	[MsgId: MMSG-56984]
Web Turbo Replay of LoadRunner 12.0.0 for Windows 2008 R2; build 2079 (Jun 17 2014 10:56:12)  	[MsgId: MMSG-27143]
Run mode: HTML  	[MsgId: MMSG-26993]
Run-Time Settings file: "C:\Users\rgal7045\AppData\Local\Temp\2\lr5tmpdir5nb.776\lrcfg9jX.777\cfgY5a.778"  	[MsgId: MMSG-27141]
Ending action vuser_init.	[MsgId: MMSG-15918]
Running Vuser...	[MsgId: MMSG-15964]
Virtual User Script started at : 3/24/2016 11:38:15 PM	[MsgId: MMSG-15967]
Starting action vuser_init.	[MsgId: MMSG-15919]
Virtual user assigned IP is 10.240.87.100	[MsgId: MMSG-56984]
Virtual user uses maximum network bandwidth	[MsgId: MMSG-56984]
Web Turbo Replay of LoadRunner 12.0.0 for Windows 2008 R2; build 2079 (Jun 17 2014 10:56:12)  	[MsgId: MMSG-27143]
Run mode: HTML  	[MsgId: MMSG-26993]
Run-Time Settings file: "C:\Users\rgal7045\AppData\Local\Temp\2\lr5tmpdir5nb.776\lrcfg9jX.777\cfgY5a.778"  	[MsgId: MMSG-27141]
Ending action vuser_init.	[MsgId: MMSG-15918]
Running Vuser...	[MsgId: MMSG-15964]
Virtual User Script started at : 3/24/2016 11:38:15 PM	[MsgId: MMSG-15967]
Starting action vuser_init.	[MsgId: MMSG-15919]
Virtual user assigned IP is 10.240.87.100	[MsgId: MMSG-56984]
Virtual user uses maximum network bandwidth	[MsgId: MMSG-56984]
Web Turbo Replay of LoadRunner 12.0.0 for Windows 2008 R2; build 2079 (Jun 17 2014 10:56:12)  	[MsgId: MMSG-27143]
Run mode: HTML  	[MsgId: MMSG-26993]
Run-Time Settings file: "C:\Users\rgal7045\AppData\Local\Temp\2\lr5tmpdir5nb.776\lrcfg9jX.777\cfgY5a.778"  	[MsgId: MMSG-27141]
Ending action vuser_init.	[MsgId: MMSG-15918]
Running Vuser...	[MsgId: MMSG-15964]
Virtual User Script started at : 3/24/2016 11:38:15 PM	[MsgId: MMSG-15967]
Starting action vuser_init.	[MsgId: MMSG-15919]
Virtual user assigned IP is 10.240.87.100	[MsgId: MMSG-56984]
Virtual user uses maximum network bandwidth	[MsgId: MMSG-56984]
Web Turbo Replay of LoadRunner 12.0.0 for Windows 2008 R2; build 2079 (Jun 17 2014 10:56:12)  	[MsgId: MMSG-27143]
Run mode: HTML  	[MsgId: MMSG-26993]
Run-Time Settings file: "C:\Users\rgal7045\AppData\Local\Temp\2\lr5tmpdir5nb.776\lrcfg9jX.777\cfgY5a.778"  	[MsgId: MMSG-27141]
Ending action vuser_init.	[MsgId: MMSG-15918]
Running Vuser...	[MsgId: MMSG-15964]
Virtual User Script started at : 3/24/2016 11:38:15 PM	[MsgId: MMSG-15967]
Starting action vuser_init.	[MsgId: MMSG-15919]
Virtual user assigned IP is 10.240.87.100	[MsgId: MMSG-56984]
Virtual user uses maximum network bandwidth	[MsgId: MMSG-56984]
Web Turbo Replay of LoadRunner 12.0.0 for Windows 2008 R2; build 2079 (Jun 17 2014 10:56:12)  	[MsgId: MMSG-27143]
Run mode: HTML  	[MsgId: MMSG-26993]
Run-Time Settings file: "C:\Users\rgal7045\AppData\Local\Temp\2\lr5tmpdir5nb.776\lrcfg9jX.777\cfgY5a.778"  	[MsgId: MMSG-27141]
Ending action vuser_init.	[MsgId: MMSG-15918]
Running Vuser...	[MsgId: MMSG-15964]
Virtual User Script started at : 3/24/2016 11:38:15 PM	[MsgId: MMSG-15967]
Starting action vuser_init.	[MsgId: MMSG-15919]
Virtual user assigned IP is 10.240.87.100	[MsgId: MMSG-56984]
Virtual user uses maximum network bandwidth	[MsgId: MMSG-56984]
Web Turbo Replay of LoadRunner 12.0.0 for Windows 2008 R2; build 2079 (Jun 17 2014 10:56:12)  	[MsgId: MMSG-27143]
Run mode: HTML  	[MsgId: MMSG-26993]
Run-Time Settings file: "C:\Users\rgal7045\AppData\Local\Temp\2\lr5tmpdir5nb.776\lrcfg9jX.777\cfgY5a.778"  	[MsgId: MMSG-27141]
Ending action vuser_init.	[MsgId: MMSG-15918]
Running Vuser...	[MsgId: MMSG-15964]
Virtual User Script started at : 3/24/2016 11:38:15 PM	[MsgId: MMSG-15967]
Starting action vuser_init.	[MsgId: MMSG-15919]
Virtual user assigned IP is 10.240.87.100	[MsgId: MMSG-56984]
Virtual user uses maximum network bandwidth	[MsgId: MMSG-56984]
Web Turbo Replay of LoadRunner 12.0.0 for Windows 2008 R2; build 2079 (Jun 17 2014 10:56:12)  	[MsgId: MMSG-27143]
Run mode: HTML  	[MsgId: MMSG-26993]
Run-Time Settings file: "C:\Users\rgal7045\AppData\Local\Temp\2\lr5tmpdir5nb.776\lrcfg9jX.777\cfgY5a.778"  	[MsgId: MMSG-27141]
Ending action vuser_init.	[MsgId: MMSG-15918]
Running Vuser...	[MsgId: MMSG-15964]
Virtual User Script started at : 3/24/2016 11:38:15 PM	[MsgId: MMSG-15967]
Starting action vuser_init.	[MsgId: MMSG-15919]
Virtual user assigned IP is 10.240.87.100	[MsgId: MMSG-56984]
Virtual user uses maximum network bandwidth	[MsgId: MMSG-56984]
Web Turbo Replay of LoadRunner 12.0.0 for Windows 2008 R2; build 2079 (Jun 17 2014 10:56:12)  	[MsgId: MMSG-27143]
Run mode: HTML  	[MsgId: MMSG-26993]
Run-Time Settings file: "C:\Users\rgal7045\AppData\Local\Temp\2\lr5tmpdir5nb.776\lrcfg9jX.777\cfgY5a.778"  	[MsgId: MMSG-27141]
Ending action vuser_init.	[MsgId: MMSG-15918]
Running Vuser...	[MsgId: MMSG-15964]
Virtual User Script started at : 3/24/2016 11:38:15 PM	[MsgId: MMSG-15967]
Starting action vuser_init.	[MsgId: MMSG-15919]
Virtual user assigned IP is 10.240.87.100	[MsgId: MMSG-56984]
Virtual user uses maximum network bandwidth	[MsgId: MMSG-56984]
Web Turbo Replay of LoadRunner 12.0.0 for Windows 2008 R2; build 2079 (Jun 17 2014 10:56:12)  	[MsgId: MMSG-27143]
Run mode: HTML  	[MsgId: MMSG-26993]
Run-Time Settings file: "C:\Users\rgal7045\AppData\Local\Temp\2\lr5tmpdir5nb.776\lrcfg9jX.777\cfgY5a.778"  	[MsgId: MMSG-27141]
Ending action vuser_init.	[MsgId: MMSG-15918]
Running Vuser...	[MsgId: MMSG-15964]
Virtual User Script started at : 3/24/2016 11:38:15 PM	[MsgId: MMSG-15967]
Starting action vuser_init.	[MsgId: MMSG-15919]
Virtual user assigned IP is 10.240.87.100	[MsgId: MMSG-56984]
Virtual user uses maximum network bandwidth	[MsgId: MMSG-56984]
Web Turbo Replay of LoadRunner 12.0.0 for Windows 2008 R2; build 2079 (Jun 17 2014 10:56:12)  	[MsgId: MMSG-27143]
Run mode: HTML  	[MsgId: MMSG-26993]
Run-Time Settings file: "C:\Users\rgal7045\AppData\Local\Temp\2\lr5tmpdir5nb.776\lrcfg9jX.777\cfgY5a.778"  	[MsgId: MMSG-27141]
Ending action vuser_init.	[MsgId: MMSG-15918]
Running Vuser...	[MsgId: MMSG-15964]
Virtual User Script started at : 3/24/2016 11:38:15 PM	[MsgId: MMSG-15967]
Starting action vuser_init.	[MsgId: MMSG-15919]
Virtual user assigned IP is 10.240.87.100	[MsgId: MMSG-56984]
Virtual user uses maximum network bandwidth	[MsgId: MMSG-56984]
Web Turbo Replay of LoadRunner 12.0.0 for Windows 2008 R2; build 2079 (Jun 17 2014 10:56:12)  	[MsgId: MMSG-27143]
Run mode: HTML  	[MsgId: MMSG-26993]
Run-Time Settings file: "C:\Users\rgal7045\AppData\Local\Temp\2\lr5tmpdir5nb.776\lrcfg9jX.777\cfgY5a.778"  	[MsgId: MMSG-27141]
Ending action vuser_init.	[MsgId: MMSG-15918]
Running Vuser...	[MsgId: MMSG-15964]
Virtual User Script started at : 3/24/2016 11:38:15 PM	[MsgId: MMSG-15967]
Starting action vuser_init.	[MsgId: MMSG-15919]
Virtual user assigned IP is 10.240.87.100	[MsgId: MMSG-56984]
Virtual user uses maximum network bandwidth	[MsgId: MMSG-56984]
Web Turbo Replay of LoadRunner 12.0.0 for Windows 2008 R2; build 2079 (Jun 17 2014 10:56:12)  	[MsgId: MMSG-27143]
Run mode: HTML  	[MsgId: MMSG-26993]
Run-Time Settings file: "C:\Users\rgal7045\AppData\Local\Temp\2\lr5tmpdir5nb.776\lrcfg9jX.777\cfgY5a.778"  	[MsgId: MMSG-27141]
Ending action vuser_init.	[MsgId: MMSG-15918]
Running Vuser...	[MsgId: MMSG-15964]
Virtual User Script started at : 3/24/2016 11:38:15 PM	[MsgId: MMSG-15967]
Starting action vuser_init.	[MsgId: MMSG-15919]
Virtual user assigned IP is 10.240.87.100	[MsgId: MMSG-56984]
Virtual user uses maximum network bandwidth	[MsgId: MMSG-56984]
Web Turbo Replay of LoadRunner 12.0.0 for Windows 2008 R2; build 2079 (Jun 17 2014 10:56:12)  	[MsgId: MMSG-27143]
Run mode: HTML  	[MsgId: MMSG-26993]
Run-Time Settings file: "C:\Users\rgal7045\AppData\Local\Temp\2\lr5tmpdir5nb.776\lrcfg9jX.777\cfgY5a.778"  	[MsgId: MMSG-27141]
Ending action vuser_init.	[MsgId: MMSG-15918]
Running Vuser...	[MsgId: MMSG-15964]
Virtual User Script started at : 3/24/2016 11:38:15 PM	[MsgId: MMSG-15967]
Starting action vuser_init.	[MsgId: MMSG-15919]
Virtual user assigned IP is 10.240.87.100	[MsgId: MMSG-56984]
Virtual user uses maximum network bandwidth	[MsgId: MMSG-56984]
Web Turbo Replay of LoadRunner 12.0.0 for Windows 2008 R2; build 2079 (Jun 17 2014 10:56:12)  	[MsgId: MMSG-27143]
Run mode: HTML  	[MsgId: MMSG-26993]
Run-Time Settings file: "C:\Users\rgal7045\AppData\Local\Temp\2\lr5tmpdir5nb.776\lrcfg9jX.777\cfgY5a.778"  	[MsgId: MMSG-27141]
Ending action vuser_init.	[MsgId: MMSG-15918]
Running Vuser...	[MsgId: MMSG-15964]
Virtual User Script started at : 3/24/2016 11:38:15 PM	[MsgId: MMSG-15967]
Starting action vuser_init.	[MsgId: MMSG-15919]
Virtual user assigned IP is 10.240.87.100	[MsgId: MMSG-56984]
Virtual user uses maximum network bandwidth	[MsgId: MMSG-56984]
Web Turbo Replay of LoadRunner 12.0.0 for Windows 2008 R2; build 2079 (Jun 17 2014 10:56:12)  	[MsgId: MMSG-27143]
Run mode: HTML  	[MsgId: MMSG-26993]
Run-Time Settings file: "C:\Users\rgal7045\AppData\Local\Temp\2\lr5tmpdir5nb.776\lrcfg9jX.777\cfgY5a.778"  	[MsgId: MMSG-27141]
Ending action vuser_init.	[MsgId: MMSG-15918]
Running Vuser...	[MsgId: MMSG-15964]
Virtual User Script started at : 3/24/2016 11:38:15 PM	[MsgId: MMSG-15967]
Starting action vuser_init.	[MsgId: MMSG-15919]
Virtual user assigned IP is 10.240.87.100	[MsgId: MMSG-56984]
Virtual user uses maximum network bandwidth	[MsgId: MMSG-56984]
Web Turbo Replay of LoadRunner 12.0.0 for Windows 2008 R2; build 2079 (Jun 17 2014 10:56:12)  	[MsgId: MMSG-27143]
Run mode: HTML  	[MsgId: MMSG-26993]
Run-Time Settings file: "C:\Users\rgal7045\AppData\Local\Temp\2\lr5tmpdir5nb.776\lrcfg9jX.777\cfgY5a.778"  	[MsgId: MMSG-27141]
Ending action vuser_init.	[MsgId: MMSG-15918]
Running Vuser...	[MsgId: MMSG-15964]
Virtual User Script started at : 3/24/2016 11:38:15 PM	[MsgId: MMSG-15967]
Starting action vuser_init.	[MsgId: MMSG-15919]
Virtual user assigned IP is 10.240.87.100	[MsgId: MMSG-56984]
Virtual user uses maximum network bandwidth	[MsgId: MMSG-56984]
Web Turbo Replay of LoadRunner 12.0.0 for Windows 2008 R2; build 2079 (Jun 17 2014 10:56:12)  	[MsgId: MMSG-27143]
Run mode: HTML  	[MsgId: MMSG-26993]
Run-Time Settings file: "C:\Users\rgal7045\AppData\Local\Temp\2\lr5tmpdir5nb.776\lrcfg9jX.777\cfgY5a.778"  	[MsgId: MMSG-27141]
Ending action vuser_init.	[MsgId: MMSG-15918]
Running Vuser...	[MsgId: MMSG-15964]
Virtual User Script started at : 3/24/2016 11:38:15 PM	[MsgId: MMSG-15967]
Starting action vuser_init.	[MsgId: MMSG-15919]
Virtual user assigned IP is 10.240.87.100	[MsgId: MMSG-56984]
Virtual user uses maximum network bandwidth	[MsgId: MMSG-56984]
Web Turbo Replay of LoadRunner 12.0.0 for Windows 2008 R2; build 2079 (Jun 17 2014 10:56:12)  	[MsgId: MMSG-27143]
Run mode: HTML  	[MsgId: MMSG-26993]
Run-Time Settings file: "C:\Users\rgal7045\AppData\Local\Temp\2\lr5tmpdir5nb.776\lrcfg9jX.777\cfgY5a.778"  	[MsgId: MMSG-27141]
Ending action vuser_init.	[MsgId: MMSG-15918]
Running Vuser...	[MsgId: MMSG-15964]
Virtual User Script started at : 3/24/2016 11:38:15 PM	[MsgId: MMSG-15967]
Starting action vuser_init.	[MsgId: MMSG-15919]
Virtual user assigned IP is 10.240.87.100	[MsgId: MMSG-56984]
Virtual user uses maximum network bandwidth	[MsgId: MMSG-56984]
Web Turbo Replay of LoadRunner 12.0.0 for Windows 2008 R2; build 2079 (Jun 17 2014 10:56:12)  	[MsgId: MMSG-27143]
Run mode: HTML  	[MsgId: MMSG-26993]
Run-Time Settings file: "C:\Users\rgal7045\AppData\Local\Temp\2\lr5tmpdir5nb.776\lrcfg9jX.777\cfgY5a.778"  	[MsgId: MMSG-27141]
Ending action vuser_init.	[MsgId: MMSG-15918]
Running Vuser...	[MsgId: MMSG-15964]
Virtual User Script started at : 3/24/2016 11:38:15 PM	[MsgId: MMSG-15967]
Starting action vuser_init.	[MsgId: MMSG-15919]
Virtual user assigned IP is 10.240.87.100	[MsgId: MMSG-56984]
Virtual user uses maximum network bandwidth	[MsgId: MMSG-56984]
Web Turbo Replay of LoadRunner 12.0.0 for Windows 2008 R2; build 2079 (Jun 17 2014 10:56:12)  	[MsgId: MMSG-27143]
Run mode: HTML  	[MsgId: MMSG-26993]
Run-Time Settings file: "C:\Users\rgal7045\AppData\Local\Temp\2\lr5tmpdir5nb.776\lrcfg9jX.777\cfgY5a.778"  	[MsgId: MMSG-27141]
Ending action vuser_init.	[MsgId: MMSG-15918]
Running Vuser...	[MsgId: MMSG-15964]
Virtual User Script started at : 3/24/2016 11:38:15 PM	[MsgId: MMSG-15967]
Starting action vuser_init.	[MsgId: MMSG-15919]
Virtual user assigned IP is 10.240.87.100	[MsgId: MMSG-56984]
Virtual user uses maximum network bandwidth	[MsgId: MMSG-56984]
Web Turbo Replay of LoadRunner 12.0.0 for Windows 2008 R2; build 2079 (Jun 17 2014 10:56:12)  	[MsgId: MMSG-27143]
Run mode: HTML  	[MsgId: MMSG-26993]
Run-Time Settings file: "C:\Users\rgal7045\AppData\Local\Temp\2\lr5tmpdir5nb.776\lrcfg9jX.777\cfgY5a.778"  	[MsgId: MMSG-27141]
Ending action vuser_init.	[MsgId: MMSG-15918]
Running Vuser...	[MsgId: MMSG-15964]
Virtual User Script started at : 3/24/2016 11:38:15 PM	[MsgId: MMSG-15967]
Starting action vuser_init.	[MsgId: MMSG-15919]
Virtual user assigned IP is 10.240.87.100	[MsgId: MMSG-56984]
Virtual user uses maximum network bandwidth	[MsgId: MMSG-56984]
Web Turbo Replay of LoadRunner 12.0.0 for Windows 2008 R2; build 2079 (Jun 17 2014 10:56:12)  	[MsgId: MMSG-27143]
Run mode: HTML  	[MsgId: MMSG-26993]
Run-Time Settings file: "C:\Users\rgal7045\AppData\Local\Temp\2\lr5tmpdir5nb.776\lrcfg9jX.777\cfgY5a.778"  	[MsgId: MMSG-27141]
Ending action vuser_init.	[MsgId: MMSG-15918]
Running Vuser...	[MsgId: MMSG-15964]
Virtual User Script started at : 3/24/2016 11:38:15 PM	[MsgId: MMSG-15967]
Starting action vuser_init.	[MsgId: MMSG-15919]
Virtual user assigned IP is 10.240.87.100	[MsgId: MMSG-56984]
Virtual user uses maximum network bandwidth	[MsgId: MMSG-56984]
Web Turbo Replay of LoadRunner 12.0.0 for Windows 2008 R2; build 2079 (Jun 17 2014 10:56:12)  	[MsgId: MMSG-27143]
Run mode: HTML  	[MsgId: MMSG-26993]
Run-Time Settings file: "C:\Users\rgal7045\AppData\Local\Temp\2\lr5tmpdir5nb.776\lrcfg9jX.777\cfgY5a.778"  	[MsgId: MMSG-27141]
Ending action vuser_init.	[MsgId: MMSG-15918]
Running Vuser...	[MsgId: MMSG-15964]
Virtual User Script started at : 3/24/2016 11:38:15 PM	[MsgId: MMSG-15967]
Starting action vuser_init.	[MsgId: MMSG-15919]
Virtual user assigned IP is 10.240.87.100	[MsgId: MMSG-56984]
Virtual user uses maximum network bandwidth	[MsgId: MMSG-56984]
Web Turbo Replay of LoadRunner 12.0.0 for Windows 2008 R2; build 2079 (Jun 17 2014 10:56:12)  	[MsgId: MMSG-27143]
Run mode: HTML  	[MsgId: MMSG-26993]
Run-Time Settings file: "C:\Users\rgal7045\AppData\Local\Temp\2\lr5tmpdir5nb.776\lrcfg9jX.777\cfgY5a.778"  	[MsgId: MMSG-27141]
Ending action vuser_init.	[MsgId: MMSG-15918]
Running Vuser...	[MsgId: MMSG-15964]
Virtual User Script started at : 3/24/2016 11:38:15 PM	[MsgId: MMSG-15967]
Starting action vuser_init.	[MsgId: MMSG-15919]
Virtual user assigned IP is 10.240.87.100	[MsgId: MMSG-56984]
Virtual user uses maximum network bandwidth	[MsgId: MMSG-56984]
Web Turbo Replay of LoadRunner 12.0.0 for Windows 2008 R2; build 2079 (Jun 17 2014 10:56:12)  	[MsgId: MMSG-27143]
Run mode: HTML  	[MsgId: MMSG-26993]
Run-Time Settings file: "C:\Users\rgal7045\AppData\Local\Temp\2\lr5tmpdir5nb.776\lrcfg9jX.777\cfgY5a.778"  	[MsgId: MMSG-27141]
Ending action vuser_init.	[MsgId: MMSG-15918]
Running Vuser...	[MsgId: MMSG-15964]
Virtual User Script started at : 3/24/2016 11:38:15 PM	[MsgId: MMSG-15967]
Starting action vuser_init.	[MsgId: MMSG-15919]
Virtual user assigned IP is 10.240.87.100	[MsgId: MMSG-56984]
Virtual user uses maximum network bandwidth	[MsgId: MMSG-56984]
Web Turbo Replay of LoadRunner 12.0.0 for Windows 2008 R2; build 2079 (Jun 17 2014 10:56:12)  	[MsgId: MMSG-27143]
Run mode: HTML  	[MsgId: MMSG-26993]
Run-Time Settings file: "C:\Users\rgal7045\AppData\Local\Temp\2\lr5tmpdir5nb.776\lrcfg9jX.777\cfgY5a.778"  	[MsgId: MMSG-27141]
Ending action vuser_init.	[MsgId: MMSG-15918]
Running Vuser...	[MsgId: MMSG-15964]
Virtual User Script started at : 3/24/2016 11:38:15 PM	[MsgId: MMSG-15967]
Starting action vuser_init.	[MsgId: MMSG-15919]
Virtual user assigned IP is 10.240.87.100	[MsgId: MMSG-56984]
Virtual user uses maximum network bandwidth	[MsgId: MMSG-56984]
Web Turbo Replay of LoadRunner 12.0.0 for Windows 2008 R2; build 2079 (Jun 17 2014 10:56:12)  	[MsgId: MMSG-27143]
Run mode: HTML  	[MsgId: MMSG-26993]
Run-Time Settings file: "C:\Users\rgal7045\AppData\Local\Temp\2\lr5tmpdir5nb.776\lrcfg9jX.777\cfgY5a.778"  	[MsgId: MMSG-27141]
Ending action vuser_init.	[MsgId: MMSG-15918]
Running Vuser...	[MsgId: MMSG-15964]
Virtual User Script started at : 3/24/2016 11:38:15 PM	[MsgId: MMSG-15967]
Starting action vuser_init.	[MsgId: MMSG-15919]
Virtual user assigned IP is 10.240.87.100	[MsgId: MMSG-56984]
Virtual user uses maximum network bandwidth	[MsgId: MMSG-56984]
Web Turbo Replay of LoadRunner 12.0.0 for Windows 2008 R2; build 2079 (Jun 17 2014 10:56:12)  	[MsgId: MMSG-27143]
Run mode: HTML  	[MsgId: MMSG-26993]
Run-Time Settings file: "C:\Users\rgal7045\AppData\Local\Temp\2\lr5tmpdir5nb.776\lrcfg9jX.777\cfgY5a.778"  	[MsgId: MMSG-27141]
Ending action vuser_init.	[MsgId: MMSG-15918]
Running Vuser...	[MsgId: MMSG-15964]
Virtual User Script started at : 3/24/2016 11:38:15 PM	[MsgId: MMSG-15967]
Starting action vuser_init.	[MsgId: MMSG-15919]
Virtual user assigned IP is 10.240.87.100	[MsgId: MMSG-56984]
Virtual user uses maximum network bandwidth	[MsgId: MMSG-56984]
Web Turbo Replay of LoadRunner 12.0.0 for Windows 2008 R2; build 2079 (Jun 17 2014 10:56:12)  	[MsgId: MMSG-27143]
Run mode: HTML  	[MsgId: MMSG-26993]
Run-Time Settings file: "C:\Users\rgal7045\AppData\Local\Temp\2\lr5tmpdir5nb.776\lrcfg9jX.777\cfgY5a.778"  	[MsgId: MMSG-27141]
Ending action vuser_init.	[MsgId: MMSG-15918]
Running Vuser...	[MsgId: MMSG-15964]
Virtual User Script started at : 3/24/2016 11:38:15 PM	[MsgId: MMSG-15967]
Starting action vuser_init.	[MsgId: MMSG-15919]
Virtual user assigned IP is 10.240.87.100	[MsgId: MMSG-56984]
Virtual user uses maximum network bandwidth	[MsgId: MMSG-56984]
Web Turbo Replay of LoadRunner 12.0.0 for Windows 2008 R2; build 2079 (Jun 17 2014 10:56:12)  	[MsgId: MMSG-27143]
Run mode: HTML  	[MsgId: MMSG-26993]
Run-Time Settings file: "C:\Users\rgal7045\AppData\Local\Temp\2\lr5tmpdir5nb.776\lrcfg9jX.777\cfgY5a.778"  	[MsgId: MMSG-27141]
Ending action vuser_init.	[MsgId: MMSG-15918]
Running Vuser...	[MsgId: MMSG-15964]
Virtual User Script started at : 3/24/2016 11:38:15 PM	[MsgId: MMSG-15967]
Starting action vuser_init.	[MsgId: MMSG-15919]
Virtual user assigned IP is 10.240.87.100	[MsgId: MMSG-56984]
Virtual user uses maximum network bandwidth	[MsgId: MMSG-56984]
Web Turbo Replay of LoadRunner 12.0.0 for Windows 2008 R2; build 2079 (Jun 17 2014 10:56:12)  	[MsgId: MMSG-27143]
Run mode: HTML  	[MsgId: MMSG-26993]
Run-Time Settings file: "C:\Users\rgal7045\AppData\Local\Temp\2\lr5tmpdir5nb.776\lrcfg9jX.777\cfgY5a.778"  	[MsgId: MMSG-27141]
Ending action vuser_init.	[MsgId: MMSG-15918]
Running Vuser...	[MsgId: MMSG-15964]
Virtual User Script started at : 3/24/2016 11:38:16 PM	[MsgId: MMSG-15967]
Starting action vuser_init.	[MsgId: MMSG-15919]
Virtual user assigned IP is 10.240.87.100	[MsgId: MMSG-56984]
Virtual user uses maximum network bandwidth	[MsgId: MMSG-56984]
Web Turbo Replay of LoadRunner 12.0.0 for Windows 2008 R2; build 2079 (Jun 17 2014 10:56:12)  	[MsgId: MMSG-27143]
Run mode: HTML  	[MsgId: MMSG-26993]
Run-Time Settings file: "C:\Users\rgal7045\AppData\Local\Temp\2\lr5tmpdir5nb.776\lrcfg9jX.777\cfgY5a.778"  	[MsgId: MMSG-27141]
Ending action vuser_init.	[MsgId: MMSG-15918]
Running Vuser...	[MsgId: MMSG-15964]
Virtual User Script started at : 3/24/2016 11:38:16 PM	[MsgId: MMSG-15967]
Starting action vuser_init.	[MsgId: MMSG-15919]
Virtual user assigned IP is 10.240.87.100	[MsgId: MMSG-56984]
Virtual user uses maximum network bandwidth	[MsgId: MMSG-56984]
Web Turbo Replay of LoadRunner 12.0.0 for Windows 2008 R2; build 2079 (Jun 17 2014 10:56:12)  	[MsgId: MMSG-27143]
Run mode: HTML  	[MsgId: MMSG-26993]
Run-Time Settings file: "C:\Users\rgal7045\AppData\Local\Temp\2\lr5tmpdir5nb.776\lrcfg9jX.777\cfgY5a.778"  	[MsgId: MMSG-27141]
Ending action vuser_init.	[MsgId: MMSG-15918]
Running Vuser...	[MsgId: MMSG-15964]
Virtual User Script started at : 3/24/2016 11:38:16 PM	[MsgId: MMSG-15967]
Starting action vuser_init.	[MsgId: MMSG-15919]
Virtual user assigned IP is 10.240.87.100	[MsgId: MMSG-56984]
Virtual user uses maximum network bandwidth	[MsgId: MMSG-56984]
Web Turbo Replay of LoadRunner 12.0.0 for Windows 2008 R2; build 2079 (Jun 17 2014 10:56:12)  	[MsgId: MMSG-27143]
Run mode: HTML  	[MsgId: MMSG-26993]
Run-Time Settings file: "C:\Users\rgal7045\AppData\Local\Temp\2\lr5tmpdir5nb.776\lrcfg9jX.777\cfgY5a.778"  	[MsgId: MMSG-27141]
Ending action vuser_init.	[MsgId: MMSG-15918]
Running Vuser...	[MsgId: MMSG-15964]
Starting iteration 1.	[MsgId: MMSG-15968]
Starting iteration 1.	[MsgId: MMSG-15968]
Maximum number of concurrent connections per server: 6  	[MsgId: MMSG-26989]
Starting iteration 1.	[MsgId: MMSG-15968]
Maximum number of concurrent connections per server: 6  	[MsgId: MMSG-26989]
Starting action Action.	[MsgId: MMSG-15919]
Maximum number of concurrent connections per server: 6  	[MsgId: MMSG-26989]
Action.c(7): web_add_header("Authorization") started  	[MsgId: MMSG-26355]
Starting action Action.	[MsgId: MMSG-15919]
Action.c(7): Notify: Parameter Substitution: parameter "P_OpCo" =  "067"	[MsgId: MMSG-13992]
Starting action Action.	[MsgId: MMSG-15919]
Action.c(7): web_add_header("Authorization") started  	[MsgId: MMSG-26355]
Action.c(7): Notify: Next row for parameter P_CustomerID = 53 [table  = P_CustomerID].	[MsgId: MMSG-13876]
Action.c(7): web_add_header("Authorization") started  	[MsgId: MMSG-26355]
Action.c(7): Notify: Getting new value for parameter 'P_CustomerID': table = 'P_OpCo.dat' column = '1' row = '53'.	[MsgId: MMSG-13877]
Action.c(7): Notify: Parameter Substitution: parameter "P_CustomerID" =  "553925"	[MsgId: MMSG-13992]
Action.c(7): Notify: Parameter Substitution: parameter "P_OpCo" =  "067"	[MsgId: MMSG-13992]
Action.c(7): Notify: Parameter Substitution: parameter "P_OpCo" =  "067"	[MsgId: MMSG-13992]
Action.c(7): Notify: Next row for parameter P_UserID = 53 [table  = P_UserID].	[MsgId: MMSG-13876]
Action.c(7): Notify: Getting new value for parameter 'P_UserID': table = 'P_OpCo.dat' column = '2' row = '53'.	[MsgId: MMSG-13877]
Action.c(7): Notify: Parameter Substitution: parameter "P_UserID" =  "553925"	[MsgId: MMSG-13992]
Action.c(7): Notify: Next row for parameter P_CustomerID = 27 [table  = P_CustomerID].	[MsgId: MMSG-13876]
Action.c(7): Warning -26593: The header being added may cause unpredictable results when applied to all ensuing URLs. It is added anyway  	[MsgId: MWAR-26593]
Action.c(7): Notify: Getting new value for parameter 'P_CustomerID': table = 'P_OpCo.dat' column = '1' row = '27'.	[MsgId: MMSG-13877]
Action.c(7): web_add_header("Authorization") highest severity level was "warning"  	[MsgId: MMSG-26391]
Action.c(7): Notify: Parameter Substitution: parameter "P_CustomerID" =  "553669"	[MsgId: MMSG-13992]
Action.c(9): web_reg_save_param started  	[MsgId: MMSG-26355]
Action.c(7): Notify: Next row for parameter P_CustomerID = 1 [table  = P_CustomerID].	[MsgId: MMSG-13876]
Action.c(9): Registering web_reg_save_param was successful  	[MsgId: MMSG-26390]
Action.c(7): Notify: Parameter Substitution: parameter "P_CustomerID" =  "553396"	[MsgId: MMSG-13992]
Action.c(7): Notify: Next row for parameter P_UserID = 27 [table  = P_UserID].	[MsgId: MMSG-13876]
Action.c(10): web_reg_save_param started  	[MsgId: MMSG-26355]
Action.c(7): Notify: Getting new value for parameter 'P_UserID': table = 'P_OpCo.dat' column = '2' row = '27'.	[MsgId: MMSG-13877]
Action.c(10): Registering web_reg_save_param was successful  	[MsgId: MMSG-26390]
Action.c(7): Notify: Parameter Substitution: parameter "P_UserID" =  "553669"	[MsgId: MMSG-13992]
Action.c(7): Notify: Next row for parameter P_UserID = 1 [table  = P_UserID].	[MsgId: MMSG-13876]
Action.c(12): web_url("GetAccount") started  	[MsgId: MMSG-26355]
Action.c(7): Warning -26593: The header being added may cause unpredictable results when applied to all ensuing URLs. It is added anyway  	[MsgId: MWAR-26593]
Action.c(7): Notify: Parameter Substitution: parameter "P_UserID" =  "553396"	[MsgId: MMSG-13992]
Action.c(12): Notify: Parameter Substitution: parameter "P_URL" =  "http://internal-qa-uom-services-private-elb-306417685.us-east-1.elb.amazonaws.com"	[MsgId: MMSG-13992]
Action.c(7): Warning -26593: The header being added may cause unpredictable results when applied to all ensuing URLs. It is added anyway  	[MsgId: MWAR-26593]
Action.c(7): web_add_header("Authorization") highest severity level was "warning"  	[MsgId: MMSG-26391]
Action.c(7): web_add_header("Authorization") highest severity level was "warning"  	[MsgId: MMSG-26391]
Action.c(9): web_reg_save_param started  	[MsgId: MMSG-26355]
Action.c(9): web_reg_save_param started  	[MsgId: MMSG-26355]
Action.c(9): Registering web_reg_save_param was successful  	[MsgId: MMSG-26390]
Action.c(9): Registering web_reg_save_param was successful  	[MsgId: MMSG-26390]
Action.c(10): web_reg_save_param started  	[MsgId: MMSG-26355]
Action.c(10): web_reg_save_param started  	[MsgId: MMSG-26355]
Action.c(10): Registering web_reg_save_param was successful  	[MsgId: MMSG-26390]
Action.c(10): Registering web_reg_save_param was successful  	[MsgId: MMSG-26390]
Action.c(12): web_url("GetAccount") started  	[MsgId: MMSG-26355]
Action.c(12): web_url("GetAccount") started  	[MsgId: MMSG-26355]
Action.c(12): Notify: Parameter Substitution: parameter "P_URL" =  "http://internal-qa-uom-services-private-elb-306417685.us-east-1.elb.amazonaws.com"	[MsgId: MMSG-13992]
Action.c(12): Notify: Parameter Substitution: parameter "P_URL" =  "http://internal-qa-uom-services-private-elb-306417685.us-east-1.elb.amazonaws.com"	[MsgId: MMSG-13992]
Action.c(12): Notify: Saving Parameter "Corr_CustomerID = 553396".	[MsgId: MMSG-13798]
Action.c(12): Notify: Saving Parameter "Corr_isCogs = true".	[MsgId: MMSG-13798]
Action.c(12): HTML parsing not performed for Content-Type "application/json" ("ParseHtmlContentType" Run-Time Setting is "TEXT"). URL="http://internal-qa-uom-services-private-elb-306417685.us-east-1.elb.amazonaws.com:80/accounts/mine"  	[MsgId: MMSG-26548]
Action.c(12): web_url("GetAccount") was successful, 50 body bytes, 132 header bytes  	[MsgId: MMSG-26386]
Action.c(22): lr_think_time: 1.00 seconds.	[MsgId: MMSG-15948]
Action.c(12): Notify: Saving Parameter "Corr_CustomerID = 553669".	[MsgId: MMSG-13798]
Action.c(12): Notify: Saving Parameter "Corr_isCogs = true".	[MsgId: MMSG-13798]
Action.c(12): HTML parsing not performed for Content-Type "application/json" ("ParseHtmlContentType" Run-Time Setting is "TEXT"). URL="http://internal-qa-uom-services-private-elb-306417685.us-east-1.elb.amazonaws.com:80/accounts/mine"  	[MsgId: MMSG-26548]
Action.c(12): web_url("GetAccount") was successful, 50 body bytes, 132 header bytes  	[MsgId: MMSG-26386]
Action.c(12): Notify: Saving Parameter "Corr_CustomerID = 553925".	[MsgId: MMSG-13798]
Action.c(22): lr_think_time: 1.00 seconds.	[MsgId: MMSG-15948]
Action.c(12): Notify: Saving Parameter "Corr_isCogs = true".	[MsgId: MMSG-13798]
Action.c(12): HTML parsing not performed for Content-Type "application/json" ("ParseHtmlContentType" Run-Time Setting is "TEXT"). URL="http://internal-qa-uom-services-private-elb-306417685.us-east-1.elb.amazonaws.com:80/accounts/mine"  	[MsgId: MMSG-26548]
Action.c(12): web_url("GetAccount") was successful, 50 body bytes, 132 header bytes  	[MsgId: MMSG-26386]
Action.c(22): lr_think_time: 1.00 seconds.	[MsgId: MMSG-15948]
Action.c(24): Notify: Parameter Substitution: parameter "Corr_CustomerID" =  "553669"	[MsgId: MMSG-13992]
Action.c(24): Notify: Parameter Substitution: parameter "Corr_CustomerID" =  "553396"	[MsgId: MMSG-13992]
Action.c(24): Notify: Parameter Substitution: parameter "Corr_CustomerID" =  "553925"	[MsgId: MMSG-13992]
Ending action Action.	[MsgId: MMSG-15918]
Ending iteration 1.	[MsgId: MMSG-15965]
Ending action Action.	[MsgId: MMSG-15918]
Waiting 118.6400 seconds for iteration pacing.	[MsgId: MMSG-15996]
Ending action Action.	[MsgId: MMSG-15918]
Ending iteration 1.	[MsgId: MMSG-15965]
Ending iteration 1.	[MsgId: MMSG-15965]
Waiting 118.6410 seconds for iteration pacing.	[MsgId: MMSG-15996]
Waiting 118.6350 seconds for iteration pacing.	[MsgId: MMSG-15996]
Action was aborted.	[MsgId: MMSG-10694]
Action was aborted.	[MsgId: MMSG-10694]
Action was aborted.	[MsgId: MMSG-10694]
Action was aborted.	[MsgId: MMSG-10694]
Action was aborted.	[MsgId: MMSG-10694]
Action was aborted.	[MsgId: MMSG-10694]
Action was aborted.	[MsgId: MMSG-10694]
Action was aborted.	[MsgId: MMSG-10694]
Action was aborted.	[MsgId: MMSG-10694]
Action was aborted.	[MsgId: MMSG-10694]
Ending Vuser...	[MsgId: MMSG-15966]
Action was aborted.	[MsgId: MMSG-10694]
Action was aborted.	[MsgId: MMSG-10694]
Action was aborted.	[MsgId: MMSG-10694]
Ending Vuser...	[MsgId: MMSG-15966]
Action was aborted.	[MsgId: MMSG-10694]
Ending Vuser...	[MsgId: MMSG-15966]
Action was aborted.	[MsgId: MMSG-10694]
Action was aborted.	[MsgId: MMSG-10694]
Action was aborted.	[MsgId: MMSG-10694]
Ending Vuser...	[MsgId: MMSG-15966]
Action was aborted.	[MsgId: MMSG-10694]
Action was aborted.	[MsgId: MMSG-10694]
Action was aborted.	[MsgId: MMSG-10694]
Action was aborted.	[MsgId: MMSG-10694]
Ending Vuser...	[MsgId: MMSG-15966]
Action was aborted.	[MsgId: MMSG-10694]
Action was aborted.	[MsgId: MMSG-10694]
Action was aborted.	[MsgId: MMSG-10694]
Action was aborted.	[MsgId: MMSG-10694]
Action was aborted.	[MsgId: MMSG-10694]
Action was aborted.	[MsgId: MMSG-10694]
Action was aborted.	[MsgId: MMSG-10694]
Ending Vuser...	[MsgId: MMSG-15966]
Action was aborted.	[MsgId: MMSG-10694]
Ending Vuser...	[MsgId: MMSG-15966]
Action was aborted.	[MsgId: MMSG-10694]
Action was aborted.	[MsgId: MMSG-10694]
Action was aborted.	[MsgId: MMSG-10694]
Action was aborted.	[MsgId: MMSG-10694]
Action was aborted.	[MsgId: MMSG-10694]
Action was aborted.	[MsgId: MMSG-10694]
Ending Vuser...	[MsgId: MMSG-15966]
Ending Vuser...	[MsgId: MMSG-15966]
Action was aborted.	[MsgId: MMSG-10694]
Action was aborted.	[MsgId: MMSG-10694]
Action was aborted.	[MsgId: MMSG-10694]
Action was aborted.	[MsgId: MMSG-10694]
Action was aborted.	[MsgId: MMSG-10694]
Ending Vuser...	[MsgId: MMSG-15966]
Ending Vuser...	[MsgId: MMSG-15966]
Ending Vuser...	[MsgId: MMSG-15966]
Ending Vuser...	[MsgId: MMSG-15966]
Ending Vuser...	[MsgId: MMSG-15966]
Ending Vuser...	[MsgId: MMSG-15966]
Action was aborted.	[MsgId: MMSG-10694]
Ending Vuser...	[MsgId: MMSG-15966]
Ending Vuser...	[MsgId: MMSG-15966]
Starting action vuser_end.	[MsgId: MMSG-15919]
Starting action vuser_end.	[MsgId: MMSG-15919]
Action was aborted.	[MsgId: MMSG-10694]
Starting action vuser_end.	[MsgId: MMSG-15919]
Action was aborted.	[MsgId: MMSG-10694]
Ending action vuser_end.	[MsgId: MMSG-15918]
Ending Vuser...	[MsgId: MMSG-15966]
Starting action vuser_end.	[MsgId: MMSG-15919]
Ending Vuser...	[MsgId: MMSG-15966]
Action was aborted.	[MsgId: MMSG-10694]
Ending Vuser...	[MsgId: MMSG-15966]
Starting action vuser_end.	[MsgId: MMSG-15919]
Ending Vuser...	[MsgId: MMSG-15966]
Ending Vuser...	[MsgId: MMSG-15966]
Ending Vuser...	[MsgId: MMSG-15966]
Starting action vuser_end.	[MsgId: MMSG-15919]
Ending Vuser...	[MsgId: MMSG-15966]
Ending Vuser...	[MsgId: MMSG-15966]
Ending Vuser...	[MsgId: MMSG-15966]
Ending Vuser...	[MsgId: MMSG-15966]
Ending Vuser...	[MsgId: MMSG-15966]
Starting action vuser_end.	[MsgId: MMSG-15919]
Action was aborted.	[MsgId: MMSG-10694]
Starting action vuser_end.	[MsgId: MMSG-15919]
Ending action vuser_end.	[MsgId: MMSG-15918]
Starting action vuser_end.	[MsgId: MMSG-15919]
Vuser Terminated.	[MsgId: MMSG-15963]
Ending Vuser...	[MsgId: MMSG-15966]
Ending Vuser...	[MsgId: MMSG-15966]
Ending Vuser...	[MsgId: MMSG-15966]
Action was aborted.	[MsgId: MMSG-10694]
Starting action vuser_end.	[MsgId: MMSG-15919]
Starting action vuser_end.	[MsgId: MMSG-15919]
Starting action vuser_end.	[MsgId: MMSG-15919]
Ending Vuser...	[MsgId: MMSG-15966]
Ending Vuser...	[MsgId: MMSG-15966]
Ending Vuser...	[MsgId: MMSG-15966]
Starting action vuser_end.	[MsgId: MMSG-15919]
Ending Vuser...	[MsgId: MMSG-15966]
Starting action vuser_end.	[MsgId: MMSG-15919]
Starting action vuser_end.	[MsgId: MMSG-15919]
Starting action vuser_end.	[MsgId: MMSG-15919]
Ending action vuser_end.	[MsgId: MMSG-15918]
Ending action vuser_end.	[MsgId: MMSG-15918]
Vuser Terminated.	[MsgId: MMSG-15963]
Starting action vuser_end.	[MsgId: MMSG-15919]
Ending Vuser...	[MsgId: MMSG-15966]
Ending action vuser_end.	[MsgId: MMSG-15918]
Starting action vuser_end.	[MsgId: MMSG-15919]
Ending action vuser_end.	[MsgId: MMSG-15918]
Ending action vuser_end.	[MsgId: MMSG-15918]
Ending Vuser...	[MsgId: MMSG-15966]
Vuser Terminated.	[MsgId: MMSG-15963]
Vuser Terminated.	[MsgId: MMSG-15963]
Starting action vuser_end.	[MsgId: MMSG-15919]
Ending action vuser_end.	[MsgId: MMSG-15918]
Starting action vuser_end.	[MsgId: MMSG-15919]
Vuser 32 (thread 5720), ended OK."	[MsgId: MMSG-10695]
Ending action vuser_end.	[MsgId: MMSG-15918]
Ending Vuser...	[MsgId: MMSG-15966]
Starting action vuser_end.	[MsgId: MMSG-15919]
Starting action vuser_end.	[MsgId: MMSG-15919]
Starting action vuser_end.	[MsgId: MMSG-15919]
Starting action vuser_end.	[MsgId: MMSG-15919]
Starting action vuser_end.	[MsgId: MMSG-15919]
Ending action vuser_end.	[MsgId: MMSG-15918]
Starting action vuser_end.	[MsgId: MMSG-15919]
Starting action vuser_end.	[MsgId: MMSG-15919]
Vuser Terminated.	[MsgId: MMSG-15963]
Action was aborted.	[MsgId: MMSG-10694]
Starting action vuser_end.	[MsgId: MMSG-15919]
Ending Vuser...	[MsgId: MMSG-15966]
Ending action vuser_end.	[MsgId: MMSG-15918]
Starting action vuser_end.	[MsgId: MMSG-15919]
Vuser Terminated.	[MsgId: MMSG-15963]
Ending action vuser_end.	[MsgId: MMSG-15918]
Ending Vuser...	[MsgId: MMSG-15966]
Ending action vuser_end.	[MsgId: MMSG-15918]
Vuser Terminated.	[MsgId: MMSG-15963]
Starting action vuser_end.	[MsgId: MMSG-15919]
Vuser 15 (thread 7360), ended OK."	[MsgId: MMSG-10695]
Ending Vuser...	[MsgId: MMSG-15966]
Ending Vuser...	[MsgId: MMSG-15966]
Ending action vuser_end.	[MsgId: MMSG-15918]
Starting action vuser_end.	[MsgId: MMSG-15919]
Vuser Terminated.	[MsgId: MMSG-15963]
Ending Vuser...	[MsgId: MMSG-15966]
Starting action vuser_end.	[MsgId: MMSG-15919]
Starting action vuser_end.	[MsgId: MMSG-15919]
Starting action vuser_end.	[MsgId: MMSG-15919]
Ending action vuser_end.	[MsgId: MMSG-15918]
Starting action vuser_end.	[MsgId: MMSG-15919]
Starting action vuser_end.	[MsgId: MMSG-15919]
Ending action vuser_end.	[MsgId: MMSG-15918]
Vuser Terminated.	[MsgId: MMSG-15963]
Vuser Terminated.	[MsgId: MMSG-15963]
Starting action vuser_end.	[MsgId: MMSG-15919]
Ending Vuser...	[MsgId: MMSG-15966]
Vuser 29 (thread 4956), ended OK."	[MsgId: MMSG-10695]
Vuser Terminated.	[MsgId: MMSG-15963]
Ending action vuser_end.	[MsgId: MMSG-15918]
Vuser Terminated.	[MsgId: MMSG-15963]
Vuser Terminated.	[MsgId: MMSG-15963]
Starting action vuser_end.	[MsgId: MMSG-15919]
Vuser 45 (thread 9008), ended OK."	[MsgId: MMSG-10695]
Vuser 34 (thread 2628), ended OK."	[MsgId: MMSG-10695]
Ending action vuser_end.	[MsgId: MMSG-15918]
Vuser Terminated.	[MsgId: MMSG-15963]
Ending action vuser_end.	[MsgId: MMSG-15918]
Ending action vuser_end.	[MsgId: MMSG-15918]
Ending action vuser_end.	[MsgId: MMSG-15918]
Ending action vuser_end.	[MsgId: MMSG-15918]
Vuser Terminated.	[MsgId: MMSG-15963]
Ending action vuser_end.	[MsgId: MMSG-15918]
Starting action vuser_end.	[MsgId: MMSG-15919]
Ending action vuser_end.	[MsgId: MMSG-15918]
Vuser Terminated.	[MsgId: MMSG-15963]
Ending action vuser_end.	[MsgId: MMSG-15918]
Vuser 42 (thread 3076), ended OK."	[MsgId: MMSG-10695]
Ending Vuser...	[MsgId: MMSG-15966]
Starting action vuser_end.	[MsgId: MMSG-15919]
Ending action vuser_end.	[MsgId: MMSG-15918]
Vuser Terminated.	[MsgId: MMSG-15963]
Ending Vuser...	[MsgId: MMSG-15966]
Ending action vuser_end.	[MsgId: MMSG-15918]
Vuser 26 (thread 7212), ended OK."	[MsgId: MMSG-10695]
Vuser Terminated.	[MsgId: MMSG-15963]
Starting action vuser_end.	[MsgId: MMSG-15919]
Starting action vuser_end.	[MsgId: MMSG-15919]
Ending action vuser_end.	[MsgId: MMSG-15918]
Vuser 17 (thread 5544), ended OK."	[MsgId: MMSG-10695]
Ending action vuser_end.	[MsgId: MMSG-15918]
Starting action vuser_end.	[MsgId: MMSG-15919]
Vuser Terminated.	[MsgId: MMSG-15963]
Vuser 30 (thread 8576), ended OK."	[MsgId: MMSG-10695]
Ending action vuser_end.	[MsgId: MMSG-15918]
Vuser 11 (thread 5828), ended OK."	[MsgId: MMSG-10695]
Vuser Terminated.	[MsgId: MMSG-15963]
Ending action vuser_end.	[MsgId: MMSG-15918]
Ending action vuser_end.	[MsgId: MMSG-15918]
Ending action vuser_end.	[MsgId: MMSG-15918]
Ending action vuser_end.	[MsgId: MMSG-15918]
Vuser Terminated.	[MsgId: MMSG-15963]
Vuser 25 (thread 5212), ended OK."	[MsgId: MMSG-10695]
Vuser Terminated.	[MsgId: MMSG-15963]
Vuser 6 (thread 5244), ended OK."	[MsgId: MMSG-10695]
Vuser Terminated.	[MsgId: MMSG-15963]
Vuser 31 (thread 5200), ended OK."	[MsgId: MMSG-10695]
Ending Vuser...	[MsgId: MMSG-15966]
Vuser 22 (thread 8812), ended OK."	[MsgId: MMSG-10695]
Starting action vuser_end.	[MsgId: MMSG-15919]
Vuser Terminated.	[MsgId: MMSG-15963]
Ending action vuser_end.	[MsgId: MMSG-15918]
Vuser Terminated.	[MsgId: MMSG-15963]
Vuser 8 (thread 6852), ended OK."	[MsgId: MMSG-10695]
Vuser Terminated.	[MsgId: MMSG-15963]
Vuser 43 (thread 5108), ended OK."	[MsgId: MMSG-10695]
Vuser 46 (thread 936), ended OK."	[MsgId: MMSG-10695]
Vuser 7 (thread 3256), ended OK."	[MsgId: MMSG-10695]
Ending action vuser_end.	[MsgId: MMSG-15918]
Vuser Terminated.	[MsgId: MMSG-15963]
Ending action vuser_end.	[MsgId: MMSG-15918]
Vuser Terminated.	[MsgId: MMSG-15963]
Vuser 21 (thread 7796), ended OK."	[MsgId: MMSG-10695]
Vuser 40 (thread 3760), ended OK."	[MsgId: MMSG-10695]
Vuser Terminated.	[MsgId: MMSG-15963]
Vuser 28 (thread 7628), ended OK."	[MsgId: MMSG-10695]
Vuser 24 (thread 2908), ended OK."	[MsgId: MMSG-10695]
Starting action vuser_end.	[MsgId: MMSG-15919]
Vuser Terminated.	[MsgId: MMSG-15963]
Vuser 38 (thread 8452), ended OK."	[MsgId: MMSG-10695]
Vuser 36 (thread 5360), ended OK."	[MsgId: MMSG-10695]
Ending action vuser_end.	[MsgId: MMSG-15918]
Ending action vuser_end.	[MsgId: MMSG-15918]
Vuser Terminated.	[MsgId: MMSG-15963]
Vuser Terminated.	[MsgId: MMSG-15963]
Ending action vuser_end.	[MsgId: MMSG-15918]
Starting action vuser_end.	[MsgId: MMSG-15919]
Vuser Terminated.	[MsgId: MMSG-15963]
Vuser Terminated.	[MsgId: MMSG-15963]
Vuser Terminated.	[MsgId: MMSG-15963]
Starting action vuser_end.	[MsgId: MMSG-15919]
Vuser 16 (thread 5624), ended OK."	[MsgId: MMSG-10695]
Vuser 12 (thread 5924), ended OK."	[MsgId: MMSG-10695]
Vuser 23 (thread 7808), ended OK."	[MsgId: MMSG-10695]
Ending action vuser_end.	[MsgId: MMSG-15918]
Vuser 10 (thread 5216), ended OK."	[MsgId: MMSG-10695]
Ending action vuser_end.	[MsgId: MMSG-15918]
Vuser 14 (thread 3820), ended OK."	[MsgId: MMSG-10695]
Vuser Terminated.	[MsgId: MMSG-15963]
Vuser Terminated.	[MsgId: MMSG-15963]
Vuser Terminated.	[MsgId: MMSG-15963]
Vuser 37 (thread 1304), ended OK."	[MsgId: MMSG-10695]
Vuser 20 (thread 5652), ended OK."	[MsgId: MMSG-10695]
Vuser 13 (thread 6724), ended OK."	[MsgId: MMSG-10695]
Ending action vuser_end.	[MsgId: MMSG-15918]
Vuser Terminated.	[MsgId: MMSG-15963]
Ending action vuser_end.	[MsgId: MMSG-15918]
Vuser 35 (thread 8768), ended OK."	[MsgId: MMSG-10695]
Ending action vuser_end.	[MsgId: MMSG-15918]
Vuser 3 (thread 4780), ended OK."	[MsgId: MMSG-10695]
Ending action vuser_end.	[MsgId: MMSG-15918]
Vuser 18 (thread 5384), ended OK."	[MsgId: MMSG-10695]
Ending action vuser_end.	[MsgId: MMSG-15918]
Vuser Terminated.	[MsgId: MMSG-15963]
Vuser Terminated.	[MsgId: MMSG-15963]
Vuser Terminated.	[MsgId: MMSG-15963]
Vuser Terminated.	[MsgId: MMSG-15963]
Vuser 44 (thread 8764), ended OK."	[MsgId: MMSG-10695]
Vuser Terminated.	[MsgId: MMSG-15963]
Vuser 33 (thread 7192), ended OK."	[MsgId: MMSG-10695]
Vuser 47 (thread 2592), ended OK."	[MsgId: MMSG-10695]
Vuser 49 (thread 8188), ended OK."	[MsgId: MMSG-10695]
Vuser 9 (thread 6840), ended OK."	[MsgId: MMSG-10695]
Vuser Terminated.	[MsgId: MMSG-15963]
Vuser 48 (thread 8196), ended OK."	[MsgId: MMSG-10695]
Vuser 27 (thread 2636), ended OK."	[MsgId: MMSG-10695]
Vuser 39 (thread 4588), ended OK."	[MsgId: MMSG-10695]
Vuser 4 (thread 9072), ended OK."	[MsgId: MMSG-10695]
Vuser Terminated.	[MsgId: MMSG-15963]
Vuser Terminated.	[MsgId: MMSG-15963]
Vuser 41 (thread 4224), ended OK."	[MsgId: MMSG-10695]
Vuser 19 (thread 8204), ended OK."	[MsgId: MMSG-10695]
Vuser 5 (thread 8920), ended OK."	[MsgId: MMSG-10695]
Starting iteration 2.	[MsgId: MMSG-15968]
Starting iteration 2.	[MsgId: MMSG-15968]
Notify: Next row for parameter P_OpCo = 28 [table  = P_OpCo].	[MsgId: MMSG-13876]
Notify: Next row for parameter P_OpCo = 2 [table  = P_OpCo].	[MsgId: MMSG-13876]
Notify: Getting new value for parameter 'P_OpCo': table = 'P_OpCo.dat' column = '0' row = '28'.	[MsgId: MMSG-13877]
Starting iteration 2.	[MsgId: MMSG-15968]
Notify: Next row for parameter P_URL = 1 [table  = P_URL].	[MsgId: MMSG-13876]
Notify: Getting new value for parameter 'P_OpCo': table = 'P_OpCo.dat' column = '0' row = '2'.	[MsgId: MMSG-13877]
Notify: Getting new value for parameter 'P_URL': table = 'P_URL.dat' column = '0' row = '1'.	[MsgId: MMSG-13877]
Notify: Next row for parameter P_OpCo = 54 [table  = P_OpCo].	[MsgId: MMSG-13876]
Notify: Next row for parameter P_Brand = 1 [table  = P_Brand].	[MsgId: MMSG-13876]
Notify: Next row for parameter P_URL = 1 [table  = P_URL].	[MsgId: MMSG-13876]
Notify: Getting new value for parameter 'P_OpCo': table = 'P_OpCo.dat' column = '0' row = '54'.	[MsgId: MMSG-13877]
Notify: Getting new value for parameter 'P_URL': table = 'P_URL.dat' column = '0' row = '1'.	[MsgId: MMSG-13877]
Notify: Getting new value for parameter 'P_Brand': table = 'P_OpCo.dat' column = '15' row = '1'.	[MsgId: MMSG-13877]
Notify: Next row for parameter P_URL = 1 [table  = P_URL].	[MsgId: MMSG-13876]
Notify: Next row for parameter P_Brand = 1 [table  = P_Brand].	[MsgId: MMSG-13876]
Notify: Next row for parameter P_ContactName = 1 [table  = P_ContactName].	[MsgId: MMSG-13876]
Notify: Getting new value for parameter 'P_URL': table = 'P_URL.dat' column = '0' row = '1'.	[MsgId: MMSG-13877]
Notify: Getting new value for parameter 'P_Brand': table = 'P_OpCo.dat' column = '15' row = '1'.	[MsgId: MMSG-13877]
Notify: Getting new value for parameter 'P_ContactName': table = 'P_OpCo.dat' column = '9' row = '1'.	[MsgId: MMSG-13877]
Notify: Next row for parameter P_Brand = 1 [table  = P_Brand].	[MsgId: MMSG-13876]
Notify: Next row for parameter P_ContactName = 1 [table  = P_ContactName].	[MsgId: MMSG-13876]
Notify: Next row for parameter P_AvgWtPerCase = 1 [table  = P_AvgWtPerCase].	[MsgId: MMSG-13876]
Notify: Getting new value for parameter 'P_Brand': table = 'P_OpCo.dat' column = '15' row = '1'.	[MsgId: MMSG-13877]
Notify: Getting new value for parameter 'P_ContactName': table = 'P_OpCo.dat' column = '9' row = '1'.	[MsgId: MMSG-13877]
Notify: Getting new value for parameter 'P_AvgWtPerCase': table = 'P_OpCo.dat' column = '16' row = '1'.	[MsgId: MMSG-13877]
Notify: Next row for parameter P_ContactName = 1 [table  = P_ContactName].	[MsgId: MMSG-13876]
Notify: Next row for parameter P_AvgWtPerCase = 1 [table  = P_AvgWtPerCase].	[MsgId: MMSG-13876]
Notify: Next row for parameter P_Location = 1 [table  = P_Location].	[MsgId: MMSG-13876]
Notify: Getting new value for parameter 'P_ContactName': table = 'P_OpCo.dat' column = '9' row = '1'.	[MsgId: MMSG-13877]
Notify: Getting new value for parameter 'P_AvgWtPerCase': table = 'P_OpCo.dat' column = '16' row = '1'.	[MsgId: MMSG-13877]
Notify: Getting new value for parameter 'P_Location': table = 'P_OpCo.dat' column = '3' row = '1'.	[MsgId: MMSG-13877]
Notify: Next row for parameter P_AvgWtPerCase = 1 [table  = P_AvgWtPerCase].	[MsgId: MMSG-13876]
Notify: Next row for parameter P_Location = 1 [table  = P_Location].	[MsgId: MMSG-13876]
Notify: Next row for parameter P_PackPerSize = 1 [table  = P_PackPerSize].	[MsgId: MMSG-13876]
Notify: Getting new value for parameter 'P_AvgWtPerCase': table = 'P_OpCo.dat' column = '16' row = '1'.	[MsgId: MMSG-13877]
Notify: Getting new value for parameter 'P_Location': table = 'P_OpCo.dat' column = '3' row = '1'.	[MsgId: MMSG-13877]
Notify: Next row for parameter P_Location = 1 [table  = P_Location].	[MsgId: MMSG-13876]
Notify: Getting new value for parameter 'P_PackPerSize': table = 'P_OpCo.dat' column = '17' row = '1'.	[MsgId: MMSG-13877]
Notify: Next row for parameter P_PackPerSize = 1 [table  = P_PackPerSize].	[MsgId: MMSG-13876]
Notify: Getting new value for parameter 'P_Location': table = 'P_OpCo.dat' column = '3' row = '1'.	[MsgId: MMSG-13877]
Notify: Next row for parameter P_StorageName = 1 [table  = P_StorageName].	[MsgId: MMSG-13876]
Notify: Next row for parameter P_PackPerSize = 1 [table  = P_PackPerSize].	[MsgId: MMSG-13876]
Notify: Getting new value for parameter 'P_PackPerSize': table = 'P_OpCo.dat' column = '17' row = '1'.	[MsgId: MMSG-13877]
Notify: Getting new value for parameter 'P_StorageName': table = 'P_OpCo.dat' column = '4' row = '1'.	[MsgId: MMSG-13877]
Notify: Getting new value for parameter 'P_PackPerSize': table = 'P_OpCo.dat' column = '17' row = '1'.	[MsgId: MMSG-13877]
Notify: Next row for parameter P_Notes = 1 [table  = P_Notes].	[MsgId: MMSG-13876]
Notify: Next row for parameter P_StorageName = 1 [table  = P_StorageName].	[MsgId: MMSG-13876]
Notify: Next row for parameter P_StorageName = 1 [table  = P_StorageName].	[MsgId: MMSG-13876]
Notify: Getting new value for parameter 'P_Notes': table = 'P_OpCo.dat' column = '12' row = '1'.	[MsgId: MMSG-13877]
Notify: Getting new value for parameter 'P_StorageName': table = 'P_OpCo.dat' column = '4' row = '1'.	[MsgId: MMSG-13877]
Notify: Getting new value for parameter 'P_StorageName': table = 'P_OpCo.dat' column = '4' row = '1'.	[MsgId: MMSG-13877]
Notify: Next row for parameter P_FoodType = 1 [table  = P_FoodType].	[MsgId: MMSG-13876]
Notify: Next row for parameter P_Notes = 1 [table  = P_Notes].	[MsgId: MMSG-13876]
Notify: Getting new value for parameter 'P_FoodType': table = 'P_OpCo.dat' column = '5' row = '1'.	[MsgId: MMSG-13877]
Notify: Next row for parameter P_Notes = 1 [table  = P_Notes].	[MsgId: MMSG-13876]
Notify: Getting new value for parameter 'P_Notes': table = 'P_OpCo.dat' column = '12' row = '1'.	[MsgId: MMSG-13877]
Notify: Next row for parameter P_Email = 1 [table  = P_Email].	[MsgId: MMSG-13876]
Notify: Getting new value for parameter 'P_Notes': table = 'P_OpCo.dat' column = '12' row = '1'.	[MsgId: MMSG-13877]
Notify: Next row for parameter P_FoodType = 1 [table  = P_FoodType].	[MsgId: MMSG-13876]
Notify: Getting new value for parameter 'P_Email': table = 'P_OpCo.dat' column = '10' row = '1'.	[MsgId: MMSG-13877]
Notify: Next row for parameter P_FoodType = 1 [table  = P_FoodType].	[MsgId: MMSG-13876]
Notify: Getting new value for parameter 'P_FoodType': table = 'P_OpCo.dat' column = '5' row = '1'.	[MsgId: MMSG-13877]
Notify: Next row for parameter P_PhoneNumber = 1 [table  = P_PhoneNumber].	[MsgId: MMSG-13876]
Notify: Getting new value for parameter 'P_FoodType': table = 'P_OpCo.dat' column = '5' row = '1'.	[MsgId: MMSG-13877]
Notify: Next row for parameter P_Email = 1 [table  = P_Email].	[MsgId: MMSG-13876]
Notify: Getting new value for parameter 'P_PhoneNumber': table = 'P_OpCo.dat' column = '11' row = '1'.	[MsgId: MMSG-13877]
Notify: Next row for parameter P_Email = 1 [table  = P_Email].	[MsgId: MMSG-13876]
Notify: Getting new value for parameter 'P_Email': table = 'P_OpCo.dat' column = '10' row = '1'.	[MsgId: MMSG-13877]
Notify: Next row for parameter P_UserID = 28 [table  = P_UserID].	[MsgId: MMSG-13876]
Notify: Getting new value for parameter 'P_Email': table = 'P_OpCo.dat' column = '10' row = '1'.	[MsgId: MMSG-13877]
Notify: Next row for parameter P_PhoneNumber = 1 [table  = P_PhoneNumber].	[MsgId: MMSG-13876]
Notify: Getting new value for parameter 'P_UserID': table = 'P_OpCo.dat' column = '2' row = '28'.	[MsgId: MMSG-13877]
Notify: Next row for parameter P_PhoneNumber = 1 [table  = P_PhoneNumber].	[MsgId: MMSG-13876]
Notify: Getting new value for parameter 'P_PhoneNumber': table = 'P_OpCo.dat' column = '11' row = '1'.	[MsgId: MMSG-13877]
Notify: Next row for parameter P_Address = 1 [table  = P_Address].	[MsgId: MMSG-13876]
Notify: Getting new value for parameter 'P_PhoneNumber': table = 'P_OpCo.dat' column = '11' row = '1'.	[MsgId: MMSG-13877]
Notify: Next row for parameter P_UserID = 2 [table  = P_UserID].	[MsgId: MMSG-13876]
Notify: Getting new value for parameter 'P_Address': table = 'P_OpCo.dat' column = '8' row = '1'.	[MsgId: MMSG-13877]
Notify: Next row for parameter P_UserID = 54 [table  = P_UserID].	[MsgId: MMSG-13876]
Notify: Getting new value for parameter 'P_UserID': table = 'P_OpCo.dat' column = '2' row = '2'.	[MsgId: MMSG-13877]
Notify: Next row for parameter P_ProductName = 1 [table  = P_ProductName].	[MsgId: MMSG-13876]
Notify: Getting new value for parameter 'P_UserID': table = 'P_OpCo.dat' column = '2' row = '54'.	[MsgId: MMSG-13877]
Notify: Next row for parameter P_Address = 1 [table  = P_Address].	[MsgId: MMSG-13876]
Notify: Getting new value for parameter 'P_ProductName': table = 'P_OpCo.dat' column = '14' row = '1'.	[MsgId: MMSG-13877]
Notify: Next row for parameter P_Address = 1 [table  = P_Address].	[MsgId: MMSG-13876]
Notify: Getting new value for parameter 'P_Address': table = 'P_OpCo.dat' column = '8' row = '1'.	[MsgId: MMSG-13877]
Notify: Next row for parameter P_CustomerID = 28 [table  = P_CustomerID].	[MsgId: MMSG-13876]
Notify: Getting new value for parameter 'P_Address': table = 'P_OpCo.dat' column = '8' row = '1'.	[MsgId: MMSG-13877]
Notify: Next row for parameter P_ProductName = 1 [table  = P_ProductName].	[MsgId: MMSG-13876]
Notify: Getting new value for parameter 'P_CustomerID': table = 'P_OpCo.dat' column = '1' row = '28'.	[MsgId: MMSG-13877]
Notify: Next row for parameter P_ProductName = 1 [table  = P_ProductName].	[MsgId: MMSG-13876]
Notify: Getting new value for parameter 'P_ProductName': table = 'P_OpCo.dat' column = '14' row = '1'.	[MsgId: MMSG-13877]
Notify: Next row for parameter P_CategoryName = 1 [table  = P_CategoryName].	[MsgId: MMSG-13876]
Notify: Getting new value for parameter 'P_ProductName': table = 'P_OpCo.dat' column = '14' row = '1'.	[MsgId: MMSG-13877]
Notify: Next row for parameter P_CustomerID = 2 [table  = P_CustomerID].	[MsgId: MMSG-13876]
Notify: Next row for parameter P_CustomerID = 54 [table  = P_CustomerID].	[MsgId: MMSG-13876]
Notify: Getting new value for parameter 'P_CategoryName': table = 'P_OpCo.dat' column = '19' row = '1'.	[MsgId: MMSG-13877]
Notify: Getting new value for parameter 'P_CustomerID': table = 'P_OpCo.dat' column = '1' row = '2'.	[MsgId: MMSG-13877]
Notify: Getting new value for parameter 'P_CustomerID': table = 'P_OpCo.dat' column = '1' row = '54'.	[MsgId: MMSG-13877]
Notify: Next row for parameter P_UOM = 1 [table  = P_UOM].	[MsgId: MMSG-13876]
Notify: Next row for parameter P_CategoryName = 1 [table  = P_CategoryName].	[MsgId: MMSG-13876]
Notify: Next row for parameter P_CategoryName = 1 [table  = P_CategoryName].	[MsgId: MMSG-13876]
Notify: Getting new value for parameter 'P_UOM': table = 'P_OpCo.dat' column = '18' row = '1'.	[MsgId: MMSG-13877]
Notify: Getting new value for parameter 'P_CategoryName': table = 'P_OpCo.dat' column = '19' row = '1'.	[MsgId: MMSG-13877]
Notify: Getting new value for parameter 'P_CategoryName': table = 'P_OpCo.dat' column = '19' row = '1'.	[MsgId: MMSG-13877]
Starting action Action.	[MsgId: MMSG-15919]
Notify: Next row for parameter P_UOM = 1 [table  = P_UOM].	[MsgId: MMSG-13876]
Notify: Next row for parameter P_UOM = 1 [table  = P_UOM].	[MsgId: MMSG-13876]
Action.c(7): web_add_header("Authorization") started  	[MsgId: MMSG-26355]
Notify: Getting new value for parameter 'P_UOM': table = 'P_OpCo.dat' column = '18' row = '1'.	[MsgId: MMSG-13877]
Notify: Getting new value for parameter 'P_UOM': table = 'P_OpCo.dat' column = '18' row = '1'.	[MsgId: MMSG-13877]
Action.c(7): Notify: Parameter Substitution: parameter "P_OpCo" =  "067"	[MsgId: MMSG-13992]
Starting action Action.	[MsgId: MMSG-15919]
Starting action Action.	[MsgId: MMSG-15919]
Action.c(7): Notify: Next row for parameter P_CustomerID = 28 [table  = P_CustomerID].	[MsgId: MMSG-13876]
Action.c(7): web_add_header("Authorization") started  	[MsgId: MMSG-26355]
Action.c(7): web_add_header("Authorization") started  	[MsgId: MMSG-26355]
Action.c(7): Notify: Parameter Substitution: parameter "P_CustomerID" =  "553677"	[MsgId: MMSG-13992]
Action.c(7): Notify: Parameter Substitution: parameter "P_OpCo" =  "067"	[MsgId: MMSG-13992]
Action.c(7): Notify: Parameter Substitution: parameter "P_OpCo" =  "067"	[MsgId: MMSG-13992]
Action.c(7): Notify: Next row for parameter P_UserID = 28 [table  = P_UserID].	[MsgId: MMSG-13876]
Action.c(7): Notify: Parameter Substitution: parameter "P_UserID" =  "553677"	[MsgId: MMSG-13992]
Action.c(7): Notify: Next row for parameter P_CustomerID = 2 [table  = P_CustomerID].	[MsgId: MMSG-13876]
Action.c(7): Warning -26593: The header being added may cause unpredictable results when applied to all ensuing URLs. It is added anyway  	[MsgId: MWAR-26593]
Action.c(7): Notify: Next row for parameter P_CustomerID = 54 [table  = P_CustomerID].	[MsgId: MMSG-13876]
Action.c(7): Notify: Parameter Substitution: parameter "P_CustomerID" =  "553404"	[MsgId: MMSG-13992]
Action.c(7): Notify: Parameter Substitution: parameter "P_CustomerID" =  "553933"	[MsgId: MMSG-13992]
Action.c(7): Notify: Next row for parameter P_UserID = 2 [table  = P_UserID].	[MsgId: MMSG-13876]
Action.c(7): Notify: Parameter Substitution: parameter "P_UserID" =  "553404"	[MsgId: MMSG-13992]
Action.c(7): web_add_header("Authorization") highest severity level was "warning"  	[MsgId: MMSG-26391]
Action.c(7): Notify: Next row for parameter P_UserID = 54 [table  = P_UserID].	[MsgId: MMSG-13876]
Action.c(7): Warning -26593: The header being added may cause unpredictable results when applied to all ensuing URLs. It is added anyway  	[MsgId: MWAR-26593]
Action.c(9): web_reg_save_param started  	[MsgId: MMSG-26355]
Action.c(7): web_add_header("Authorization") highest severity level was "warning"  	[MsgId: MMSG-26391]
Action.c(9): Registering web_reg_save_param was successful  	[MsgId: MMSG-26390]
Action.c(7): Notify: Parameter Substitution: parameter "P_UserID" =  "553933"	[MsgId: MMSG-13992]
Action.c(9): web_reg_save_param started  	[MsgId: MMSG-26355]
Action.c(10): web_reg_save_param started  	[MsgId: MMSG-26355]
Action.c(7): Warning -26593: The header being added may cause unpredictable results when applied to all ensuing URLs. It is added anyway  	[MsgId: MWAR-26593]
Action.c(9): Registering web_reg_save_param was successful  	[MsgId: MMSG-26390]
Action.c(7): web_add_header("Authorization") highest severity level was "warning"  	[MsgId: MMSG-26391]
Action.c(10): Registering web_reg_save_param was successful  	[MsgId: MMSG-26390]
Action.c(10): web_reg_save_param started  	[MsgId: MMSG-26355]
Action.c(9): web_reg_save_param started  	[MsgId: MMSG-26355]
Action.c(12): web_url("GetAccount") started  	[MsgId: MMSG-26355]
Action.c(10): Registering web_reg_save_param was successful  	[MsgId: MMSG-26390]
Action.c(9): Registering web_reg_save_param was successful  	[MsgId: MMSG-26390]
Action.c(12): Notify: Parameter Substitution: parameter "P_URL" =  "http://internal-qa-uom-services-private-elb-306417685.us-east-1.elb.amazonaws.com"	[MsgId: MMSG-13992]
Action.c(12): web_url("GetAccount") started  	[MsgId: MMSG-26355]
Action.c(10): web_reg_save_param started  	[MsgId: MMSG-26355]
Action.c(12): Notify: Parameter Substitution: parameter "P_URL" =  "http://internal-qa-uom-services-private-elb-306417685.us-east-1.elb.amazonaws.com"	[MsgId: MMSG-13992]
Action.c(10): Registering web_reg_save_param was successful  	[MsgId: MMSG-26390]
Action.c(12): web_url("GetAccount") started  	[MsgId: MMSG-26355]
Action.c(12): Notify: Parameter Substitution: parameter "P_URL" =  "http://internal-qa-uom-services-private-elb-306417685.us-east-1.elb.amazonaws.com"	[MsgId: MMSG-13992]
Action.c(12): Notify: Saving Parameter "Corr_CustomerID = 553677".	[MsgId: MMSG-13798]
Action.c(12): Notify: Saving Parameter "Corr_isCogs = true".	[MsgId: MMSG-13798]
Action.c(12): HTML parsing not performed for Content-Type "application/json" ("ParseHtmlContentType" Run-Time Setting is "TEXT"). URL="http://internal-qa-uom-services-private-elb-306417685.us-east-1.elb.amazonaws.com:80/accounts/mine"  	[MsgId: MMSG-26548]
Action.c(12): web_url("GetAccount") was successful, 50 body bytes, 132 header bytes  	[MsgId: MMSG-26386]
Action.c(22): lr_think_time: 1.00 seconds.	[MsgId: MMSG-15948]
Action.c(12): Notify: Saving Parameter "Corr_CustomerID = 553933".	[MsgId: MMSG-13798]
Action.c(12): Notify: Saving Parameter "Corr_isCogs = true".	[MsgId: MMSG-13798]
Action.c(12): HTML parsing not performed for Content-Type "application/json" ("ParseHtmlContentType" Run-Time Setting is "TEXT"). URL="http://internal-qa-uom-services-private-elb-306417685.us-east-1.elb.amazonaws.com:80/accounts/mine"  	[MsgId: MMSG-26548]
Action.c(12): web_url("GetAccount") was successful, 50 body bytes, 132 header bytes  	[MsgId: MMSG-26386]
Action.c(22): lr_think_time: 1.00 seconds.	[MsgId: MMSG-15948]
Action.c(12): Notify: Saving Parameter "Corr_CustomerID = 553404".	[MsgId: MMSG-13798]
Action.c(12): Notify: Saving Parameter "Corr_isCogs = true".	[MsgId: MMSG-13798]
Action.c(12): HTML parsing not performed for Content-Type "application/json" ("ParseHtmlContentType" Run-Time Setting is "TEXT"). URL="http://internal-qa-uom-services-private-elb-306417685.us-east-1.elb.amazonaws.com:80/accounts/mine"  	[MsgId: MMSG-26548]
Action.c(12): web_url("GetAccount") was successful, 50 body bytes, 132 header bytes  	[MsgId: MMSG-26386]
Action.c(22): lr_think_time: 1.00 seconds.	[MsgId: MMSG-15948]
Action.c(24): Notify: Parameter Substitution: parameter "Corr_CustomerID" =  "553677"	[MsgId: MMSG-13992]
Action.c(24): Notify: Parameter Substitution: parameter "Corr_CustomerID" =  "553933"	[MsgId: MMSG-13992]
Ending action Action.	[MsgId: MMSG-15918]
Ending action Action.	[MsgId: MMSG-15918]
Action was aborted.	[MsgId: MMSG-10694]
Ending Vuser...	[MsgId: MMSG-15966]
Action was aborted.	[MsgId: MMSG-10694]
Starting action vuser_end.	[MsgId: MMSG-15919]
Ending action vuser_end.	[MsgId: MMSG-15918]
Ending Vuser...	[MsgId: MMSG-15966]
Vuser Terminated.	[MsgId: MMSG-15963]
Starting action vuser_end.	[MsgId: MMSG-15919]
Vuser 2 (thread 5996), ended OK."	[MsgId: MMSG-10695]
Ending action vuser_end.	[MsgId: MMSG-15918]
Action.c(24): Notify: Parameter Substitution: parameter "Corr_CustomerID" =  "553404"	[MsgId: MMSG-13992]
Vuser Terminated.	[MsgId: MMSG-15963]
Ending action Action.	[MsgId: MMSG-15918]
Vuser 1 (thread 4688), ended OK."	[MsgId: MMSG-10695]
Action was aborted.	[MsgId: MMSG-10694]
Ending Vuser...	[MsgId: MMSG-15966]
Starting action vuser_end.	[MsgId: MMSG-15919]
Ending action vuser_end.	[MsgId: MMSG-15918]
Vuser Terminated.	[MsgId: MMSG-15963]
Vuser 0 (thread 5712), ended OK."	[MsgId: MMSG-10695]
