Action.c(81): Notify: Next row for parameter P_UserID = 44 [table  = P_UserID].	[MsgId: MMSG-13876]
Action.c(81): Notify: Parameter Substitution: parameter "P_UserID" =  "017020"	[MsgId: MMSG-13992]
Action.c(81): Warning -26593: The header being added may cause unpredictable results when applied to all ensuing URLs. It is added anyway  	[MsgId: MWAR-26593]
Action.c(81): "Authorization: Bearer 067|017020|017020" header registered for adding to requests from the immediately following Action function  	[MsgId: MMSG-26506]
Action.c(81): web_add_header("Authorization") highest severity level was "warning"  	[MsgId: MMSG-26391]
Action.c(83): web_reg_save_param started  	[MsgId: MMSG-26355]
Action.c(83): Registering web_reg_save_param was successful  	[MsgId: MMSG-26390]
Action.c(85): web_custom_request("CreateGroup") started  	[MsgId: MMSG-26355]
Action.c(85): Notify: Parameter Substitution: parameter "P_URL" =  "http://internal-qa-uom-services-private-elb-306417685.us-east-1.elb.amazonaws.com"	[MsgId: MMSG-13992]
Action.c(85): Notify: Parameter Substitution: parameter "P_URL" =  "http://internal-qa-uom-services-private-elb-306417685.us-east-1.elb.amazonaws.com"	[MsgId: MMSG-13992]
Action.c(85): Notify: Next row for parameter P_GroupName = 435 [table  = P_GroupName].	[MsgId: MMSG-13876]
Action.c(85): Notify: Getting new value for parameter 'P_GroupName': table = 'P_OpCo.dat' column = '6' row = '435'.	[MsgId: MMSG-13877]
Action.c(85): Notify: Parameter Substitution: parameter "P_GroupName" =  "PT_Group435"	[MsgId: MMSG-13992]
Action.c(85): Notify: Next row for parameter P_Location = 435 [table  = P_Location].	[MsgId: MMSG-13876]
Action.c(85): Notify: Getting new value for parameter 'P_Location': table = 'P_OpCo.dat' column = '3' row = '435'.	[MsgId: MMSG-13877]
Action.c(85): Notify: Parameter Substitution: parameter "P_Location" =  "location"	[MsgId: MMSG-13992]
Action.c(85): Notify: Next row for parameter P_StorageName = 435 [table  = P_StorageName].	[MsgId: MMSG-13876]
Action.c(85): Notify: Getting new value for parameter 'P_StorageName': table = 'P_OpCo.dat' column = '4' row = '435'.	[MsgId: MMSG-13877]
Action.c(85): Notify: Parameter Substitution: parameter "P_StorageName" =  "Restroom"	[MsgId: MMSG-13992]
Action.c(85): Notify: Next row for parameter P_FoodType = 435 [table  = P_FoodType].	[MsgId: MMSG-13876]
Action.c(85): Notify: Getting new value for parameter 'P_FoodType': table = 'P_OpCo.dat' column = '5' row = '435'.	[MsgId: MMSG-13877]
Action.c(85): Notify: Parameter Substitution: parameter "P_FoodType" =  "nonFood"	[MsgId: MMSG-13992]
Action.c(85): t=57131ms: Already connected [0] to internal-qa-uom-services-private-elb-306417685.us-east-1.elb.amazonaws.com:80  	[MsgId: MMSG-26000]
Action.c(85): t=57132ms: 530-byte request headers for "http://internal-qa-uom-services-private-elb-306417685.us-east-1.elb.amazonaws.com:80/groups" (RelFrameId=1, Internal ID=477)
Action.c(85):     POST /groups HTTP/1.1\r\n
Action.c(85):     Authorization: Bearer 067|017020|017020\r\n
Action.c(85):     Content-Type: application/json\r\n
Action.c(85):     Referer: http://internal-qa-uom-services-private-elb-306417685.us-east-1.elb.amazonaws.com
Action.c(85):     /swagger\r\n
Action.c(85):     User-Agent: Mozilla/5.0 (Windows NT 6.1; WOW64) AppleWebKit/537.36 (KHTML, like Gecko) Chr
Action.c(85):     ome/48.0.2564.97 Safari/537.36\r\n
Action.c(85):     Accept-Encoding: gzip, deflate, sdch\r\n
Action.c(85):     Accept-Language: en-US,en;q=0.8\r\n
Action.c(85):     Accept: */*\r\n
Action.c(85):     Connection: Keep-Alive\r\n
Action.c(85):     Host: internal-qa-uom-services-private-elb-306417685.us-east-1.elb.amazonaws.com\r\n
Action.c(85):     Content-Length: 95\r\n
Action.c(85):     \r\n
Action.c(85): t=57137ms: 95-byte request body for "http://internal-qa-uom-services-private-elb-306417685.us-east-1.elb.amazonaws.com:80/groups" (RelFrameId=1, Internal ID=477)
Action.c(85):     {\n
Action.c(85):      "name": "PT_Group435",\n
Action.c(85):      "type": "location",\n
Action.c(85):      "storage": "Restroom",\n
Action.c(85):      "foodtype": "nonFood"\n
Action.c(85):     }
Action.c(85): t=57189ms: 275-byte response headers for "http://internal-qa-uom-services-private-elb-306417685.us-east-1.elb.amazonaws.com:80/groups" (RelFrameId=1, Internal ID=477)
Action.c(85):     HTTP/1.1 201 Created\r\n
Action.c(85):     Content-Type: application/json\r\n
Action.c(85):     Date: Tue, 22 Mar 2016 21:40:16 GMT\r\n
Action.c(85):     Location: http://internal-qa-uom-services-private-elb-306417685.us-east-1.elb.amazonaws.co
Action.c(85):     m/groups/3af49ddf-40c2-4fac-aaff-6c0b1f5e01dd\r\n
Action.c(85):     Content-Length: 140\r\n
Action.c(85):     Connection: keep-alive\r\n
Action.c(85):     \r\n
Action.c(85): t=57193ms: 140-byte response body for "http://internal-qa-uom-services-private-elb-306417685.us-east-1.elb.amazonaws.com:80/groups" (RelFrameId=1, Internal ID=477)
Action.c(85):     {"id":"3af49ddf-40c2-4fac-aaff-6c0b1f5e01dd","name":"PT_Group435","storage":"Restroom","ty
Action.c(85):     pe":"location","opCo":"067","customerId":"017020"}
Action.c(85): Notify: Saving Parameter "Corr_GroupID = 3af49ddf-40c2-4fac-aaff-6c0b1f5e01dd".	[MsgId: MMSG-13798]
Action.c(85): t=57194ms: Request done "http://internal-qa-uom-services-private-elb-306417685.us-east-1.elb.amazonaws.com:80/groups"  	[MsgId: MMSG-26000]
Action.c(85): web_custom_request("CreateGroup") was successful, 140 body bytes, 275 header bytes  	[MsgId: MMSG-26386]
Action.c(98): Notify: Transaction "Create_Groups" ended with a "Pass" status (Duration: 0.0776 Wasted Time: 0.0004).	[MsgId: MMSG-16871]
Action.c(103): Notify: Parameter Substitution: parameter "Corr_GroupID" =  "3af49ddf-40c2-4fac-aaff-6c0b1f5e01dd"	[MsgId: MMSG-13992]
Action.c(103): Notify: Next row for parameter P_GroupName = 436 [table  = P_GroupName].	[MsgId: MMSG-13876]
Action.c(103): Notify: Getting new value for parameter 'P_GroupName': table = 'P_OpCo.dat' column = '6' row = '436'.	[MsgId: MMSG-13877]
Action.c(103): Notify: Parameter Substitution: parameter "P_GroupName" =  "PT_Group436"	[MsgId: MMSG-13992]
Action.c(103): Notify: Next row for parameter P_StorageName = 436 [table  = P_StorageName].	[MsgId: MMSG-13876]
Action.c(103): Notify: Getting new value for parameter 'P_StorageName': table = 'P_OpCo.dat' column = '4' row = '436'.	[MsgId: MMSG-13877]
Action.c(103): Notify: Parameter Substitution: parameter "P_StorageName" =  "Freezer"	[MsgId: MMSG-13992]
Action.c(103): Notify: Next row for parameter P_Location = 436 [table  = P_Location].	[MsgId: MMSG-13876]
Action.c(103): Notify: Getting new value for parameter 'P_Location': table = 'P_OpCo.dat' column = '3' row = '436'.	[MsgId: MMSG-13877]
Action.c(103): Notify: Parameter Substitution: parameter "P_Location" =  "location"	[MsgId: MMSG-13992]
Action.c(103): Notify: Parameter Substitution: parameter "P_OpCo" =  "067"	[MsgId: MMSG-13992]
Action.c(103): Notify: Next row for parameter P_CustomerID = 44 [table  = P_CustomerID].	[MsgId: MMSG-13876]
Action.c(103): Notify: Parameter Substitution: parameter "P_CustomerID" =  "017020"	[MsgId: MMSG-13992]
Action.c(79): Notify: Transaction "Create_Groups" started.	[MsgId: MMSG-16999]
Action.c(81): web_add_header("Authorization") started  	[MsgId: MMSG-26355]
Action.c(81): Notify: Parameter Substitution: parameter "P_OpCo" =  "067"	[MsgId: MMSG-13992]
Action.c(81): Notify: Next row for parameter P_CustomerID = 44 [table  = P_CustomerID].	[MsgId: MMSG-13876]
Action.c(81): Notify: Parameter Substitution: parameter "P_CustomerID" =  "017020"	[MsgId: MMSG-13992]
Action.c(81): Notify: Next row for parameter P_UserID = 44 [table  = P_UserID].	[MsgId: MMSG-13876]
Action.c(81): Notify: Parameter Substitution: parameter "P_UserID" =  "017020"	[MsgId: MMSG-13992]
Action.c(81): Warning -26593: The header being added may cause unpredictable results when applied to all ensuing URLs. It is added anyway  	[MsgId: MWAR-26593]
Action.c(81): "Authorization: Bearer 067|017020|017020" header registered for adding to requests from the immediately following Action function  	[MsgId: MMSG-26506]
Action.c(81): web_add_header("Authorization") highest severity level was "warning"  	[MsgId: MMSG-26391]
Action.c(83): web_reg_save_param started  	[MsgId: MMSG-26355]
Action.c(83): Registering web_reg_save_param was successful  	[MsgId: MMSG-26390]
Action.c(85): web_custom_request("CreateGroup") started  	[MsgId: MMSG-26355]
Action.c(85): Notify: Parameter Substitution: parameter "P_URL" =  "http://internal-qa-uom-services-private-elb-306417685.us-east-1.elb.amazonaws.com"	[MsgId: MMSG-13992]
Action.c(85): Notify: Parameter Substitution: parameter "P_URL" =  "http://internal-qa-uom-services-private-elb-306417685.us-east-1.elb.amazonaws.com"	[MsgId: MMSG-13992]
Action.c(85): Notify: Next row for parameter P_GroupName = 437 [table  = P_GroupName].	[MsgId: MMSG-13876]
Action.c(85): Notify: Getting new value for parameter 'P_GroupName': table = 'P_OpCo.dat' column = '6' row = '437'.	[MsgId: MMSG-13877]
Action.c(85): Notify: Parameter Substitution: parameter "P_GroupName" =  "PT_Group437"	[MsgId: MMSG-13992]
Action.c(85): Notify: Next row for parameter P_Location = 437 [table  = P_Location].	[MsgId: MMSG-13876]
Action.c(85): Notify: Getting new value for parameter 'P_Location': table = 'P_OpCo.dat' column = '3' row = '437'.	[MsgId: MMSG-13877]
Action.c(85): Notify: Parameter Substitution: parameter "P_Location" =  "location"	[MsgId: MMSG-13992]
Action.c(85): Notify: Next row for parameter P_StorageName = 437 [table  = P_StorageName].	[MsgId: MMSG-13876]
Action.c(85): Notify: Getting new value for parameter 'P_StorageName': table = 'P_OpCo.dat' column = '4' row = '437'.	[MsgId: MMSG-13877]
Action.c(85): Notify: Parameter Substitution: parameter "P_StorageName" =  "Cooler"	[MsgId: MMSG-13992]
Action.c(85): Notify: Next row for parameter P_FoodType = 437 [table  = P_FoodType].	[MsgId: MMSG-13876]
Action.c(85): Notify: Getting new value for parameter 'P_FoodType': table = 'P_OpCo.dat' column = '5' row = '437'.	[MsgId: MMSG-13877]
Action.c(85): Notify: Parameter Substitution: parameter "P_FoodType" =  "food"	[MsgId: MMSG-13992]
Action.c(85): t=57218ms: Already connected [0] to internal-qa-uom-services-private-elb-306417685.us-east-1.elb.amazonaws.com:80  	[MsgId: MMSG-26000]
Action.c(85): t=57218ms: 530-byte request headers for "http://internal-qa-uom-services-private-elb-306417685.us-east-1.elb.amazonaws.com:80/groups" (RelFrameId=1, Internal ID=478)
Action.c(85):     POST /groups HTTP/1.1\r\n
Action.c(85):     Authorization: Bearer 067|017020|017020\r\n
Action.c(85):     Content-Type: application/json\r\n
Action.c(85):     Referer: http://internal-qa-uom-services-private-elb-306417685.us-east-1.elb.amazonaws.com
Action.c(85):     /swagger\r\n
Action.c(85):     User-Agent: Mozilla/5.0 (Windows NT 6.1; WOW64) AppleWebKit/537.36 (KHTML, like Gecko) Chr
Action.c(85):     ome/48.0.2564.97 Safari/537.36\r\n
Action.c(85):     Accept-Encoding: gzip, deflate, sdch\r\n
Action.c(85):     Accept-Language: en-US,en;q=0.8\r\n
Action.c(85):     Accept: */*\r\n
Action.c(85):     Connection: Keep-Alive\r\n
Action.c(85):     Host: internal-qa-uom-services-private-elb-306417685.us-east-1.elb.amazonaws.com\r\n
Action.c(85):     Content-Length: 90\r\n
Action.c(85):     \r\n
Action.c(85): t=57223ms: 90-byte request body for "http://internal-qa-uom-services-private-elb-306417685.us-east-1.elb.amazonaws.com:80/groups" (RelFrameId=1, Internal ID=478)
Action.c(85):     {\n
Action.c(85):      "name": "PT_Group437",\n
Action.c(85):      "type": "location",\n
Action.c(85):      "storage": "Cooler",\n
Action.c(85):      "foodtype": "food"\n
Action.c(85):     }
Action.c(85): t=57277ms: 275-byte response headers for "http://internal-qa-uom-services-private-elb-306417685.us-east-1.elb.amazonaws.com:80/groups" (RelFrameId=1, Internal ID=478)
Action.c(85):     HTTP/1.1 201 Created\r\n
Action.c(85):     Content-Type: application/json\r\n
Action.c(85):     Date: Tue, 22 Mar 2016 21:40:16 GMT\r\n
Action.c(85):     Location: http://internal-qa-uom-services-private-elb-306417685.us-east-1.elb.amazonaws.co
Action.c(85):     m/groups/eef63372-554b-4f77-96e7-e25a5f80a346\r\n
Action.c(85):     Content-Length: 138\r\n
Action.c(85):     Connection: keep-alive\r\n
Action.c(85):     \r\n
Action.c(85): t=57280ms: 138-byte response body for "http://internal-qa-uom-services-private-elb-306417685.us-east-1.elb.amazonaws.com:80/groups" (RelFrameId=1, Internal ID=478)
Action.c(85):     {"id":"eef63372-554b-4f77-96e7-e25a5f80a346","name":"PT_Group437","storage":"Cooler","type
Action.c(85):     ":"location","opCo":"067","customerId":"017020"}
Action.c(85): Notify: Saving Parameter "Corr_GroupID = eef63372-554b-4f77-96e7-e25a5f80a346".	[MsgId: MMSG-13798]
Action.c(85): t=57282ms: Request done "http://internal-qa-uom-services-private-elb-306417685.us-east-1.elb.amazonaws.com:80/groups"  	[MsgId: MMSG-26000]
Action.c(85): web_custom_request("CreateGroup") was successful, 138 body bytes, 275 header bytes  	[MsgId: MMSG-26386]
Action.c(98): Notify: Transaction "Create_Groups" ended with a "Pass" status (Duration: 0.0749 Wasted Time: 0.0004).	[MsgId: MMSG-16871]
Action.c(103): Notify: Parameter Substitution: parameter "Corr_GroupID" =  "eef63372-554b-4f77-96e7-e25a5f80a346"	[MsgId: MMSG-13992]
Action.c(103): Notify: Next row for parameter P_GroupName = 438 [table  = P_GroupName].	[MsgId: MMSG-13876]
Action.c(103): Notify: Getting new value for parameter 'P_GroupName': table = 'P_OpCo.dat' column = '6' row = '438'.	[MsgId: MMSG-13877]
Action.c(103): Notify: Parameter Substitution: parameter "P_GroupName" =  "PT_Group438"	[MsgId: MMSG-13992]
Action.c(103): Notify: Next row for parameter P_StorageName = 438 [table  = P_StorageName].	[MsgId: MMSG-13876]
Action.c(103): Notify: Getting new value for parameter 'P_StorageName': table = 'P_OpCo.dat' column = '4' row = '438'.	[MsgId: MMSG-13877]
Action.c(103): Notify: Parameter Substitution: parameter "P_StorageName" =  "Dryer"	[MsgId: MMSG-13992]
Action.c(103): Notify: Next row for parameter P_Location = 438 [table  = P_Location].	[MsgId: MMSG-13876]
Action.c(103): Notify: Getting new value for parameter 'P_Location': table = 'P_OpCo.dat' column = '3' row = '438'.	[MsgId: MMSG-13877]
Action.c(103): Notify: Parameter Substitution: parameter "P_Location" =  "location"	[MsgId: MMSG-13992]
Action.c(103): Notify: Parameter Substitution: parameter "P_OpCo" =  "067"	[MsgId: MMSG-13992]
Action.c(103): Notify: Next row for parameter P_CustomerID = 44 [table  = P_CustomerID].	[MsgId: MMSG-13876]
Action.c(103): Notify: Parameter Substitution: parameter "P_CustomerID" =  "017020"	[MsgId: MMSG-13992]
Action.c(79): Notify: Transaction "Create_Groups" started.	[MsgId: MMSG-16999]
Action.c(81): web_add_header("Authorization") started  	[MsgId: MMSG-26355]
Action.c(81): Notify: Parameter Substitution: parameter "P_OpCo" =  "067"	[MsgId: MMSG-13992]
Action.c(81): Notify: Next row for parameter P_CustomerID = 44 [table  = P_CustomerID].	[MsgId: MMSG-13876]
Action.c(81): Notify: Parameter Substitution: parameter "P_CustomerID" =  "017020"	[MsgId: MMSG-13992]
Action.c(81): Notify: Next row for parameter P_UserID = 44 [table  = P_UserID].	[MsgId: MMSG-13876]
Action.c(81): Notify: Parameter Substitution: parameter "P_UserID" =  "017020"	[MsgId: MMSG-13992]
Action.c(81): Warning -26593: The header being added may cause unpredictable results when applied to all ensuing URLs. It is added anyway  	[MsgId: MWAR-26593]
Action.c(81): "Authorization: Bearer 067|017020|017020" header registered for adding to requests from the immediately following Action function  	[MsgId: MMSG-26506]
Action.c(81): web_add_header("Authorization") highest severity level was "warning"  	[MsgId: MMSG-26391]
Action.c(83): web_reg_save_param started  	[MsgId: MMSG-26355]
Action.c(83): Registering web_reg_save_param was successful  	[MsgId: MMSG-26390]
Action.c(85): web_custom_request("CreateGroup") started  	[MsgId: MMSG-26355]
Action.c(85): Notify: Parameter Substitution: parameter "P_URL" =  "http://internal-qa-uom-services-private-elb-306417685.us-east-1.elb.amazonaws.com"	[MsgId: MMSG-13992]
Action.c(85): Notify: Parameter Substitution: parameter "P_URL" =  "http://internal-qa-uom-services-private-elb-306417685.us-east-1.elb.amazonaws.com"	[MsgId: MMSG-13992]
Action.c(85): Notify: Next row for parameter P_GroupName = 439 [table  = P_GroupName].	[MsgId: MMSG-13876]
Action.c(85): Notify: Getting new value for parameter 'P_GroupName': table = 'P_OpCo.dat' column = '6' row = '439'.	[MsgId: MMSG-13877]
Action.c(85): Notify: Parameter Substitution: parameter "P_GroupName" =  "PT_Group439"	[MsgId: MMSG-13992]
Action.c(85): Notify: Next row for parameter P_Location = 439 [table  = P_Location].	[MsgId: MMSG-13876]
Action.c(85): Notify: Getting new value for parameter 'P_Location': table = 'P_OpCo.dat' column = '3' row = '439'.	[MsgId: MMSG-13877]
Action.c(85): Notify: Parameter Substitution: parameter "P_Location" =  "location"	[MsgId: MMSG-13992]
Action.c(85): Notify: Next row for parameter P_StorageName = 439 [table  = P_StorageName].	[MsgId: MMSG-13876]
Action.c(85): Notify: Getting new value for parameter 'P_StorageName': table = 'P_OpCo.dat' column = '4' row = '439'.	[MsgId: MMSG-13877]
Action.c(85): Notify: Parameter Substitution: parameter "P_StorageName" =  "Cabin"	[MsgId: MMSG-13992]
Action.c(85): Notify: Next row for parameter P_FoodType = 439 [table  = P_FoodType].	[MsgId: MMSG-13876]
Action.c(85): Notify: Getting new value for parameter 'P_FoodType': table = 'P_OpCo.dat' column = '5' row = '439'.	[MsgId: MMSG-13877]
Action.c(85): Notify: Parameter Substitution: parameter "P_FoodType" =  "nonFood"	[MsgId: MMSG-13992]
Action.c(85): t=57306ms: Already connected [0] to internal-qa-uom-services-private-elb-306417685.us-east-1.elb.amazonaws.com:80  	[MsgId: MMSG-26000]
Action.c(85): t=57306ms: 530-byte request headers for "http://internal-qa-uom-services-private-elb-306417685.us-east-1.elb.amazonaws.com:80/groups" (RelFrameId=1, Internal ID=479)
Action.c(85):     POST /groups HTTP/1.1\r\n
Action.c(85):     Authorization: Bearer 067|017020|017020\r\n
Action.c(85):     Content-Type: application/json\r\n
Action.c(85):     Referer: http://internal-qa-uom-services-private-elb-306417685.us-east-1.elb.amazonaws.com
Action.c(85):     /swagger\r\n
Action.c(85):     User-Agent: Mozilla/5.0 (Windows NT 6.1; WOW64) AppleWebKit/537.36 (KHTML, like Gecko) Chr
Action.c(85):     ome/48.0.2564.97 Safari/537.36\r\n
Action.c(85):     Accept-Encoding: gzip, deflate, sdch\r\n
Action.c(85):     Accept-Language: en-US,en;q=0.8\r\n
Action.c(85):     Accept: */*\r\n
Action.c(85):     Connection: Keep-Alive\r\n
Action.c(85):     Host: internal-qa-uom-services-private-elb-306417685.us-east-1.elb.amazonaws.com\r\n
Action.c(85):     Content-Length: 92\r\n
Action.c(85):     \r\n
Action.c(85): t=57314ms: 92-byte request body for "http://internal-qa-uom-services-private-elb-306417685.us-east-1.elb.amazonaws.com:80/groups" (RelFrameId=1, Internal ID=479)
Action.c(85):     {\n
Action.c(85):      "name": "PT_Group439",\n
Action.c(85):      "type": "location",\n
Action.c(85):      "storage": "Cabin",\n
Action.c(85):      "foodtype": "nonFood"\n
Action.c(85):     }
Action.c(85): t=57367ms: 275-byte response headers for "http://internal-qa-uom-services-private-elb-306417685.us-east-1.elb.amazonaws.com:80/groups" (RelFrameId=1, Internal ID=479)
Action.c(85):     HTTP/1.1 201 Created\r\n
Action.c(85):     Content-Type: application/json\r\n
Action.c(85):     Date: Tue, 22 Mar 2016 21:40:16 GMT\r\n
Action.c(85):     Location: http://internal-qa-uom-services-private-elb-306417685.us-east-1.elb.amazonaws.co
Action.c(85):     m/groups/87139cb0-a329-494c-9b71-fc464a72b201\r\n
Action.c(85):     Content-Length: 137\r\n
Action.c(85):     Connection: keep-alive\r\n
Action.c(85):     \r\n
Action.c(85): t=57371ms: 137-byte response body for "http://internal-qa-uom-services-private-elb-306417685.us-east-1.elb.amazonaws.com:80/groups" (RelFrameId=1, Internal ID=479)
Action.c(85):     {"id":"87139cb0-a329-494c-9b71-fc464a72b201","name":"PT_Group439","storage":"Cabin","type"
Action.c(85):     :"location","opCo":"067","customerId":"017020"}
Action.c(85): Notify: Saving Parameter "Corr_GroupID = 87139cb0-a329-494c-9b71-fc464a72b201".	[MsgId: MMSG-13798]
Action.c(85): t=57372ms: Request done "http://internal-qa-uom-services-private-elb-306417685.us-east-1.elb.amazonaws.com:80/groups"  	[MsgId: MMSG-26000]
Action.c(85): web_custom_request("CreateGroup") was successful, 137 body bytes, 275 header bytes  	[MsgId: MMSG-26386]
Action.c(98): Notify: Transaction "Create_Groups" ended with a "Pass" status (Duration: 0.0773 Wasted Time: 0.0004).	[MsgId: MMSG-16871]
Action.c(103): Notify: Parameter Substitution: parameter "Corr_GroupID" =  "87139cb0-a329-494c-9b71-fc464a72b201"	[MsgId: MMSG-13992]
Action.c(103): Notify: Next row for parameter P_GroupName = 440 [table  = P_GroupName].	[MsgId: MMSG-13876]
Action.c(103): Notify: Getting new value for parameter 'P_GroupName': table = 'P_OpCo.dat' column = '6' row = '440'.	[MsgId: MMSG-13877]
Action.c(103): Notify: Parameter Substitution: parameter "P_GroupName" =  "PT_Group440"	[MsgId: MMSG-13992]
Action.c(103): Notify: Next row for parameter P_StorageName = 440 [table  = P_StorageName].	[MsgId: MMSG-13876]
Action.c(103): Notify: Getting new value for parameter 'P_StorageName': table = 'P_OpCo.dat' column = '4' row = '440'.	[MsgId: MMSG-13877]
Action.c(103): Notify: Parameter Substitution: parameter "P_StorageName" =  "Restroom"	[MsgId: MMSG-13992]
Action.c(103): Notify: Next row for parameter P_Location = 440 [table  = P_Location].	[MsgId: MMSG-13876]
Action.c(103): Notify: Getting new value for parameter 'P_Location': table = 'P_OpCo.dat' column = '3' row = '440'.	[MsgId: MMSG-13877]
Action.c(103): Notify: Parameter Substitution: parameter "P_Location" =  "location"	[MsgId: MMSG-13992]
Action.c(103): Notify: Parameter Substitution: parameter "P_OpCo" =  "067"	[MsgId: MMSG-13992]
Action.c(103): Notify: Next row for parameter P_CustomerID = 44 [table  = P_CustomerID].	[MsgId: MMSG-13876]
Action.c(103): Notify: Parameter Substitution: parameter "P_CustomerID" =  "017020"	[MsgId: MMSG-13992]
Action.c(179): Notify: Transaction "Create_New_Suppliers" started.	[MsgId: MMSG-16999]
Action.c(181): web_add_header("Authorization") started  	[MsgId: MMSG-26355]
Action.c(181): Notify: Parameter Substitution: parameter "P_OpCo" =  "067"	[MsgId: MMSG-13992]
Action.c(181): Notify: Next row for parameter P_CustomerID = 44 [table  = P_CustomerID].	[MsgId: MMSG-13876]
Action.c(181): Notify: Parameter Substitution: parameter "P_CustomerID" =  "017020"	[MsgId: MMSG-13992]
Action.c(181): Notify: Next row for parameter P_UserID = 44 [table  = P_UserID].	[MsgId: MMSG-13876]
Action.c(181): Notify: Parameter Substitution: parameter "P_UserID" =  "017020"	[MsgId: MMSG-13992]
Action.c(181): Warning -26593: The header being added may cause unpredictable results when applied to all ensuing URLs. It is added anyway  	[MsgId: MWAR-26593]
Action.c(181): "Authorization: Bearer 067|017020|017020" header registered for adding to requests from the immediately following Action function  	[MsgId: MMSG-26506]
Action.c(181): web_add_header("Authorization") highest severity level was "warning"  	[MsgId: MMSG-26391]
Action.c(183): web_reg_save_param started  	[MsgId: MMSG-26355]
Action.c(183): Registering web_reg_save_param was successful  	[MsgId: MMSG-26390]
Action.c(185): web_reg_save_param started  	[MsgId: MMSG-26355]
Action.c(185): Registering web_reg_save_param was successful  	[MsgId: MMSG-26390]
Action.c(187): web_custom_request("CreateNewSupplier") started  	[MsgId: MMSG-26355]
Action.c(187): Notify: Parameter Substitution: parameter "P_URL" =  "http://internal-qa-uom-services-private-elb-306417685.us-east-1.elb.amazonaws.com"	[MsgId: MMSG-13992]
Action.c(187): Notify: Parameter Substitution: parameter "P_URL" =  "http://internal-qa-uom-services-private-elb-306417685.us-east-1.elb.amazonaws.com"	[MsgId: MMSG-13992]
Action.c(187): Notify: Next row for parameter P_SupplierName = 216 [table  = P_SupplierName].	[MsgId: MMSG-13876]
Action.c(187): Notify: Getting new value for parameter 'P_SupplierName': table = 'P_OpCo.dat' column = '7' row = '216'.	[MsgId: MMSG-13877]
Action.c(187): Notify: Parameter Substitution: parameter "P_SupplierName" =  "PT_Sup216"	[MsgId: MMSG-13992]
Action.c(187): Notify: Next row for parameter P_Address = 216 [table  = P_Address].	[MsgId: MMSG-13876]
Action.c(187): Notify: Getting new value for parameter 'P_Address': table = 'P_OpCo.dat' column = '8' row = '216'.	[MsgId: MMSG-13877]
Action.c(187): Notify: Parameter Substitution: parameter "P_Address" =  "PT_Add216"	[MsgId: MMSG-13992]
Action.c(187): Notify: Next row for parameter P_ContactName = 216 [table  = P_ContactName].	[MsgId: MMSG-13876]
Action.c(187): Notify: Getting new value for parameter 'P_ContactName': table = 'P_OpCo.dat' column = '9' row = '216'.	[MsgId: MMSG-13877]
Action.c(187): Notify: Parameter Substitution: parameter "P_ContactName" =  "PT_ContactName216"	[MsgId: MMSG-13992]
Action.c(187): Notify: Next row for parameter P_Email = 216 [table  = P_Email].	[MsgId: MMSG-13876]
Action.c(187): Notify: Getting new value for parameter 'P_Email': table = 'P_OpCo.dat' column = '10' row = '216'.	[MsgId: MMSG-13877]
Action.c(187): Notify: Parameter Substitution: parameter "P_Email" =  "PT_EMAIL02@test.com"	[MsgId: MMSG-13992]
Action.c(187): Notify: Next row for parameter P_PhoneNumber = 216 [table  = P_PhoneNumber].	[MsgId: MMSG-13876]
Action.c(187): Notify: Getting new value for parameter 'P_PhoneNumber': table = 'P_OpCo.dat' column = '11' row = '216'.	[MsgId: MMSG-13877]
Action.c(187): Notify: Parameter Substitution: parameter "P_PhoneNumber" =  "PT_Phone216"	[MsgId: MMSG-13992]
Action.c(187): Notify: Next row for parameter P_Notes = 216 [table  = P_Notes].	[MsgId: MMSG-13876]
Action.c(187): Notify: Getting new value for parameter 'P_Notes': table = 'P_OpCo.dat' column = '12' row = '216'.	[MsgId: MMSG-13877]
Action.c(187): Notify: Parameter Substitution: parameter "P_Notes" =  "PT_SampleNotes216"	[MsgId: MMSG-13992]
Action.c(187): t=57398ms: Already connected [0] to internal-qa-uom-services-private-elb-306417685.us-east-1.elb.amazonaws.com:80  	[MsgId: MMSG-26000]
Action.c(187): t=57398ms: 534-byte request headers for "http://internal-qa-uom-services-private-elb-306417685.us-east-1.elb.amazonaws.com:80/suppliers" (RelFrameId=1, Internal ID=480)
Action.c(187):     POST /suppliers HTTP/1.1\r\n
Action.c(187):     Authorization: Bearer 067|017020|017020\r\n
Action.c(187):     Content-Type: application/json\r\n
Action.c(187):     Referer: http://internal-qa-uom-services-private-elb-306417685.us-east-1.elb.amazonaws.com
Action.c(187):     /swagger\r\n
Action.c(187):     User-Agent: Mozilla/5.0 (Windows NT 6.1; WOW64) AppleWebKit/537.36 (KHTML, like Gecko) Chr
Action.c(187):     ome/48.0.2564.97 Safari/537.36\r\n
Action.c(187):     Accept-Encoding: gzip, deflate, sdch\r\n
Action.c(187):     Accept-Language: en-US,en;q=0.8\r\n
Action.c(187):     Accept: */*\r\n
Action.c(187):     Connection: Keep-Alive\r\n
Action.c(187):     Host: internal-qa-uom-services-private-elb-306417685.us-east-1.elb.amazonaws.com\r\n
Action.c(187):     Content-Length: 219\r\n
Action.c(187):     \r\n
Action.c(187): t=57403ms: 219-byte request body for "http://internal-qa-uom-services-private-elb-306417685.us-east-1.elb.amazonaws.com:80/suppliers" (RelFrameId=1, Internal ID=480)
Action.c(187):     {\n
Action.c(187):      "name": "PT_Sup216",\n
Action.c(187):      "contactInformation": {\n
Action.c(187):       "address": "PT_Add216",\n
Action.c(187):       "contactName": "PT_ContactName216",\n
Action.c(187):       "emailAddress": "PT_EMAIL02@test.com",\n
Action.c(187):       "phoneNumber": "PT_Phone216" },\n
Action.c(187):      "notes": "PT_SampleNotes216"\n
Action.c(187):     }
Action.c(187): t=57455ms: 141-byte response headers for "http://internal-qa-uom-services-private-elb-306417685.us-east-1.elb.amazonaws.com:80/suppliers" (RelFrameId=1, Internal ID=480)
Action.c(187):     HTTP/1.1 400 Bad Request\r\n
Action.c(187):     Content-Type: application/json\r\n
Action.c(187):     Date: Tue, 22 Mar 2016 21:40:16 GMT\r\n
Action.c(187):     Content-Length: 55\r\n
Action.c(187):     Connection: keep-alive\r\n
Action.c(187):     \r\n
Action.c(187): t=57458ms: 55-byte response body for "http://internal-qa-uom-services-private-elb-306417685.us-east-1.elb.amazonaws.com:80/suppliers" (RelFrameId=1, Internal ID=480)
Action.c(187):     {"message":"Duplicate supplier names are not allowed."}
Action.c(187): Continuing after Error -26631: HTTP Status-Code=400 (Bad Request) for "http://internal-qa-uom-services-private-elb-306417685.us-east-1.elb.amazonaws.com:80/suppliers"  	[MsgId: MERR-26631]
Action.c(187): t=57460ms: Closing connection [0] to internal-qa-uom-services-private-elb-306417685.us-east-1.elb.amazonaws.com after receiving status code 400  	[MsgId: MMSG-26000]
Action.c(187): t=57460ms: Closed connection [0] to internal-qa-uom-services-private-elb-306417685.us-east-1.elb.amazonaws.com:80 after completing 5 requests  	[MsgId: MMSG-26000]
Action.c(187): t=57461ms: Request done "http://internal-qa-uom-services-private-elb-306417685.us-east-1.elb.amazonaws.com:80/suppliers"  	[MsgId: MMSG-26000]
Action.c(187): Warning -26377: No match found for the requested parameter "Corr_SupplierID". Check whether the requested boundaries exist in the response data. Also, if the data you want to save exceeds 256 bytes, use web_set_max_html_param_len to increase the parameter size  	[MsgId: MWAR-26377]
Action.c(187): Notify: Saving Parameter "Corr_SupplierID = ".	[MsgId: MMSG-13798]
Action.c(187): Warning -26377: No match found for the requested parameter "Corr_SupplierName". Check whether the requested boundaries exist in the response data. Also, if the data you want to save exceeds 256 bytes, use web_set_max_html_param_len to increase the parameter size  	[MsgId: MWAR-26377]
Action.c(187): Notify: Saving Parameter "Corr_SupplierName = ".	[MsgId: MMSG-13798]
Action.c(187): web_custom_request("CreateNewSupplier") highest severity level was "continue on error", 55 body bytes, 141 header bytes  	[MsgId: MMSG-26388]
Action.c(187): Continuing after error in Vuser script.	[MsgId: MMSG-10678]
Action.c(204): Notify: Next row for parameter P_CustomerID = 44 [table  = P_CustomerID].	[MsgId: MMSG-13876]
Action.c(204): Notify: Parameter Substitution: parameter "P_CustomerID" =  "017020"	[MsgId: MMSG-13992]
Action.c(204): Notify: Parameter Substitution: parameter "Corr_SupplierID" =  ""	[MsgId: MMSG-13992]
Action.c(204): Notify: Parameter Substitution: parameter "Corr_SupplierName" =  ""	[MsgId: MMSG-13992]
Action.c(207): Notify: Transaction "Create_New_Suppliers" ended with a "Fail" status (Duration: 0.0839 Wasted Time: 0.0000).	[MsgId: MMSG-16871]
Action.c(207): Notify: Transaction "Create_New_Suppliers" has 1 error message(s).	[MsgId: MMSG-16818]
Action.c(207): Notify: The 1st error message associated with transaction "Create_New_Suppliers" is "Error -26631: HTTP Status-Code=400 (Bad Request) for "http://internal-qa-uom-services-private-elb-306417685.us-east-1.elb.amazonaws.com:80/suppliers""	[MsgId: MMSG-16819]
Action.c(179): Notify: Transaction "Create_New_Suppliers" started.	[MsgId: MMSG-16999]
Action.c(181): web_add_header("Authorization") started  	[MsgId: MMSG-26355]
Action.c(181): Notify: Parameter Substitution: parameter "P_OpCo" =  "067"	[MsgId: MMSG-13992]
Action.c(181): Notify: Next row for parameter P_CustomerID = 44 [table  = P_CustomerID].	[MsgId: MMSG-13876]
Action.c(181): Notify: Parameter Substitution: parameter "P_CustomerID" =  "017020"	[MsgId: MMSG-13992]
Action.c(181): Notify: Next row for parameter P_UserID = 44 [table  = P_UserID].	[MsgId: MMSG-13876]
Action.c(181): Notify: Parameter Substitution: parameter "P_UserID" =  "017020"	[MsgId: MMSG-13992]
Action.c(181): Warning -26593: The header being added may cause unpredictable results when applied to all ensuing URLs. It is added anyway  	[MsgId: MWAR-26593]
Action.c(181): "Authorization: Bearer 067|017020|017020" header registered for adding to requests from the immediately following Action function  	[MsgId: MMSG-26506]
Action.c(181): web_add_header("Authorization") highest severity level was "warning"  	[MsgId: MMSG-26391]
Action.c(183): web_reg_save_param started  	[MsgId: MMSG-26355]
Action.c(183): Registering web_reg_save_param was successful  	[MsgId: MMSG-26390]
Action.c(185): web_reg_save_param started  	[MsgId: MMSG-26355]
Action.c(185): Registering web_reg_save_param was successful  	[MsgId: MMSG-26390]
Action.c(187): web_custom_request("CreateNewSupplier") started  	[MsgId: MMSG-26355]
Action.c(187): Notify: Parameter Substitution: parameter "P_URL" =  "http://internal-qa-uom-services-private-elb-306417685.us-east-1.elb.amazonaws.com"	[MsgId: MMSG-13992]
Action.c(187): Notify: Parameter Substitution: parameter "P_URL" =  "http://internal-qa-uom-services-private-elb-306417685.us-east-1.elb.amazonaws.com"	[MsgId: MMSG-13992]
Action.c(187): Notify: Next row for parameter P_SupplierName = 217 [table  = P_SupplierName].	[MsgId: MMSG-13876]
Action.c(187): Notify: Getting new value for parameter 'P_SupplierName': table = 'P_OpCo.dat' column = '7' row = '217'.	[MsgId: MMSG-13877]
Action.c(187): Notify: Parameter Substitution: parameter "P_SupplierName" =  "PT_Sup217"	[MsgId: MMSG-13992]
Action.c(187): Notify: Next row for parameter P_Address = 217 [table  = P_Address].	[MsgId: MMSG-13876]
Action.c(187): Notify: Getting new value for parameter 'P_Address': table = 'P_OpCo.dat' column = '8' row = '217'.	[MsgId: MMSG-13877]
Action.c(187): Notify: Parameter Substitution: parameter "P_Address" =  "PT_Add217"	[MsgId: MMSG-13992]
Action.c(187): Notify: Next row for parameter P_ContactName = 217 [table  = P_ContactName].	[MsgId: MMSG-13876]
Action.c(187): Notify: Getting new value for parameter 'P_ContactName': table = 'P_OpCo.dat' column = '9' row = '217'.	[MsgId: MMSG-13877]
Action.c(187): Notify: Parameter Substitution: parameter "P_ContactName" =  "PT_ContactName217"	[MsgId: MMSG-13992]
Action.c(187): Notify: Next row for parameter P_Email = 217 [table  = P_Email].	[MsgId: MMSG-13876]
Action.c(187): Notify: Getting new value for parameter 'P_Email': table = 'P_OpCo.dat' column = '10' row = '217'.	[MsgId: MMSG-13877]
Action.c(187): Notify: Parameter Substitution: parameter "P_Email" =  "PT_EMAIL01@test.com"	[MsgId: MMSG-13992]
Action.c(187): Notify: Next row for parameter P_PhoneNumber = 217 [table  = P_PhoneNumber].	[MsgId: MMSG-13876]
Action.c(187): Notify: Getting new value for parameter 'P_PhoneNumber': table = 'P_OpCo.dat' column = '11' row = '217'.	[MsgId: MMSG-13877]
Action.c(187): Notify: Parameter Substitution: parameter "P_PhoneNumber" =  "PT_Phone217"	[MsgId: MMSG-13992]
Action.c(187): Notify: Next row for parameter P_Notes = 217 [table  = P_Notes].	[MsgId: MMSG-13876]
Action.c(187): Notify: Getting new value for parameter 'P_Notes': table = 'P_OpCo.dat' column = '12' row = '217'.	[MsgId: MMSG-13877]
Action.c(187): Notify: Parameter Substitution: parameter "P_Notes" =  "PT_SampleNotes217"	[MsgId: MMSG-13992]
Action.c(187): t=57489ms: Connecting [0] to host 10.168.140.25:80  	[MsgId: MMSG-26000]
Action.c(187): t=57534ms: Connected socket [0] from 10.240.205.169:4713 to 10.168.140.25:80 in 45 ms  	[MsgId: MMSG-26000]
Action.c(187): t=57535ms: 534-byte request headers for "http://internal-qa-uom-services-private-elb-306417685.us-east-1.elb.amazonaws.com:80/suppliers" (RelFrameId=1, Internal ID=481)
Action.c(187):     POST /suppliers HTTP/1.1\r\n
Action.c(187):     Authorization: Bearer 067|017020|017020\r\n
Action.c(187):     Content-Type: application/json\r\n
Action.c(187):     Referer: http://internal-qa-uom-services-private-elb-306417685.us-east-1.elb.amazonaws.com
Action.c(187):     /swagger\r\n
Action.c(187):     User-Agent: Mozilla/5.0 (Windows NT 6.1; WOW64) AppleWebKit/537.36 (KHTML, like Gecko) Chr
Action.c(187):     ome/48.0.2564.97 Safari/537.36\r\n
Action.c(187):     Accept-Encoding: gzip, deflate, sdch\r\n
Action.c(187):     Accept-Language: en-US,en;q=0.8\r\n
Action.c(187):     Accept: */*\r\n
Action.c(187):     Connection: Keep-Alive\r\n
Action.c(187):     Host: internal-qa-uom-services-private-elb-306417685.us-east-1.elb.amazonaws.com\r\n
Action.c(187):     Content-Length: 219\r\n
Action.c(187):     \r\n
Action.c(187): t=57543ms: 219-byte request body for "http://internal-qa-uom-services-private-elb-306417685.us-east-1.elb.amazonaws.com:80/suppliers" (RelFrameId=1, Internal ID=481)
Action.c(187):     {\n
Action.c(187):      "name": "PT_Sup217",\n
Action.c(187):      "contactInformation": {\n
Action.c(187):       "address": "PT_Add217",\n
Action.c(187):       "contactName": "PT_ContactName217",\n
Action.c(187):       "emailAddress": "PT_EMAIL01@test.com",\n
Action.c(187):       "phoneNumber": "PT_Phone217" },\n
Action.c(187):      "notes": "PT_SampleNotes217"\n
Action.c(187):     }
Action.c(187): t=57594ms: 141-byte response headers for "http://internal-qa-uom-services-private-elb-306417685.us-east-1.elb.amazonaws.com:80/suppliers" (RelFrameId=1, Internal ID=481)
Action.c(187):     HTTP/1.1 400 Bad Request\r\n
Action.c(187):     Content-Type: application/json\r\n
Action.c(187):     Date: Tue, 22 Mar 2016 21:40:17 GMT\r\n
Action.c(187):     Content-Length: 55\r\n
Action.c(187):     Connection: keep-alive\r\n
Action.c(187):     \r\n
Action.c(187): t=57596ms: 55-byte response body for "http://internal-qa-uom-services-private-elb-306417685.us-east-1.elb.amazonaws.com:80/suppliers" (RelFrameId=1, Internal ID=481)
Action.c(187):     {"message":"Duplicate supplier names are not allowed."}
Action.c(187): Continuing after Error -26631: HTTP Status-Code=400 (Bad Request) for "http://internal-qa-uom-services-private-elb-306417685.us-east-1.elb.amazonaws.com:80/suppliers"  	[MsgId: MERR-26631]
Action.c(187): t=57597ms: Closing connection [0] to internal-qa-uom-services-private-elb-306417685.us-east-1.elb.amazonaws.com after receiving status code 400  	[MsgId: MMSG-26000]
Action.c(187): t=57598ms: Closed connection [0] to internal-qa-uom-services-private-elb-306417685.us-east-1.elb.amazonaws.com:80 after completing 0 requests  	[MsgId: MMSG-26000]
Action.c(187): t=57598ms: Request done "http://internal-qa-uom-services-private-elb-306417685.us-east-1.elb.amazonaws.com:80/suppliers"  	[MsgId: MMSG-26000]
Action.c(187): Warning -26377: No match found for the requested parameter "Corr_SupplierID". Check whether the requested boundaries exist in the response data. Also, if the data you want to save exceeds 256 bytes, use web_set_max_html_param_len to increase the parameter size  	[MsgId: MWAR-26377]
Action.c(187): Notify: Saving Parameter "Corr_SupplierID = ".	[MsgId: MMSG-13798]
Action.c(187): Warning -26377: No match found for the requested parameter "Corr_SupplierName". Check whether the requested boundaries exist in the response data. Also, if the data you want to save exceeds 256 bytes, use web_set_max_html_param_len to increase the parameter size  	[MsgId: MWAR-26377]
Action.c(187): Notify: Saving Parameter "Corr_SupplierName = ".	[MsgId: MMSG-13798]
Action.c(187): web_custom_request("CreateNewSupplier") highest severity level was "continue on error", 55 body bytes, 141 header bytes  	[MsgId: MMSG-26388]
Action.c(187): Continuing after error in Vuser script.	[MsgId: MMSG-10678]
Action.c(204): Notify: Next row for parameter P_CustomerID = 44 [table  = P_CustomerID].	[MsgId: MMSG-13876]
Action.c(204): Notify: Parameter Substitution: parameter "P_CustomerID" =  "017020"	[MsgId: MMSG-13992]
Action.c(204): Notify: Parameter Substitution: parameter "Corr_SupplierID" =  ""	[MsgId: MMSG-13992]
Action.c(204): Notify: Parameter Substitution: parameter "Corr_SupplierName" =  ""	[MsgId: MMSG-13992]
Action.c(207): Notify: Transaction "Create_New_Suppliers" ended with a "Fail" status (Duration: 0.1319 Wasted Time: 0.0000).	[MsgId: MMSG-16871]
Action.c(207): Notify: Transaction "Create_New_Suppliers" has 1 error message(s).	[MsgId: MMSG-16818]
Action.c(207): Notify: The 1st error message associated with transaction "Create_New_Suppliers" is "Error -26631: HTTP Status-Code=400 (Bad Request) for "http://internal-qa-uom-services-private-elb-306417685.us-east-1.elb.amazonaws.com:80/suppliers""	[MsgId: MMSG-16819]
Action.c(179): Notify: Transaction "Create_New_Suppliers" started.	[MsgId: MMSG-16999]
Action.c(181): web_add_header("Authorization") started  	[MsgId: MMSG-26355]
Action.c(181): Notify: Parameter Substitution: parameter "P_OpCo" =  "067"	[MsgId: MMSG-13992]
Action.c(181): Notify: Next row for parameter P_CustomerID = 44 [table  = P_CustomerID].	[MsgId: MMSG-13876]
Action.c(181): Notify: Parameter Substitution: parameter "P_CustomerID" =  "017020"	[MsgId: MMSG-13992]
Action.c(181): Notify: Next row for parameter P_UserID = 44 [table  = P_UserID].	[MsgId: MMSG-13876]
Action.c(181): Notify: Parameter Substitution: parameter "P_UserID" =  "017020"	[MsgId: MMSG-13992]
Action.c(181): Warning -26593: The header being added may cause unpredictable results when applied to all ensuing URLs. It is added anyway  	[MsgId: MWAR-26593]
Action.c(181): "Authorization: Bearer 067|017020|017020" header registered for adding to requests from the immediately following Action function  	[MsgId: MMSG-26506]
Action.c(181): web_add_header("Authorization") highest severity level was "warning"  	[MsgId: MMSG-26391]
Action.c(183): web_reg_save_param started  	[MsgId: MMSG-26355]
Action.c(183): Registering web_reg_save_param was successful  	[MsgId: MMSG-26390]
Action.c(185): web_reg_save_param started  	[MsgId: MMSG-26355]
Action.c(185): Registering web_reg_save_param was successful  	[MsgId: MMSG-26390]
Action.c(187): web_custom_request("CreateNewSupplier") started  	[MsgId: MMSG-26355]
Action.c(187): Notify: Parameter Substitution: parameter "P_URL" =  "http://internal-qa-uom-services-private-elb-306417685.us-east-1.elb.amazonaws.com"	[MsgId: MMSG-13992]
Action.c(187): Notify: Parameter Substitution: parameter "P_URL" =  "http://internal-qa-uom-services-private-elb-306417685.us-east-1.elb.amazonaws.com"	[MsgId: MMSG-13992]
Action.c(187): Notify: Next row for parameter P_SupplierName = 218 [table  = P_SupplierName].	[MsgId: MMSG-13876]
Action.c(187): Notify: Getting new value for parameter 'P_SupplierName': table = 'P_OpCo.dat' column = '7' row = '218'.	[MsgId: MMSG-13877]
Action.c(187): Notify: Parameter Substitution: parameter "P_SupplierName" =  "PT_Sup218"	[MsgId: MMSG-13992]
Action.c(187): Notify: Next row for parameter P_Address = 218 [table  = P_Address].	[MsgId: MMSG-13876]
Action.c(187): Notify: Getting new value for parameter 'P_Address': table = 'P_OpCo.dat' column = '8' row = '218'.	[MsgId: MMSG-13877]
Action.c(187): Notify: Parameter Substitution: parameter "P_Address" =  "PT_Add218"	[MsgId: MMSG-13992]
Action.c(187): Notify: Next row for parameter P_ContactName = 218 [table  = P_ContactName].	[MsgId: MMSG-13876]
Action.c(187): Notify: Getting new value for parameter 'P_ContactName': table = 'P_OpCo.dat' column = '9' row = '218'.	[MsgId: MMSG-13877]
Action.c(187): Notify: Parameter Substitution: parameter "P_ContactName" =  "PT_ContactName218"	[MsgId: MMSG-13992]
Action.c(187): Notify: Next row for parameter P_Email = 218 [table  = P_Email].	[MsgId: MMSG-13876]
Action.c(187): Notify: Getting new value for parameter 'P_Email': table = 'P_OpCo.dat' column = '10' row = '218'.	[MsgId: MMSG-13877]
Action.c(187): Notify: Parameter Substitution: parameter "P_Email" =  "PT_EMAIL02@test.com"	[MsgId: MMSG-13992]
Action.c(187): Notify: Next row for parameter P_PhoneNumber = 218 [table  = P_PhoneNumber].	[MsgId: MMSG-13876]
Action.c(187): Notify: Getting new value for parameter 'P_PhoneNumber': table = 'P_OpCo.dat' column = '11' row = '218'.	[MsgId: MMSG-13877]
Action.c(187): Notify: Parameter Substitution: parameter "P_PhoneNumber" =  "PT_Phone218"	[MsgId: MMSG-13992]
Action.c(187): Notify: Next row for parameter P_Notes = 218 [table  = P_Notes].	[MsgId: MMSG-13876]
Action.c(187): Notify: Getting new value for parameter 'P_Notes': table = 'P_OpCo.dat' column = '12' row = '218'.	[MsgId: MMSG-13877]
Action.c(187): Notify: Parameter Substitution: parameter "P_Notes" =  "PT_SampleNotes218"	[MsgId: MMSG-13992]
Action.c(187): t=57627ms: Connecting [0] to host 10.168.140.25:80  	[MsgId: MMSG-26000]
Action.c(187): t=57673ms: Connected socket [0] from 10.240.205.169:4714 to 10.168.140.25:80 in 45 ms  	[MsgId: MMSG-26000]
Action.c(187): t=57674ms: 534-byte request headers for "http://internal-qa-uom-services-private-elb-306417685.us-east-1.elb.amazonaws.com:80/suppliers" (RelFrameId=1, Internal ID=482)
Action.c(187):     POST /suppliers HTTP/1.1\r\n
Action.c(187):     Authorization: Bearer 067|017020|017020\r\n
Action.c(187):     Content-Type: application/json\r\n
Action.c(187):     Referer: http://internal-qa-uom-services-private-elb-306417685.us-east-1.elb.amazonaws.com
Action.c(187):     /swagger\r\n
Action.c(187):     User-Agent: Mozilla/5.0 (Windows NT 6.1; WOW64) AppleWebKit/537.36 (KHTML, like Gecko) Chr
Action.c(187):     ome/48.0.2564.97 Safari/537.36\r\n
Action.c(187):     Accept-Encoding: gzip, deflate, sdch\r\n
Action.c(187):     Accept-Language: en-US,en;q=0.8\r\n
Action.c(187):     Accept: */*\r\n
Action.c(187):     Connection: Keep-Alive\r\n
Action.c(187):     Host: internal-qa-uom-services-private-elb-306417685.us-east-1.elb.amazonaws.com\r\n
Action.c(187):     Content-Length: 219\r\n
Action.c(187):     \r\n
Action.c(187): t=57679ms: 219-byte request body for "http://internal-qa-uom-services-private-elb-306417685.us-east-1.elb.amazonaws.com:80/suppliers" (RelFrameId=1, Internal ID=482)
Action.c(187):     {\n
Action.c(187):      "name": "PT_Sup218",\n
Action.c(187):      "contactInformation": {\n
Action.c(187):       "address": "PT_Add218",\n
Action.c(187):       "contactName": "PT_ContactName218",\n
Action.c(187):       "emailAddress": "PT_EMAIL02@test.com",\n
Action.c(187):       "phoneNumber": "PT_Phone218" },\n
Action.c(187):      "notes": "PT_SampleNotes218"\n
Action.c(187):     }
Action.c(187): t=57731ms: 141-byte response headers for "http://internal-qa-uom-services-private-elb-306417685.us-east-1.elb.amazonaws.com:80/suppliers" (RelFrameId=1, Internal ID=482)
Action.c(187):     HTTP/1.1 400 Bad Request\r\n
Action.c(187):     Content-Type: application/json\r\n
Action.c(187):     Date: Tue, 22 Mar 2016 21:40:17 GMT\r\n
Action.c(187):     Content-Length: 55\r\n
Action.c(187):     Connection: keep-alive\r\n
Action.c(187):     \r\n
Action.c(187): t=57734ms: 55-byte response body for "http://internal-qa-uom-services-private-elb-306417685.us-east-1.elb.amazonaws.com:80/suppliers" (RelFrameId=1, Internal ID=482)
Action.c(187):     {"message":"Duplicate supplier names are not allowed."}
Action.c(187): Continuing after Error -26631: HTTP Status-Code=400 (Bad Request) for "http://internal-qa-uom-services-private-elb-306417685.us-east-1.elb.amazonaws.com:80/suppliers"  	[MsgId: MERR-26631]
Action.c(187): t=57735ms: Closing connection [0] to internal-qa-uom-services-private-elb-306417685.us-east-1.elb.amazonaws.com after receiving status code 400  	[MsgId: MMSG-26000]
Action.c(187): t=57736ms: Closed connection [0] to internal-qa-uom-services-private-elb-306417685.us-east-1.elb.amazonaws.com:80 after completing 0 requests  	[MsgId: MMSG-26000]
Action.c(187): t=57736ms: Request done "http://internal-qa-uom-services-private-elb-306417685.us-east-1.elb.amazonaws.com:80/suppliers"  	[MsgId: MMSG-26000]
Action.c(187): Warning -26377: No match found for the requested parameter "Corr_SupplierID". Check whether the requested boundaries exist in the response data. Also, if the data you want to save exceeds 256 bytes, use web_set_max_html_param_len to increase the parameter size  	[MsgId: MWAR-26377]
Action.c(187): Notify: Saving Parameter "Corr_SupplierID = ".	[MsgId: MMSG-13798]
Action.c(187): Warning -26377: No match found for the requested parameter "Corr_SupplierName". Check whether the requested boundaries exist in the response data. Also, if the data you want to save exceeds 256 bytes, use web_set_max_html_param_len to increase the parameter size  	[MsgId: MWAR-26377]
Action.c(187): Notify: Saving Parameter "Corr_SupplierName = ".	[MsgId: MMSG-13798]
Action.c(187): web_custom_request("CreateNewSupplier") highest severity level was "continue on error", 55 body bytes, 141 header bytes  	[MsgId: MMSG-26388]
Action.c(187): Continuing after error in Vuser script.	[MsgId: MMSG-10678]
Action.c(204): Notify: Next row for parameter P_CustomerID = 44 [table  = P_CustomerID].	[MsgId: MMSG-13876]
Action.c(204): Notify: Parameter Substitution: parameter "P_CustomerID" =  "017020"	[MsgId: MMSG-13992]
Action.c(204): Notify: Parameter Substitution: parameter "Corr_SupplierID" =  ""	[MsgId: MMSG-13992]
Action.c(204): Notify: Parameter Substitution: parameter "Corr_SupplierName" =  ""	[MsgId: MMSG-13992]
Action.c(207): Notify: Transaction "Create_New_Suppliers" ended with a "Fail" status (Duration: 0.1292 Wasted Time: 0.0000).	[MsgId: MMSG-16871]
Action.c(207): Notify: Transaction "Create_New_Suppliers" has 1 error message(s).	[MsgId: MMSG-16818]
Action.c(207): Notify: The 1st error message associated with transaction "Create_New_Suppliers" is "Error -26631: HTTP Status-Code=400 (Bad Request) for "http://internal-qa-uom-services-private-elb-306417685.us-east-1.elb.amazonaws.com:80/suppliers""	[MsgId: MMSG-16819]
Action.c(179): Notify: Transaction "Create_New_Suppliers" started.	[MsgId: MMSG-16999]
Action.c(181): web_add_header("Authorization") started  	[MsgId: MMSG-26355]
Action.c(181): Notify: Parameter Substitution: parameter "P_OpCo" =  "067"	[MsgId: MMSG-13992]
Action.c(181): Notify: Next row for parameter P_CustomerID = 44 [table  = P_CustomerID].	[MsgId: MMSG-13876]
Action.c(181): Notify: Parameter Substitution: parameter "P_CustomerID" =  "017020"	[MsgId: MMSG-13992]
Action.c(181): Notify: Next row for parameter P_UserID = 44 [table  = P_UserID].	[MsgId: MMSG-13876]
Action.c(181): Notify: Parameter Substitution: parameter "P_UserID" =  "017020"	[MsgId: MMSG-13992]
Action.c(181): Warning -26593: The header being added may cause unpredictable results when applied to all ensuing URLs. It is added anyway  	[MsgId: MWAR-26593]
Action.c(181): "Authorization: Bearer 067|017020|017020" header registered for adding to requests from the immediately following Action function  	[MsgId: MMSG-26506]
Action.c(181): web_add_header("Authorization") highest severity level was "warning"  	[MsgId: MMSG-26391]
Action.c(183): web_reg_save_param started  	[MsgId: MMSG-26355]
Action.c(183): Registering web_reg_save_param was successful  	[MsgId: MMSG-26390]
Action.c(185): web_reg_save_param started  	[MsgId: MMSG-26355]
Action.c(185): Registering web_reg_save_param was successful  	[MsgId: MMSG-26390]
Action.c(187): web_custom_request("CreateNewSupplier") started  	[MsgId: MMSG-26355]
Action.c(187): Notify: Parameter Substitution: parameter "P_URL" =  "http://internal-qa-uom-services-private-elb-306417685.us-east-1.elb.amazonaws.com"	[MsgId: MMSG-13992]
Action.c(187): Notify: Parameter Substitution: parameter "P_URL" =  "http://internal-qa-uom-services-private-elb-306417685.us-east-1.elb.amazonaws.com"	[MsgId: MMSG-13992]
Action.c(187): Notify: Next row for parameter P_SupplierName = 219 [table  = P_SupplierName].	[MsgId: MMSG-13876]
Action.c(187): Notify: Getting new value for parameter 'P_SupplierName': table = 'P_OpCo.dat' column = '7' row = '219'.	[MsgId: MMSG-13877]
Action.c(187): Notify: Parameter Substitution: parameter "P_SupplierName" =  "PT_Sup219"	[MsgId: MMSG-13992]
Action.c(187): Notify: Next row for parameter P_Address = 219 [table  = P_Address].	[MsgId: MMSG-13876]
Action.c(187): Notify: Getting new value for parameter 'P_Address': table = 'P_OpCo.dat' column = '8' row = '219'.	[MsgId: MMSG-13877]
Action.c(187): Notify: Parameter Substitution: parameter "P_Address" =  "PT_Add219"	[MsgId: MMSG-13992]
Action.c(187): Notify: Next row for parameter P_ContactName = 219 [table  = P_ContactName].	[MsgId: MMSG-13876]
Action.c(187): Notify: Getting new value for parameter 'P_ContactName': table = 'P_OpCo.dat' column = '9' row = '219'.	[MsgId: MMSG-13877]
Action.c(187): Notify: Parameter Substitution: parameter "P_ContactName" =  "PT_ContactName219"	[MsgId: MMSG-13992]
Action.c(187): Notify: Next row for parameter P_Email = 219 [table  = P_Email].	[MsgId: MMSG-13876]
Action.c(187): Notify: Getting new value for parameter 'P_Email': table = 'P_OpCo.dat' column = '10' row = '219'.	[MsgId: MMSG-13877]
Action.c(187): Notify: Parameter Substitution: parameter "P_Email" =  "PT_EMAIL01@test.com"	[MsgId: MMSG-13992]
Action.c(187): Notify: Next row for parameter P_PhoneNumber = 219 [table  = P_PhoneNumber].	[MsgId: MMSG-13876]
Action.c(187): Notify: Getting new value for parameter 'P_PhoneNumber': table = 'P_OpCo.dat' column = '11' row = '219'.	[MsgId: MMSG-13877]
Action.c(187): Notify: Parameter Substitution: parameter "P_PhoneNumber" =  "PT_Phone219"	[MsgId: MMSG-13992]
Action.c(187): Notify: Next row for parameter P_Notes = 219 [table  = P_Notes].	[MsgId: MMSG-13876]
Action.c(187): Notify: Getting new value for parameter 'P_Notes': table = 'P_OpCo.dat' column = '12' row = '219'.	[MsgId: MMSG-13877]
Action.c(187): Notify: Parameter Substitution: parameter "P_Notes" =  "PT_SampleNotes219"	[MsgId: MMSG-13992]
Action.c(187): t=57762ms: Connecting [0] to host 10.168.140.25:80  	[MsgId: MMSG-26000]
Action.c(187): t=57807ms: Connected socket [0] from 10.240.205.169:4715 to 10.168.140.25:80 in 45 ms  	[MsgId: MMSG-26000]
Action.c(187): t=57808ms: 534-byte request headers for "http://internal-qa-uom-services-private-elb-306417685.us-east-1.elb.amazonaws.com:80/suppliers" (RelFrameId=1, Internal ID=483)
Action.c(187):     POST /suppliers HTTP/1.1\r\n
Action.c(187):     Authorization: Bearer 067|017020|017020\r\n
Action.c(187):     Content-Type: application/json\r\n
Action.c(187):     Referer: http://internal-qa-uom-services-private-elb-306417685.us-east-1.elb.amazonaws.com
Action.c(187):     /swagger\r\n
Action.c(187):     User-Agent: Mozilla/5.0 (Windows NT 6.1; WOW64) AppleWebKit/537.36 (KHTML, like Gecko) Chr
Action.c(187):     ome/48.0.2564.97 Safari/537.36\r\n
Action.c(187):     Accept-Encoding: gzip, deflate, sdch\r\n
Action.c(187):     Accept-Language: en-US,en;q=0.8\r\n
Action.c(187):     Accept: */*\r\n
Action.c(187):     Connection: Keep-Alive\r\n
Action.c(187):     Host: internal-qa-uom-services-private-elb-306417685.us-east-1.elb.amazonaws.com\r\n
Action.c(187):     Content-Length: 219\r\n
Action.c(187):     \r\n
Action.c(187): t=57813ms: 219-byte request body for "http://internal-qa-uom-services-private-elb-306417685.us-east-1.elb.amazonaws.com:80/suppliers" (RelFrameId=1, Internal ID=483)
Action.c(187):     {\n
Action.c(187):      "name": "PT_Sup219",\n
Action.c(187):      "contactInformation": {\n
Action.c(187):       "address": "PT_Add219",\n
Action.c(187):       "contactName": "PT_ContactName219",\n
Action.c(187):       "emailAddress": "PT_EMAIL01@test.com",\n
Action.c(187):       "phoneNumber": "PT_Phone219" },\n
Action.c(187):      "notes": "PT_SampleNotes219"\n
Action.c(187):     }
Action.c(187): t=57864ms: 141-byte response headers for "http://internal-qa-uom-services-private-elb-306417685.us-east-1.elb.amazonaws.com:80/suppliers" (RelFrameId=1, Internal ID=483)
Action.c(187):     HTTP/1.1 400 Bad Request\r\n
Action.c(187):     Content-Type: application/json\r\n
Action.c(187):     Date: Tue, 22 Mar 2016 21:40:17 GMT\r\n
Action.c(187):     Content-Length: 55\r\n
Action.c(187):     Connection: keep-alive\r\n
Action.c(187):     \r\n
Action.c(187): t=57866ms: 55-byte response body for "http://internal-qa-uom-services-private-elb-306417685.us-east-1.elb.amazonaws.com:80/suppliers" (RelFrameId=1, Internal ID=483)
Action.c(187):     {"message":"Duplicate supplier names are not allowed."}
Action.c(187): Continuing after Error -26631: HTTP Status-Code=400 (Bad Request) for "http://internal-qa-uom-services-private-elb-306417685.us-east-1.elb.amazonaws.com:80/suppliers"  	[MsgId: MERR-26631]
Action.c(187): t=57868ms: Closing connection [0] to internal-qa-uom-services-private-elb-306417685.us-east-1.elb.amazonaws.com after receiving status code 400  	[MsgId: MMSG-26000]
Action.c(187): t=57869ms: Closed connection [0] to internal-qa-uom-services-private-elb-306417685.us-east-1.elb.amazonaws.com:80 after completing 0 requests  	[MsgId: MMSG-26000]
Action.c(187): t=57869ms: Request done "http://internal-qa-uom-services-private-elb-306417685.us-east-1.elb.amazonaws.com:80/suppliers"  	[MsgId: MMSG-26000]
Action.c(187): Warning -26377: No match found for the requested parameter "Corr_SupplierID". Check whether the requested boundaries exist in the response data. Also, if the data you want to save exceeds 256 bytes, use web_set_max_html_param_len to increase the parameter size  	[MsgId: MWAR-26377]
Action.c(187): Notify: Saving Parameter "Corr_SupplierID = ".	[MsgId: MMSG-13798]
Action.c(187): Warning -26377: No match found for the requested parameter "Corr_SupplierName". Check whether the requested boundaries exist in the response data. Also, if the data you want to save exceeds 256 bytes, use web_set_max_html_param_len to increase the parameter size  	[MsgId: MWAR-26377]
Action.c(187): Notify: Saving Parameter "Corr_SupplierName = ".	[MsgId: MMSG-13798]
Action.c(187): web_custom_request("CreateNewSupplier") highest severity level was "continue on error", 55 body bytes, 141 header bytes  	[MsgId: MMSG-26388]
Action.c(187): Continuing after error in Vuser script.	[MsgId: MMSG-10678]
Action.c(204): Notify: Next row for parameter P_CustomerID = 44 [table  = P_CustomerID].	[MsgId: MMSG-13876]
Action.c(204): Notify: Parameter Substitution: parameter "P_CustomerID" =  "017020"	[MsgId: MMSG-13992]
Action.c(204): Notify: Parameter Substitution: parameter "Corr_SupplierID" =  ""	[MsgId: MMSG-13992]
Action.c(204): Notify: Parameter Substitution: parameter "Corr_SupplierName" =  ""	[MsgId: MMSG-13992]
Action.c(207): Notify: Transaction "Create_New_Suppliers" ended with a "Fail" status (Duration: 0.1280 Wasted Time: 0.0000).	[MsgId: MMSG-16871]
Action.c(207): Notify: Transaction "Create_New_Suppliers" has 1 error message(s).	[MsgId: MMSG-16818]
Action.c(207): Notify: The 1st error message associated with transaction "Create_New_Suppliers" is "Error -26631: HTTP Status-Code=400 (Bad Request) for "http://internal-qa-uom-services-private-elb-306417685.us-east-1.elb.amazonaws.com:80/suppliers""	[MsgId: MMSG-16819]
Action.c(179): Notify: Transaction "Create_New_Suppliers" started.	[MsgId: MMSG-16999]
Action.c(181): web_add_header("Authorization") started  	[MsgId: MMSG-26355]
Action.c(181): Notify: Parameter Substitution: parameter "P_OpCo" =  "067"	[MsgId: MMSG-13992]
Action.c(181): Notify: Next row for parameter P_CustomerID = 44 [table  = P_CustomerID].	[MsgId: MMSG-13876]
Action.c(181): Notify: Parameter Substitution: parameter "P_CustomerID" =  "017020"	[MsgId: MMSG-13992]
Action.c(181): Notify: Next row for parameter P_UserID = 44 [table  = P_UserID].	[MsgId: MMSG-13876]
Action.c(181): Notify: Parameter Substitution: parameter "P_UserID" =  "017020"	[MsgId: MMSG-13992]
Action.c(181): Warning -26593: The header being added may cause unpredictable results when applied to all ensuing URLs. It is added anyway  	[MsgId: MWAR-26593]
Action.c(181): "Authorization: Bearer 067|017020|017020" header registered for adding to requests from the immediately following Action function  	[MsgId: MMSG-26506]
Action.c(181): web_add_header("Authorization") highest severity level was "warning"  	[MsgId: MMSG-26391]
Action.c(183): web_reg_save_param started  	[MsgId: MMSG-26355]
Action.c(183): Registering web_reg_save_param was successful  	[MsgId: MMSG-26390]
Action.c(185): web_reg_save_param started  	[MsgId: MMSG-26355]
Action.c(185): Registering web_reg_save_param was successful  	[MsgId: MMSG-26390]
Action.c(187): web_custom_request("CreateNewSupplier") started  	[MsgId: MMSG-26355]
Action.c(187): Notify: Parameter Substitution: parameter "P_URL" =  "http://internal-qa-uom-services-private-elb-306417685.us-east-1.elb.amazonaws.com"	[MsgId: MMSG-13992]
Action.c(187): Notify: Parameter Substitution: parameter "P_URL" =  "http://internal-qa-uom-services-private-elb-306417685.us-east-1.elb.amazonaws.com"	[MsgId: MMSG-13992]
Action.c(187): Notify: Next row for parameter P_SupplierName = 220 [table  = P_SupplierName].	[MsgId: MMSG-13876]
Action.c(187): Notify: Getting new value for parameter 'P_SupplierName': table = 'P_OpCo.dat' column = '7' row = '220'.	[MsgId: MMSG-13877]
Action.c(187): Notify: Parameter Substitution: parameter "P_SupplierName" =  "PT_Sup220"	[MsgId: MMSG-13992]
Action.c(187): Notify: Next row for parameter P_Address = 220 [table  = P_Address].	[MsgId: MMSG-13876]
Action.c(187): Notify: Getting new value for parameter 'P_Address': table = 'P_OpCo.dat' column = '8' row = '220'.	[MsgId: MMSG-13877]
Action.c(187): Notify: Parameter Substitution: parameter "P_Address" =  "PT_Add220"	[MsgId: MMSG-13992]
Action.c(187): Notify: Next row for parameter P_ContactName = 220 [table  = P_ContactName].	[MsgId: MMSG-13876]
Action.c(187): Notify: Getting new value for parameter 'P_ContactName': table = 'P_OpCo.dat' column = '9' row = '220'.	[MsgId: MMSG-13877]
Action.c(187): Notify: Parameter Substitution: parameter "P_ContactName" =  "PT_ContactName220"	[MsgId: MMSG-13992]
Action.c(187): Notify: Next row for parameter P_Email = 220 [table  = P_Email].	[MsgId: MMSG-13876]
Action.c(187): Notify: Getting new value for parameter 'P_Email': table = 'P_OpCo.dat' column = '10' row = '220'.	[MsgId: MMSG-13877]
Action.c(187): Notify: Parameter Substitution: parameter "P_Email" =  "PT_EMAIL02@test.com"	[MsgId: MMSG-13992]
Action.c(187): Notify: Next row for parameter P_PhoneNumber = 220 [table  = P_PhoneNumber].	[MsgId: MMSG-13876]
Action.c(187): Notify: Getting new value for parameter 'P_PhoneNumber': table = 'P_OpCo.dat' column = '11' row = '220'.	[MsgId: MMSG-13877]
Action.c(187): Notify: Parameter Substitution: parameter "P_PhoneNumber" =  "PT_Phone220"	[MsgId: MMSG-13992]
Action.c(187): Notify: Next row for parameter P_Notes = 220 [table  = P_Notes].	[MsgId: MMSG-13876]
Action.c(187): Notify: Getting new value for parameter 'P_Notes': table = 'P_OpCo.dat' column = '12' row = '220'.	[MsgId: MMSG-13877]
Action.c(187): Notify: Parameter Substitution: parameter "P_Notes" =  "PT_SampleNotes220"	[MsgId: MMSG-13992]
Action.c(187): t=57898ms: Connecting [0] to host 10.168.140.25:80  	[MsgId: MMSG-26000]
Action.c(187): t=57941ms: Connected socket [0] from 10.240.205.169:4716 to 10.168.140.25:80 in 43 ms  	[MsgId: MMSG-26000]
Action.c(187): t=57942ms: 534-byte request headers for "http://internal-qa-uom-services-private-elb-306417685.us-east-1.elb.amazonaws.com:80/suppliers" (RelFrameId=1, Internal ID=484)
Action.c(187):     POST /suppliers HTTP/1.1\r\n
Action.c(187):     Authorization: Bearer 067|017020|017020\r\n
Action.c(187):     Content-Type: application/json\r\n
Action.c(187):     Referer: http://internal-qa-uom-services-private-elb-306417685.us-east-1.elb.amazonaws.com
Action.c(187):     /swagger\r\n
Action.c(187):     User-Agent: Mozilla/5.0 (Windows NT 6.1; WOW64) AppleWebKit/537.36 (KHTML, like Gecko) Chr
Action.c(187):     ome/48.0.2564.97 Safari/537.36\r\n
Action.c(187):     Accept-Encoding: gzip, deflate, sdch\r\n
Action.c(187):     Accept-Language: en-US,en;q=0.8\r\n
Action.c(187):     Accept: */*\r\n
Action.c(187):     Connection: Keep-Alive\r\n
Action.c(187):     Host: internal-qa-uom-services-private-elb-306417685.us-east-1.elb.amazonaws.com\r\n
Action.c(187):     Content-Length: 219\r\n
Action.c(187):     \r\n
Action.c(187): t=57947ms: 219-byte request body for "http://internal-qa-uom-services-private-elb-306417685.us-east-1.elb.amazonaws.com:80/suppliers" (RelFrameId=1, Internal ID=484)
Action.c(187):     {\n
Action.c(187):      "name": "PT_Sup220",\n
Action.c(187):      "contactInformation": {\n
Action.c(187):       "address": "PT_Add220",\n
Action.c(187):       "contactName": "PT_ContactName220",\n
Action.c(187):       "emailAddress": "PT_EMAIL02@test.com",\n
Action.c(187):       "phoneNumber": "PT_Phone220" },\n
Action.c(187):      "notes": "PT_SampleNotes220"\n
Action.c(187):     }
Action.c(187): t=57996ms: 141-byte response headers for "http://internal-qa-uom-services-private-elb-306417685.us-east-1.elb.amazonaws.com:80/suppliers" (RelFrameId=1, Internal ID=484)
Action.c(187):     HTTP/1.1 400 Bad Request\r\n
Action.c(187):     Content-Type: application/json\r\n
Action.c(187):     Date: Tue, 22 Mar 2016 21:40:17 GMT\r\n
Action.c(187):     Content-Length: 55\r\n
Action.c(187):     Connection: keep-alive\r\n
Action.c(187):     \r\n
Action.c(187): t=57999ms: 55-byte response body for "http://internal-qa-uom-services-private-elb-306417685.us-east-1.elb.amazonaws.com:80/suppliers" (RelFrameId=1, Internal ID=484)
Action.c(187):     {"message":"Duplicate supplier names are not allowed."}
Action.c(187): Continuing after Error -26631: HTTP Status-Code=400 (Bad Request) for "http://internal-qa-uom-services-private-elb-306417685.us-east-1.elb.amazonaws.com:80/suppliers"  	[MsgId: MERR-26631]
Action.c(187): t=58000ms: Closing connection [0] to internal-qa-uom-services-private-elb-306417685.us-east-1.elb.amazonaws.com after receiving status code 400  	[MsgId: MMSG-26000]
Action.c(187): t=58001ms: Closed connection [0] to internal-qa-uom-services-private-elb-306417685.us-east-1.elb.amazonaws.com:80 after completing 0 requests  	[MsgId: MMSG-26000]
Action.c(187): t=58001ms: Request done "http://internal-qa-uom-services-private-elb-306417685.us-east-1.elb.amazonaws.com:80/suppliers"  	[MsgId: MMSG-26000]
Action.c(187): Warning -26377: No match found for the requested parameter "Corr_SupplierID". Check whether the requested boundaries exist in the response data. Also, if the data you want to save exceeds 256 bytes, use web_set_max_html_param_len to increase the parameter size  	[MsgId: MWAR-26377]
Action.c(187): Notify: Saving Parameter "Corr_SupplierID = ".	[MsgId: MMSG-13798]
Action.c(187): Warning -26377: No match found for the requested parameter "Corr_SupplierName". Check whether the requested boundaries exist in the response data. Also, if the data you want to save exceeds 256 bytes, use web_set_max_html_param_len to increase the parameter size  	[MsgId: MWAR-26377]
Action.c(187): Notify: Saving Parameter "Corr_SupplierName = ".	[MsgId: MMSG-13798]
Action.c(187): web_custom_request("CreateNewSupplier") highest severity level was "continue on error", 55 body bytes, 141 header bytes  	[MsgId: MMSG-26388]
Action.c(187): Continuing after error in Vuser script.	[MsgId: MMSG-10678]
Action.c(204): Notify: Next row for parameter P_CustomerID = 44 [table  = P_CustomerID].	[MsgId: MMSG-13876]
Action.c(204): Notify: Parameter Substitution: parameter "P_CustomerID" =  "017020"	[MsgId: MMSG-13992]
Action.c(204): Notify: Parameter Substitution: parameter "Corr_SupplierID" =  ""	[MsgId: MMSG-13992]
Action.c(204): Notify: Parameter Substitution: parameter "Corr_SupplierName" =  ""	[MsgId: MMSG-13992]
Action.c(207): Notify: Transaction "Create_New_Suppliers" ended with a "Fail" status (Duration: 0.1269 Wasted Time: 0.0000).	[MsgId: MMSG-16871]
Action.c(207): Notify: Transaction "Create_New_Suppliers" has 1 error message(s).	[MsgId: MMSG-16818]
Action.c(207): Notify: The 1st error message associated with transaction "Create_New_Suppliers" is "Error -26631: HTTP Status-Code=400 (Bad Request) for "http://internal-qa-uom-services-private-elb-306417685.us-east-1.elb.amazonaws.com:80/suppliers""	[MsgId: MMSG-16819]
Ending action Action.	[MsgId: MMSG-15918]
Action was aborted.	[MsgId: MMSG-10694]
Ending Vuser...	[MsgId: MMSG-15966]
Starting action vuser_end.	[MsgId: MMSG-15919]
Ending action vuser_end.	[MsgId: MMSG-15918]
Vuser Terminated.	[MsgId: MMSG-15963]
HTML-Mode memory management statistics: Reusable=0, NonReusable=0, CsMemBlockSize=4096, checks disabled  	[MsgId: MMSG-26000]
Vuser 0 (thread 8792), ended OK."	[MsgId: MMSG-10695]
