Error: (0, 803)	[MsgId: MERR-13874]
Error: Parameter 'P_OpCo': Cannot replace the parameter with a value from table 'P_OpCo.dat' [column=0, row=2].	[MsgId: MERR-13888]
Error: (1, 802)	[MsgId: MERR-13874]
Error: Parameter 'P_CustomerID': Cannot replace the parameter with a value from table 'P_OpCo.dat' [column=1, row=1].	[MsgId: MERR-13888]
Error: (2, 802)	[MsgId: MERR-13874]
Error: Parameter 'P_UserID': Cannot replace the parameter with a value from table 'P_OpCo.dat' [column=2, row=1].	[MsgId: MERR-13888]
Error: (6, 802)	[MsgId: MERR-13874]
Error: Parameter 'P_GroupName': Cannot replace the parameter with a value from table 'P_OpCo.dat' [column=6, row=1].	[MsgId: MERR-13888]
Error: (4, 802)	[MsgId: MERR-13874]
Error: Parameter 'P_StorageName': Cannot replace the parameter with a value from table 'P_OpCo.dat' [column=4, row=1].	[MsgId: MERR-13888]
Error: (5, 802)	[MsgId: MERR-13874]
Error: Parameter 'P_FoodType': Cannot replace the parameter with a value from table 'P_OpCo.dat' [column=5, row=1].	[MsgId: MERR-13888]
Error: (3, 802)	[MsgId: MERR-13874]
Error: Parameter 'P_Location': Cannot replace the parameter with a value from table 'P_OpCo.dat' [column=3, row=1].	[MsgId: MERR-13888]
Error: (0, 806)	[MsgId: MERR-13874]
Error: Parameter 'P_OpCo': Cannot replace the parameter with a value from table 'P_OpCo.dat' [column=0, row=5].	[MsgId: MERR-13888]
Error: (1, 802)	[MsgId: MERR-13874]
Error: Parameter 'P_CustomerID': Cannot replace the parameter with a value from table 'P_OpCo.dat' [column=1, row=1].	[MsgId: MERR-13888]
Error: (2, 802)	[MsgId: MERR-13874]
Error: Parameter 'P_UserID': Cannot replace the parameter with a value from table 'P_OpCo.dat' [column=2, row=1].	[MsgId: MERR-13888]
Error: (6, 802)	[MsgId: MERR-13874]
Error: Parameter 'P_GroupName': Cannot replace the parameter with a value from table 'P_OpCo.dat' [column=6, row=1].	[MsgId: MERR-13888]
Error: (4, 802)	[MsgId: MERR-13874]
Error: Parameter 'P_StorageName': Cannot replace the parameter with a value from table 'P_OpCo.dat' [column=4, row=1].	[MsgId: MERR-13888]
Error: (5, 802)	[MsgId: MERR-13874]
Error: Parameter 'P_FoodType': Cannot replace the parameter with a value from table 'P_OpCo.dat' [column=5, row=1].	[MsgId: MERR-13888]
Error: (3, 802)	[MsgId: MERR-13874]
Error: Parameter 'P_Location': Cannot replace the parameter with a value from table 'P_OpCo.dat' [column=3, row=1].	[MsgId: MERR-13888]
Error: (0, 802)	[MsgId: MERR-13874]
Error: Parameter 'P_OpCo': Cannot replace the parameter with a value from table 'P_OpCo.dat' [column=0, row=1].	[MsgId: MERR-13888]
Error: (1, 802)	[MsgId: MERR-13874]
Error: Parameter 'P_CustomerID': Cannot replace the parameter with a value from table 'P_OpCo.dat' [column=1, row=1].	[MsgId: MERR-13888]
Error: (2, 802)	[MsgId: MERR-13874]
Error: Parameter 'P_UserID': Cannot replace the parameter with a value from table 'P_OpCo.dat' [column=2, row=1].	[MsgId: MERR-13888]
Error: (6, 802)	[MsgId: MERR-13874]
Error: Parameter 'P_GroupName': Cannot replace the parameter with a value from table 'P_OpCo.dat' [column=6, row=1].	[MsgId: MERR-13888]
Error: (4, 802)	[MsgId: MERR-13874]
Error: Parameter 'P_StorageName': Cannot replace the parameter with a value from table 'P_OpCo.dat' [column=4, row=1].	[MsgId: MERR-13888]
Error: (5, 802)	[MsgId: MERR-13874]
Error: Parameter 'P_FoodType': Cannot replace the parameter with a value from table 'P_OpCo.dat' [column=5, row=1].	[MsgId: MERR-13888]
Error: (3, 802)	[MsgId: MERR-13874]
Error: Parameter 'P_Location': Cannot replace the parameter with a value from table 'P_OpCo.dat' [column=3, row=1].	[MsgId: MERR-13888]
Error: (0, 807)	[MsgId: MERR-13874]
Error: Parameter 'P_OpCo': Cannot replace the parameter with a value from table 'P_OpCo.dat' [column=0, row=6].	[MsgId: MERR-13888]
Error: (1, 802)	[MsgId: MERR-13874]
Error: Parameter 'P_CustomerID': Cannot replace the parameter with a value from table 'P_OpCo.dat' [column=1, row=1].	[MsgId: MERR-13888]
Error: (2, 802)	[MsgId: MERR-13874]
Error: Parameter 'P_UserID': Cannot replace the parameter with a value from table 'P_OpCo.dat' [column=2, row=1].	[MsgId: MERR-13888]
Error: (6, 802)	[MsgId: MERR-13874]
Error: Parameter 'P_GroupName': Cannot replace the parameter with a value from table 'P_OpCo.dat' [column=6, row=1].	[MsgId: MERR-13888]
Error: (4, 802)	[MsgId: MERR-13874]
Error: Parameter 'P_StorageName': Cannot replace the parameter with a value from table 'P_OpCo.dat' [column=4, row=1].	[MsgId: MERR-13888]
Error: (5, 802)	[MsgId: MERR-13874]
Error: Parameter 'P_FoodType': Cannot replace the parameter with a value from table 'P_OpCo.dat' [column=5, row=1].	[MsgId: MERR-13888]
Error: (3, 802)	[MsgId: MERR-13874]
Error: Parameter 'P_Location': Cannot replace the parameter with a value from table 'P_OpCo.dat' [column=3, row=1].	[MsgId: MERR-13888]
Error: (0, 810)	[MsgId: MERR-13874]
Error: Parameter 'P_OpCo': Cannot replace the parameter with a value from table 'P_OpCo.dat' [column=0, row=9].	[MsgId: MERR-13888]
Error: (1, 802)	[MsgId: MERR-13874]
Error: Parameter 'P_CustomerID': Cannot replace the parameter with a value from table 'P_OpCo.dat' [column=1, row=1].	[MsgId: MERR-13888]
Error: (2, 802)	[MsgId: MERR-13874]
Error: Parameter 'P_UserID': Cannot replace the parameter with a value from table 'P_OpCo.dat' [column=2, row=1].	[MsgId: MERR-13888]
Error: (6, 802)	[MsgId: MERR-13874]
Error: Parameter 'P_GroupName': Cannot replace the parameter with a value from table 'P_OpCo.dat' [column=6, row=1].	[MsgId: MERR-13888]
Error: (4, 802)	[MsgId: MERR-13874]
Error: Parameter 'P_StorageName': Cannot replace the parameter with a value from table 'P_OpCo.dat' [column=4, row=1].	[MsgId: MERR-13888]
Error: (5, 802)	[MsgId: MERR-13874]
Error: Parameter 'P_FoodType': Cannot replace the parameter with a value from table 'P_OpCo.dat' [column=5, row=1].	[MsgId: MERR-13888]
Error: (3, 802)	[MsgId: MERR-13874]
Error: Parameter 'P_Location': Cannot replace the parameter with a value from table 'P_OpCo.dat' [column=3, row=1].	[MsgId: MERR-13888]
Error: (0, 804)	[MsgId: MERR-13874]
Error: Parameter 'P_OpCo': Cannot replace the parameter with a value from table 'P_OpCo.dat' [column=0, row=3].	[MsgId: MERR-13888]
Error: (1, 802)	[MsgId: MERR-13874]
Error: Parameter 'P_CustomerID': Cannot replace the parameter with a value from table 'P_OpCo.dat' [column=1, row=1].	[MsgId: MERR-13888]
Error: (2, 802)	[MsgId: MERR-13874]
Error: Parameter 'P_UserID': Cannot replace the parameter with a value from table 'P_OpCo.dat' [column=2, row=1].	[MsgId: MERR-13888]
Error: (6, 802)	[MsgId: MERR-13874]
Error: Parameter 'P_GroupName': Cannot replace the parameter with a value from table 'P_OpCo.dat' [column=6, row=1].	[MsgId: MERR-13888]
Error: (4, 802)	[MsgId: MERR-13874]
Error: Parameter 'P_StorageName': Cannot replace the parameter with a value from table 'P_OpCo.dat' [column=4, row=1].	[MsgId: MERR-13888]
Error: (5, 802)	[MsgId: MERR-13874]
Error: Parameter 'P_FoodType': Cannot replace the parameter with a value from table 'P_OpCo.dat' [column=5, row=1].	[MsgId: MERR-13888]
Error: (3, 802)	[MsgId: MERR-13874]
Error: Parameter 'P_Location': Cannot replace the parameter with a value from table 'P_OpCo.dat' [column=3, row=1].	[MsgId: MERR-13888]
Error: (0, 811)	[MsgId: MERR-13874]
Error: Parameter 'P_OpCo': Cannot replace the parameter with a value from table 'P_OpCo.dat' [column=0, row=10].	[MsgId: MERR-13888]
Error: (1, 802)	[MsgId: MERR-13874]
Error: Parameter 'P_CustomerID': Cannot replace the parameter with a value from table 'P_OpCo.dat' [column=1, row=1].	[MsgId: MERR-13888]
Error: (2, 802)	[MsgId: MERR-13874]
Error: Parameter 'P_UserID': Cannot replace the parameter with a value from table 'P_OpCo.dat' [column=2, row=1].	[MsgId: MERR-13888]
Error: (6, 802)	[MsgId: MERR-13874]
Error: Parameter 'P_GroupName': Cannot replace the parameter with a value from table 'P_OpCo.dat' [column=6, row=1].	[MsgId: MERR-13888]
Error: (4, 802)	[MsgId: MERR-13874]
Error: Parameter 'P_StorageName': Cannot replace the parameter with a value from table 'P_OpCo.dat' [column=4, row=1].	[MsgId: MERR-13888]
Error: (5, 802)	[MsgId: MERR-13874]
Error: Parameter 'P_FoodType': Cannot replace the parameter with a value from table 'P_OpCo.dat' [column=5, row=1].	[MsgId: MERR-13888]
Error: (3, 802)	[MsgId: MERR-13874]
Error: Parameter 'P_Location': Cannot replace the parameter with a value from table 'P_OpCo.dat' [column=3, row=1].	[MsgId: MERR-13888]
Error: (0, 812)	[MsgId: MERR-13874]
Error: Parameter 'P_OpCo': Cannot replace the parameter with a value from table 'P_OpCo.dat' [column=0, row=11].	[MsgId: MERR-13888]
Error: (1, 802)	[MsgId: MERR-13874]
Error: Parameter 'P_CustomerID': Cannot replace the parameter with a value from table 'P_OpCo.dat' [column=1, row=1].	[MsgId: MERR-13888]
Error: (2, 802)	[MsgId: MERR-13874]
Error: Parameter 'P_UserID': Cannot replace the parameter with a value from table 'P_OpCo.dat' [column=2, row=1].	[MsgId: MERR-13888]
Error: (6, 802)	[MsgId: MERR-13874]
Error: Parameter 'P_GroupName': Cannot replace the parameter with a value from table 'P_OpCo.dat' [column=6, row=1].	[MsgId: MERR-13888]
Error: (4, 802)	[MsgId: MERR-13874]
Error: Parameter 'P_StorageName': Cannot replace the parameter with a value from table 'P_OpCo.dat' [column=4, row=1].	[MsgId: MERR-13888]
Error: (5, 802)	[MsgId: MERR-13874]
Error: Parameter 'P_FoodType': Cannot replace the parameter with a value from table 'P_OpCo.dat' [column=5, row=1].	[MsgId: MERR-13888]
Error: (3, 802)	[MsgId: MERR-13874]
Error: Parameter 'P_Location': Cannot replace the parameter with a value from table 'P_OpCo.dat' [column=3, row=1].	[MsgId: MERR-13888]
Error: (0, 815)	[MsgId: MERR-13874]
Error: Parameter 'P_OpCo': Cannot replace the parameter with a value from table 'P_OpCo.dat' [column=0, row=14].	[MsgId: MERR-13888]
Error: (1, 802)	[MsgId: MERR-13874]
Error: Parameter 'P_CustomerID': Cannot replace the parameter with a value from table 'P_OpCo.dat' [column=1, row=1].	[MsgId: MERR-13888]
Error: (2, 802)	[MsgId: MERR-13874]
Error: Parameter 'P_UserID': Cannot replace the parameter with a value from table 'P_OpCo.dat' [column=2, row=1].	[MsgId: MERR-13888]
Error: (6, 802)	[MsgId: MERR-13874]
Error: Parameter 'P_GroupName': Cannot replace the parameter with a value from table 'P_OpCo.dat' [column=6, row=1].	[MsgId: MERR-13888]
Error: (4, 802)	[MsgId: MERR-13874]
Error: Parameter 'P_StorageName': Cannot replace the parameter with a value from table 'P_OpCo.dat' [column=4, row=1].	[MsgId: MERR-13888]
Error: (5, 802)	[MsgId: MERR-13874]
Error: Parameter 'P_FoodType': Cannot replace the parameter with a value from table 'P_OpCo.dat' [column=5, row=1].	[MsgId: MERR-13888]
Error: (3, 802)	[MsgId: MERR-13874]
Error: Parameter 'P_Location': Cannot replace the parameter with a value from table 'P_OpCo.dat' [column=3, row=1].	[MsgId: MERR-13888]
Error: (0, 809)	[MsgId: MERR-13874]
Error: Parameter 'P_OpCo': Cannot replace the parameter with a value from table 'P_OpCo.dat' [column=0, row=8].	[MsgId: MERR-13888]
Error: (1, 802)	[MsgId: MERR-13874]
Error: Parameter 'P_CustomerID': Cannot replace the parameter with a value from table 'P_OpCo.dat' [column=1, row=1].	[MsgId: MERR-13888]
Error: (2, 802)	[MsgId: MERR-13874]
Error: Parameter 'P_UserID': Cannot replace the parameter with a value from table 'P_OpCo.dat' [column=2, row=1].	[MsgId: MERR-13888]
Error: (6, 802)	[MsgId: MERR-13874]
Error: Parameter 'P_GroupName': Cannot replace the parameter with a value from table 'P_OpCo.dat' [column=6, row=1].	[MsgId: MERR-13888]
Error: (4, 802)	[MsgId: MERR-13874]
Error: Parameter 'P_StorageName': Cannot replace the parameter with a value from table 'P_OpCo.dat' [column=4, row=1].	[MsgId: MERR-13888]
Error: (5, 802)	[MsgId: MERR-13874]
Error: Parameter 'P_FoodType': Cannot replace the parameter with a value from table 'P_OpCo.dat' [column=5, row=1].	[MsgId: MERR-13888]
Error: (3, 802)	[MsgId: MERR-13874]
Error: Parameter 'P_Location': Cannot replace the parameter with a value from table 'P_OpCo.dat' [column=3, row=1].	[MsgId: MERR-13888]
Error: (0, 808)	[MsgId: MERR-13874]
Error: Parameter 'P_OpCo': Cannot replace the parameter with a value from table 'P_OpCo.dat' [column=0, row=7].	[MsgId: MERR-13888]
Error: (1, 802)	[MsgId: MERR-13874]
Error: Parameter 'P_CustomerID': Cannot replace the parameter with a value from table 'P_OpCo.dat' [column=1, row=1].	[MsgId: MERR-13888]
Error: (2, 802)	[MsgId: MERR-13874]
Error: Parameter 'P_UserID': Cannot replace the parameter with a value from table 'P_OpCo.dat' [column=2, row=1].	[MsgId: MERR-13888]
Error: (6, 802)	[MsgId: MERR-13874]
Error: Parameter 'P_GroupName': Cannot replace the parameter with a value from table 'P_OpCo.dat' [column=6, row=1].	[MsgId: MERR-13888]
Error: (4, 802)	[MsgId: MERR-13874]
Error: Parameter 'P_StorageName': Cannot replace the parameter with a value from table 'P_OpCo.dat' [column=4, row=1].	[MsgId: MERR-13888]
Error: (5, 802)	[MsgId: MERR-13874]
Error: Parameter 'P_FoodType': Cannot replace the parameter with a value from table 'P_OpCo.dat' [column=5, row=1].	[MsgId: MERR-13888]
Error: (3, 802)	[MsgId: MERR-13874]
Error: Parameter 'P_Location': Cannot replace the parameter with a value from table 'P_OpCo.dat' [column=3, row=1].	[MsgId: MERR-13888]
Error: (0, 813)	[MsgId: MERR-13874]
Error: Parameter 'P_OpCo': Cannot replace the parameter with a value from table 'P_OpCo.dat' [column=0, row=12].	[MsgId: MERR-13888]
Error: (1, 802)	[MsgId: MERR-13874]
Error: Parameter 'P_CustomerID': Cannot replace the parameter with a value from table 'P_OpCo.dat' [column=1, row=1].	[MsgId: MERR-13888]
Error: (2, 802)	[MsgId: MERR-13874]
Error: Parameter 'P_UserID': Cannot replace the parameter with a value from table 'P_OpCo.dat' [column=2, row=1].	[MsgId: MERR-13888]
Error: (6, 802)	[MsgId: MERR-13874]
Error: Parameter 'P_GroupName': Cannot replace the parameter with a value from table 'P_OpCo.dat' [column=6, row=1].	[MsgId: MERR-13888]
Error: (4, 802)	[MsgId: MERR-13874]
Error: Parameter 'P_StorageName': Cannot replace the parameter with a value from table 'P_OpCo.dat' [column=4, row=1].	[MsgId: MERR-13888]
Error: (5, 802)	[MsgId: MERR-13874]
Error: Parameter 'P_FoodType': Cannot replace the parameter with a value from table 'P_OpCo.dat' [column=5, row=1].	[MsgId: MERR-13888]
Error: (3, 802)	[MsgId: MERR-13874]
Error: Parameter 'P_Location': Cannot replace the parameter with a value from table 'P_OpCo.dat' [column=3, row=1].	[MsgId: MERR-13888]
Error: (0, 814)	[MsgId: MERR-13874]
Error: Parameter 'P_OpCo': Cannot replace the parameter with a value from table 'P_OpCo.dat' [column=0, row=13].	[MsgId: MERR-13888]
Error: (1, 802)	[MsgId: MERR-13874]
Error: Parameter 'P_CustomerID': Cannot replace the parameter with a value from table 'P_OpCo.dat' [column=1, row=1].	[MsgId: MERR-13888]
Error: (2, 802)	[MsgId: MERR-13874]
Error: Parameter 'P_UserID': Cannot replace the parameter with a value from table 'P_OpCo.dat' [column=2, row=1].	[MsgId: MERR-13888]
Error: (6, 802)	[MsgId: MERR-13874]
Error: Parameter 'P_GroupName': Cannot replace the parameter with a value from table 'P_OpCo.dat' [column=6, row=1].	[MsgId: MERR-13888]
Error: (4, 802)	[MsgId: MERR-13874]
Error: Parameter 'P_StorageName': Cannot replace the parameter with a value from table 'P_OpCo.dat' [column=4, row=1].	[MsgId: MERR-13888]
Error: (5, 802)	[MsgId: MERR-13874]
Error: Parameter 'P_FoodType': Cannot replace the parameter with a value from table 'P_OpCo.dat' [column=5, row=1].	[MsgId: MERR-13888]
Error: (3, 802)	[MsgId: MERR-13874]
Error: Parameter 'P_Location': Cannot replace the parameter with a value from table 'P_OpCo.dat' [column=3, row=1].	[MsgId: MERR-13888]
Error: (0, 805)	[MsgId: MERR-13874]
Error: Parameter 'P_OpCo': Cannot replace the parameter with a value from table 'P_OpCo.dat' [column=0, row=4].	[MsgId: MERR-13888]
Error: (1, 802)	[MsgId: MERR-13874]
Error: Parameter 'P_CustomerID': Cannot replace the parameter with a value from table 'P_OpCo.dat' [column=1, row=1].	[MsgId: MERR-13888]
Error: (2, 802)	[MsgId: MERR-13874]
Error: Parameter 'P_UserID': Cannot replace the parameter with a value from table 'P_OpCo.dat' [column=2, row=1].	[MsgId: MERR-13888]
Error: (6, 802)	[MsgId: MERR-13874]
Error: Parameter 'P_GroupName': Cannot replace the parameter with a value from table 'P_OpCo.dat' [column=6, row=1].	[MsgId: MERR-13888]
Error: (4, 802)	[MsgId: MERR-13874]
Error: Parameter 'P_StorageName': Cannot replace the parameter with a value from table 'P_OpCo.dat' [column=4, row=1].	[MsgId: MERR-13888]
Error: (5, 802)	[MsgId: MERR-13874]
Error: Parameter 'P_FoodType': Cannot replace the parameter with a value from table 'P_OpCo.dat' [column=5, row=1].	[MsgId: MERR-13888]
Error: (3, 802)	[MsgId: MERR-13874]
Error: Parameter 'P_Location': Cannot replace the parameter with a value from table 'P_OpCo.dat' [column=3, row=1].	[MsgId: MERR-13888]
Action.c(17): Continuing after Error -26631: HTTP Status-Code=400 (Bad Request) for "http://internal-qa-uom-services-private-elb-306417685.us-east-1.elb.amazonaws.com:80/accounts/mine"  	[MsgId: MERR-26631]
Action.c(38): Continuing after Error -26631: HTTP Status-Code=400 (Bad Request) for "http://internal-qa-uom-services-private-elb-306417685.us-east-1.elb.amazonaws.com:80/accounts"  	[MsgId: MERR-26631]
Action.c(68): Continuing after Error -26631: HTTP Status-Code=400 (Bad Request) for "http://internal-qa-uom-services-private-elb-306417685.us-east-1.elb.amazonaws.com:80/inventories"  	[MsgId: MERR-26631]
Action.c(78): Looped into Create Invetory	[MsgId: MMSG-17999]
Action.c(98): Continuing after Error -26631: HTTP Status-Code=400 (Bad Request) for "http://internal-qa-uom-services-private-elb-306417685.us-east-1.elb.amazonaws.com:80/groups"  	[MsgId: MERR-26631]
Action.c(122): Continuing after Error -26631: HTTP Status-Code=400 (Bad Request) for "http://internal-qa-uom-services-private-elb-306417685.us-east-1.elb.amazonaws.com:80/groups"  	[MsgId: MERR-26631]
Action.c(122): Continuing after Error -26631: HTTP Status-Code=400 (Bad Request) for "http://internal-qa-uom-services-private-elb-306417685.us-east-1.elb.amazonaws.com:80/groups"  	[MsgId: MERR-26631]
Action.c(122): Continuing after Error -26631: HTTP Status-Code=400 (Bad Request) for "http://internal-qa-uom-services-private-elb-306417685.us-east-1.elb.amazonaws.com:80/groups"  	[MsgId: MERR-26631]
Action.c(122): Continuing after Error -26631: HTTP Status-Code=400 (Bad Request) for "http://internal-qa-uom-services-private-elb-306417685.us-east-1.elb.amazonaws.com:80/groups"  	[MsgId: MERR-26631]
Action.c(122): Continuing after Error -26631: HTTP Status-Code=400 (Bad Request) for "http://internal-qa-uom-services-private-elb-306417685.us-east-1.elb.amazonaws.com:80/groups"  	[MsgId: MERR-26631]
Action.c(155): Continuing after Error -26631: HTTP Status-Code=400 (Bad Request) for "http://internal-qa-uom-services-private-elb-306417685.us-east-1.elb.amazonaws.com:80/groups"  	[MsgId: MERR-26631]
Action.c(177): Continuing after Error -26631: HTTP Status-Code=400 (Bad Request) for "http://internal-qa-uom-services-private-elb-306417685.us-east-1.elb.amazonaws.com:80/suppliers"  	[MsgId: MERR-26631]
Action.c(201): Continuing after Error -26631: HTTP Status-Code=400 (Bad Request) for "http://internal-qa-uom-services-private-elb-306417685.us-east-1.elb.amazonaws.com:80/suppliers"  	[MsgId: MERR-26631]
Action.c(201): Continuing after Error -26631: HTTP Status-Code=400 (Bad Request) for "http://internal-qa-uom-services-private-elb-306417685.us-east-1.elb.amazonaws.com:80/suppliers"  	[MsgId: MERR-26631]
Action.c(201): Continuing after Error -26631: HTTP Status-Code=400 (Bad Request) for "http://internal-qa-uom-services-private-elb-306417685.us-east-1.elb.amazonaws.com:80/suppliers"  	[MsgId: MERR-26631]
Action.c(201): Continuing after Error -26631: HTTP Status-Code=400 (Bad Request) for "http://internal-qa-uom-services-private-elb-306417685.us-east-1.elb.amazonaws.com:80/suppliers"  	[MsgId: MERR-26631]
Action.c(201): Continuing after Error -26631: HTTP Status-Code=400 (Bad Request) for "http://internal-qa-uom-services-private-elb-306417685.us-east-1.elb.amazonaws.com:80/suppliers"  	[MsgId: MERR-26631]
Action.c(201): Continuing after Error -26631: HTTP Status-Code=400 (Bad Request) for "http://internal-qa-uom-services-private-elb-306417685.us-east-1.elb.amazonaws.com:80/suppliers"  	[MsgId: MERR-26631]
Action.c(201): Continuing after Error -26631: HTTP Status-Code=400 (Bad Request) for "http://internal-qa-uom-services-private-elb-306417685.us-east-1.elb.amazonaws.com:80/suppliers"  	[MsgId: MERR-26631]
Action.c(201): Continuing after Error -26631: HTTP Status-Code=400 (Bad Request) for "http://internal-qa-uom-services-private-elb-306417685.us-east-1.elb.amazonaws.com:80/suppliers"  	[MsgId: MERR-26631]
Action.c(201): Continuing after Error -26631: HTTP Status-Code=400 (Bad Request) for "http://internal-qa-uom-services-private-elb-306417685.us-east-1.elb.amazonaws.com:80/suppliers"  	[MsgId: MERR-26631]
Action.c(201): Continuing after Error -26631: HTTP Status-Code=400 (Bad Request) for "http://internal-qa-uom-services-private-elb-306417685.us-east-1.elb.amazonaws.com:80/suppliers"  	[MsgId: MERR-26631]
Action.c(234): Continuing after Error -26631: HTTP Status-Code=400 (Bad Request) for "http://internal-qa-uom-services-private-elb-306417685.us-east-1.elb.amazonaws.com:80/suppliers"  	[MsgId: MERR-26631]
Action.c(259): Continuing after Error -26631: HTTP Status-Code=400 (Bad Request) for "http://internal-qa-uom-services-private-elb-306417685.us-east-1.elb.amazonaws.com:80/products"  	[MsgId: MERR-26631]
Action.c(259): Continuing after Error -26631: HTTP Status-Code=400 (Bad Request) for "http://internal-qa-uom-services-private-elb-306417685.us-east-1.elb.amazonaws.com:80/products"  	[MsgId: MERR-26631]
Action.c(259): Continuing after Error -26631: HTTP Status-Code=400 (Bad Request) for "http://internal-qa-uom-services-private-elb-306417685.us-east-1.elb.amazonaws.com:80/products"  	[MsgId: MERR-26631]
Action.c(259): Continuing after Error -26631: HTTP Status-Code=400 (Bad Request) for "http://internal-qa-uom-services-private-elb-306417685.us-east-1.elb.amazonaws.com:80/products"  	[MsgId: MERR-26631]
Action.c(259): Continuing after Error -26631: HTTP Status-Code=400 (Bad Request) for "http://internal-qa-uom-services-private-elb-306417685.us-east-1.elb.amazonaws.com:80/products"  	[MsgId: MERR-26631]
Action.c(259): Continuing after Error -26631: HTTP Status-Code=400 (Bad Request) for "http://internal-qa-uom-services-private-elb-306417685.us-east-1.elb.amazonaws.com:80/products"  	[MsgId: MERR-26631]
Action.c(259): Continuing after Error -26631: HTTP Status-Code=400 (Bad Request) for "http://internal-qa-uom-services-private-elb-306417685.us-east-1.elb.amazonaws.com:80/products"  	[MsgId: MERR-26631]
Action.c(259): Continuing after Error -26631: HTTP Status-Code=400 (Bad Request) for "http://internal-qa-uom-services-private-elb-306417685.us-east-1.elb.amazonaws.com:80/products"  	[MsgId: MERR-26631]
Action.c(259): Continuing after Error -26631: HTTP Status-Code=400 (Bad Request) for "http://internal-qa-uom-services-private-elb-306417685.us-east-1.elb.amazonaws.com:80/products"  	[MsgId: MERR-26631]
Action.c(259): Continuing after Error -26631: HTTP Status-Code=400 (Bad Request) for "http://internal-qa-uom-services-private-elb-306417685.us-east-1.elb.amazonaws.com:80/products"  	[MsgId: MERR-26631]
Action.c(259): Continuing after Error -26631: HTTP Status-Code=400 (Bad Request) for "http://internal-qa-uom-services-private-elb-306417685.us-east-1.elb.amazonaws.com:80/products"  	[MsgId: MERR-26631]
Action.c(259): Continuing after Error -26631: HTTP Status-Code=400 (Bad Request) for "http://internal-qa-uom-services-private-elb-306417685.us-east-1.elb.amazonaws.com:80/products"  	[MsgId: MERR-26631]
Action.c(259): Continuing after Error -26631: HTTP Status-Code=400 (Bad Request) for "http://internal-qa-uom-services-private-elb-306417685.us-east-1.elb.amazonaws.com:80/products"  	[MsgId: MERR-26631]
Action.c(259): Continuing after Error -26631: HTTP Status-Code=400 (Bad Request) for "http://internal-qa-uom-services-private-elb-306417685.us-east-1.elb.amazonaws.com:80/products"  	[MsgId: MERR-26631]
Action.c(259): Continuing after Error -26631: HTTP Status-Code=400 (Bad Request) for "http://internal-qa-uom-services-private-elb-306417685.us-east-1.elb.amazonaws.com:80/products"  	[MsgId: MERR-26631]
Action.c(259): Continuing after Error -26631: HTTP Status-Code=400 (Bad Request) for "http://internal-qa-uom-services-private-elb-306417685.us-east-1.elb.amazonaws.com:80/products"  	[MsgId: MERR-26631]
Action.c(259): Continuing after Error -26631: HTTP Status-Code=400 (Bad Request) for "http://internal-qa-uom-services-private-elb-306417685.us-east-1.elb.amazonaws.com:80/products"  	[MsgId: MERR-26631]
Action.c(259): Continuing after Error -26631: HTTP Status-Code=400 (Bad Request) for "http://internal-qa-uom-services-private-elb-306417685.us-east-1.elb.amazonaws.com:80/products"  	[MsgId: MERR-26631]
Action.c(259): Continuing after Error -26631: HTTP Status-Code=400 (Bad Request) for "http://internal-qa-uom-services-private-elb-306417685.us-east-1.elb.amazonaws.com:80/products"  	[MsgId: MERR-26631]
Action.c(259): Continuing after Error -26631: HTTP Status-Code=400 (Bad Request) for "http://internal-qa-uom-services-private-elb-306417685.us-east-1.elb.amazonaws.com:80/products"  	[MsgId: MERR-26631]
Action.c(301): Body={"items": [ { "id": "", "price": 8, "priceUom": "CS", "groups": [ { "groupId": "", "sequence": 1, "quantity": 29, "quantityUom": "CS" } ], "customerImages": [ "string" ] },{ "id": "", "price": 10, "priceUom": "EA", "groups": [ { "groupId": "", "sequence": 2, "quantity": 37, "quantityUom": "EA" } ], "customerImages": [ "string" ] },{ "id": "", "price": 12, "priceUom": "CS", "groups": [ { "groupId": "", "sequence": 3, "quantity": 23, "quantityUom": "CS" } ], "customerImages": [ "string" ] },{ "id": "", "price": 15, "priceUom": "EA", "groups": [ { "groupId": "", "sequence": 4, "quantity": 52, "quantityUom": "EA" } ], "customerImages": [ "string" ] },{ "id": "", "price": 20, "priceUom": "CS", "groups": [ { "groupId": "", "sequence": 5, "quantity": 68, "quantityUom": "CS" } ], "customerImages": [ "string" ] },{ "id": "", "price": 50, "priceUom": "EA", "groups": [ { "groupId": "", "sequence": 6, "quantity": 22, "quantityUom": "EA" } ], "customerImages": [ "string" ] },{ "id": "", "price": 20, "priceUom": "CS", "groups": [ { "groupId": "", "sequence": 7, "quantity": 38, "quantityUom": "CS" } ], "customerImages": [ "string" ] },{ "id": "", "price": 75, "priceUom": "EA", "groups": [ { "groupId": "", "sequence": 8, "quantity": 44, "quantityUom": "EA" } ], "customerImages": [ "string" ] },{ "id": "", "price": 60, "priceUom": "CS", "groups": [ { "groupId": "", "sequence": 9, "quantity": 77, "quantityUom": "CS" } ], "customerImages": [ "string" ] },{ "id": "", "price": 5, "priceUom": "EA", "groups": [ { "groupId": "", "sequence": 10, "quantity": 76, "quantityUom": "EA" } ], "customerImages": [ "string" ] },{ "id": "", "price": 3, "priceUom": "CS", "groups": [ { "groupId": "", "sequence": 11, "quantity": 30, "quantityUom": "CS" } ], "customerImages": [ "string" ] },{ "id": "", "price": 45, "priceUom": "EA", "groups": [ { "groupId": "", "sequence": 12, "quantity": 35, "quantityUom": "EA" } ], "customerImages": [ "string" ] },{ "id": "", "price": 45, "priceUom": "CS", "groups": [ { "groupId": "", "sequence": 13, "quantity": 42, "quantityUom": "CS" } ], "customerImages": [ "string" ] },{ "id": "", "price": 23, "priceUom": "EA", "groups": [ { "groupId": "", "sequence": 14, "quantity": 90, "quantityUom": "EA" } ], "customerImages": [ "string" ] },{ "id": "", "price": 14, "priceUom": "CS", "groups": [ { "groupId": "", "sequence": 15, "quantity": 85, "quantityUom": "CS" } ], "customerImages": [ "string" ] },{ "id": "", "price": 12, "priceUom": "EA", "groups": [ { "groupId": "", "sequence": 16, "quantity": 95, "quantityUom": "EA" } ], "customerImages": [ "string" ] },{ "id": "", "price": 6, "priceUom": "CS", "groups": [ { "groupId": "", "sequence": 17, "quantity": 45, "quantityUom": "CS" } ], "customerImages": [ "string" ] },{ "id": "", "price": 6, "priceUom": "EA", "groups": [ { "groupId": "", "sequence": 18, "quantity": 51, "quantityUom": "EA" } ], "customerImages": [ "string" ] },{ "id": "", "price": 4, "priceUom": "CS", "groups": [ { "groupId": "", "sequence": 19, "quantity": 10, "quantityUom": "CS" } ], "customerImages": [ "string" ] },{ "id": "", "price": 20, "priceUom": "EA", "groups": [ { "groupId": "", "sequence": 20, "quantity": 11, "quantityUom": "EA" } ], "customerImages": [ "string" ] } ] }	[MsgId: MMSG-17999]
Action.c(312): Continuing after Error -26631: HTTP Status-Code=400 (Bad Request) for "http://internal-qa-uom-services-private-elb-306417685.us-east-1.elb.amazonaws.com:80/products"  	[MsgId: MERR-26631]
Action.c(328): Continuing after Error -26631: HTTP Status-Code=400 (Bad Request) for "http://internal-qa-uom-services-private-elb-306417685.us-east-1.elb.amazonaws.com:80/products/"  	[MsgId: MERR-26631]
Action.c(373): Continuing after Error -26631: HTTP Status-Code=400 (Bad Request) for "http://internal-qa-uom-services-private-elb-306417685.us-east-1.elb.amazonaws.com:80/inventories/current?withAllProductAttributes=true"  	[MsgId: MERR-26631]
