Action.c(41): Continuing after Error -26627: HTTP Status-Code=404 (Not Found) for "http://internal-qa-uom-services-private-elb-306417685.us-east-1.elb.amazonaws.com:80/accounts/mine"  	[MsgId: MERR-26627]
Action.c(115): Continuing after Error -26627: HTTP Status-Code=404 (Not Found) for "http://internal-qa-uom-services-private-elb-306417685.us-east-1.elb.amazonaws.com:80/groups"  	[MsgId: MERR-26627]
Action.c(115): Continuing after Error -26627: HTTP Status-Code=404 (Not Found) for "http://internal-qa-uom-services-private-elb-306417685.us-east-1.elb.amazonaws.com:80/groups"  	[MsgId: MERR-26627]
Action.c(115): Continuing after Error -26627: HTTP Status-Code=404 (Not Found) for "http://internal-qa-uom-services-private-elb-306417685.us-east-1.elb.amazonaws.com:80/groups"  	[MsgId: MERR-26627]
Action.c(115): Continuing after Error -26627: HTTP Status-Code=404 (Not Found) for "http://internal-qa-uom-services-private-elb-306417685.us-east-1.elb.amazonaws.com:80/groups"  	[MsgId: MERR-26627]
Action.c(115): Continuing after Error -26627: HTTP Status-Code=404 (Not Found) for "http://internal-qa-uom-services-private-elb-306417685.us-east-1.elb.amazonaws.com:80/groups"  	[MsgId: MERR-26627]
Action.c(146): Continuing after Error -26627: HTTP Status-Code=404 (Not Found) for "http://internal-qa-uom-services-private-elb-306417685.us-east-1.elb.amazonaws.com:80/groups"  	[MsgId: MERR-26627]
Action.c(195): Continuing after Error -26626: HTTP Status-Code=405 (Method Not Allowed) for "http://internal-qa-uom-services-private-elb-306417685.us-east-1.elb.amazonaws.com:80/groups/"  	[MsgId: MERR-26626]
Action.c(237): Continuing after Error -26631: HTTP Status-Code=400 (Bad Request) for "http://internal-qa-uom-services-private-elb-306417685.us-east-1.elb.amazonaws.com:80/groups/"  	[MsgId: MERR-26631]
Action.c(287): Continuing after Error -26627: HTTP Status-Code=404 (Not Found) for "http://internal-qa-uom-services-private-elb-306417685.us-east-1.elb.amazonaws.com:80/suppliers"  	[MsgId: MERR-26627]
Action.c(287): Continuing after Error -26627: HTTP Status-Code=404 (Not Found) for "http://internal-qa-uom-services-private-elb-306417685.us-east-1.elb.amazonaws.com:80/suppliers"  	[MsgId: MERR-26627]
Action.c(287): Continuing after Error -26627: HTTP Status-Code=404 (Not Found) for "http://internal-qa-uom-services-private-elb-306417685.us-east-1.elb.amazonaws.com:80/suppliers"  	[MsgId: MERR-26627]
Action.c(287): Continuing after Error -26627: HTTP Status-Code=404 (Not Found) for "http://internal-qa-uom-services-private-elb-306417685.us-east-1.elb.amazonaws.com:80/suppliers"  	[MsgId: MERR-26627]
Action.c(287): Continuing after Error -26627: HTTP Status-Code=404 (Not Found) for "http://internal-qa-uom-services-private-elb-306417685.us-east-1.elb.amazonaws.com:80/suppliers"  	[MsgId: MERR-26627]
Action.c(287): Continuing after Error -26627: HTTP Status-Code=404 (Not Found) for "http://internal-qa-uom-services-private-elb-306417685.us-east-1.elb.amazonaws.com:80/suppliers"  	[MsgId: MERR-26627]
Action.c(287): Continuing after Error -26627: HTTP Status-Code=404 (Not Found) for "http://internal-qa-uom-services-private-elb-306417685.us-east-1.elb.amazonaws.com:80/suppliers"  	[MsgId: MERR-26627]
Action.c(287): Continuing after Error -26627: HTTP Status-Code=404 (Not Found) for "http://internal-qa-uom-services-private-elb-306417685.us-east-1.elb.amazonaws.com:80/suppliers"  	[MsgId: MERR-26627]
Action.c(287): Continuing after Error -26627: HTTP Status-Code=404 (Not Found) for "http://internal-qa-uom-services-private-elb-306417685.us-east-1.elb.amazonaws.com:80/suppliers"  	[MsgId: MERR-26627]
Action.c(287): Continuing after Error -26627: HTTP Status-Code=404 (Not Found) for "http://internal-qa-uom-services-private-elb-306417685.us-east-1.elb.amazonaws.com:80/suppliers"  	[MsgId: MERR-26627]
Action.c(374): Continuing after Error -26627: HTTP Status-Code=404 (Not Found) for "http://internal-qa-uom-services-private-elb-306417685.us-east-1.elb.amazonaws.com:80/suppliers/"  	[MsgId: MERR-26627]
Action.c(395): Continuing after Error -26626: HTTP Status-Code=405 (Method Not Allowed) for "http://internal-qa-uom-services-private-elb-306417685.us-east-1.elb.amazonaws.com:80/suppliers/"  	[MsgId: MERR-26626]
