Action.c(255): {
     "groupId": "54373201-ca44-4c44-bcd8-7e0905565b28",
     "currentExtendedPrice": 20
   },{
     "groupId": "05dc9ef1-e6c6-4f04-b979-1fd3bae6497e",
     "currentExtendedPrice": 20
   },{
     "groupId": "1f874007-112b-4eed-a187-689962379017",
     "currentExtendedPrice": 20
   },{
     "groupId": "6c6294d4-b7f6-466e-a9bd-069957e879f4",
     "currentExtendedPrice": 20
   },{
     "groupId": "49e52a53-df5e-4109-80b9-64c8a3356359",
     "currentExtendedPrice": 20
   }	[MsgId: MMSG-17999]
Action.c(255): {
     "groupId": "54373201-ca44-4c44-bcd8-7e0905565b28",
     "currentExtendedPrice": 20
   },{
     "groupId": "05dc9ef1-e6c6-4f04-b979-1fd3bae6497e",
     "currentExtendedPrice": 20
   },{
     "groupId": "1f874007-112b-4eed-a187-689962379017",
     "currentExtendedPrice": 20
   },{
     "groupId": "6c6294d4-b7f6-466e-a9bd-069957e879f4",
     "currentExtendedPrice": 20
   },{
     "groupId": "49e52a53-df5e-4109-80b9-64c8a3356359",
     "currentExtendedPrice": 20
   }	[MsgId: MMSG-17999]
Action.c(408): {
     "groupId": "54373201-ca44-4c44-bcd8-7e0905565b28",
     "currentExtendedPrice": 30
   },{
     "groupId": "05dc9ef1-e6c6-4f04-b979-1fd3bae6497e",
     "currentExtendedPrice": 20
   },{
     "groupId": "1f874007-112b-4eed-a187-689962379017",
     "currentExtendedPrice": 30
   },{
     "groupId": "6c6294d4-b7f6-466e-a9bd-069957e879f4",
     "currentExtendedPrice": 20
   },{
     "groupId": "49e52a53-df5e-4109-80b9-64c8a3356359",
     "currentExtendedPrice": 30
   }	[MsgId: MMSG-17999]
Action.c(255): {
     "groupId": "400f5714-1ef2-46a5-9dd0-504fab293c81",
     "currentExtendedPrice": 20
   },{
     "groupId": "6807927e-1db4-4194-8b29-ccee7f3ed5df",
     "currentExtendedPrice": 20
   },{
     "groupId": "b0f95ae4-682c-4b76-8ac1-bfdad21b603d",
     "currentExtendedPrice": 20
   },{
     "groupId": "2210ea33-2aa4-4746-999e-60aa8f4f5825",
     "currentExtendedPrice": 20
   },{
     "groupId": "2aedffe0-f607-49ca-bad1-26ffc1971b42",
     "currentExtendedPrice": 20
   }	[MsgId: MMSG-17999]
Action.c(255): {
     "groupId": "400f5714-1ef2-46a5-9dd0-504fab293c81",
     "currentExtendedPrice": 20
   },{
     "groupId": "6807927e-1db4-4194-8b29-ccee7f3ed5df",
     "currentExtendedPrice": 20
   },{
     "groupId": "b0f95ae4-682c-4b76-8ac1-bfdad21b603d",
     "currentExtendedPrice": 20
   },{
     "groupId": "2210ea33-2aa4-4746-999e-60aa8f4f5825",
     "currentExtendedPrice": 20
   },{
     "groupId": "2aedffe0-f607-49ca-bad1-26ffc1971b42",
     "currentExtendedPrice": 20
   }	[MsgId: MMSG-17999]
Action.c(408): {
     "groupId": "400f5714-1ef2-46a5-9dd0-504fab293c81",
     "currentExtendedPrice": 30
   },{
     "groupId": "6807927e-1db4-4194-8b29-ccee7f3ed5df",
     "currentExtendedPrice": 20
   },{
     "groupId": "b0f95ae4-682c-4b76-8ac1-bfdad21b603d",
     "currentExtendedPrice": 30
   },{
     "groupId": "2210ea33-2aa4-4746-999e-60aa8f4f5825",
     "currentExtendedPrice": 20
   },{
     "groupId": "2aedffe0-f607-49ca-bad1-26ffc1971b42",
     "currentExtendedPrice": 30
   }	[MsgId: MMSG-17999]
Action.c(255): {
     "groupId": "19fa2cd1-f283-4e9d-98dc-411acc9cd914",
     "currentExtendedPrice": 20
   },{
     "groupId": "ed095f5e-eb89-4247-83d7-56e1923fbefc",
     "currentExtendedPrice": 20
   },{
     "groupId": "11dbe201-1da7-4bf8-bb32-5a577c85f449",
     "currentExtendedPrice": 20
   },{
     "groupId": "8f4fa540-612a-478d-9166-ae4ef36bff9f",
     "currentExtendedPrice": 20
   },{
     "groupId": "71bde40e-bc49-42fc-8980-088aba769cf2",
     "currentExtendedPrice": 20
   }	[MsgId: MMSG-17999]
Action.c(255): {
     "groupId": "19fa2cd1-f283-4e9d-98dc-411acc9cd914",
     "currentExtendedPrice": 20
   },{
     "groupId": "ed095f5e-eb89-4247-83d7-56e1923fbefc",
     "currentExtendedPrice": 20
   },{
     "groupId": "11dbe201-1da7-4bf8-bb32-5a577c85f449",
     "currentExtendedPrice": 20
   },{
     "groupId": "8f4fa540-612a-478d-9166-ae4ef36bff9f",
     "currentExtendedPrice": 20
   },{
     "groupId": "71bde40e-bc49-42fc-8980-088aba769cf2",
     "currentExtendedPrice": 20
   }	[MsgId: MMSG-17999]
Action.c(255): {
     "groupId": "583a0625-723b-4e7f-ac1e-1c3dca301743",
     "currentExtendedPrice": 20
   },{
     "groupId": "cbd75eea-8c67-429b-9e6d-8f8a6b42ac8b",
     "currentExtendedPrice": 20
   },{
     "groupId": "d1135775-0886-4747-ab08-0c22f95c4992",
     "currentExtendedPrice": 20
   },{
     "groupId": "9a940114-c195-4c14-8d30-19c60cf1094f",
     "currentExtendedPrice": 20
   },{
     "groupId": "4976bd14-2619-495e-b465-7bc20831fa14",
     "currentExtendedPrice": 20
   }	[MsgId: MMSG-17999]
Action.c(255): {
     "groupId": "583a0625-723b-4e7f-ac1e-1c3dca301743",
     "currentExtendedPrice": 20
   },{
     "groupId": "cbd75eea-8c67-429b-9e6d-8f8a6b42ac8b",
     "currentExtendedPrice": 20
   },{
     "groupId": "d1135775-0886-4747-ab08-0c22f95c4992",
     "currentExtendedPrice": 20
   },{
     "groupId": "9a940114-c195-4c14-8d30-19c60cf1094f",
     "currentExtendedPrice": 20
   },{
     "groupId": "4976bd14-2619-495e-b465-7bc20831fa14",
     "currentExtendedPrice": 20
   }	[MsgId: MMSG-17999]
Action.c(408): {
     "groupId": "19fa2cd1-f283-4e9d-98dc-411acc9cd914",
     "currentExtendedPrice": 30
   },{
     "groupId": "ed095f5e-eb89-4247-83d7-56e1923fbefc",
     "currentExtendedPrice": 20
   },{
     "groupId": "11dbe201-1da7-4bf8-bb32-5a577c85f449",
     "currentExtendedPrice": 30
   },{
     "groupId": "8f4fa540-612a-478d-9166-ae4ef36bff9f",
     "currentExtendedPrice": 20
   },{
     "groupId": "71bde40e-bc49-42fc-8980-088aba769cf2",
     "currentExtendedPrice": 30
   }	[MsgId: MMSG-17999]
Action.c(408): {
     "groupId": "583a0625-723b-4e7f-ac1e-1c3dca301743",
     "currentExtendedPrice": 30
   },{
     "groupId": "cbd75eea-8c67-429b-9e6d-8f8a6b42ac8b",
     "currentExtendedPrice": 20
   },{
     "groupId": "d1135775-0886-4747-ab08-0c22f95c4992",
     "currentExtendedPrice": 30
   },{
     "groupId": "9a940114-c195-4c14-8d30-19c60cf1094f",
     "currentExtendedPrice": 20
   },{
     "groupId": "4976bd14-2619-495e-b465-7bc20831fa14",
     "currentExtendedPrice": 30
   }	[MsgId: MMSG-17999]
Action.c(255): {
     "groupId": "188d7c9b-b9cf-403d-8099-4a782ab0f51c",
     "currentExtendedPrice": 20
   },{
     "groupId": "1a5f4d64-aeb0-4885-85e2-ff4318978488",
     "currentExtendedPrice": 20
   },{
     "groupId": "cde6f6db-5d62-433d-b7ba-f3c60735856f",
     "currentExtendedPrice": 20
   },{
     "groupId": "0f4681d9-1929-4152-bb2d-9d3e92ad3677",
     "currentExtendedPrice": 20
   },{
     "groupId": "78ec9e47-0455-4f8d-816e-dded701fc115",
     "currentExtendedPrice": 20
   }	[MsgId: MMSG-17999]
Action.c(255): {
     "groupId": "188d7c9b-b9cf-403d-8099-4a782ab0f51c",
     "currentExtendedPrice": 20
   },{
     "groupId": "1a5f4d64-aeb0-4885-85e2-ff4318978488",
     "currentExtendedPrice": 20
   },{
     "groupId": "cde6f6db-5d62-433d-b7ba-f3c60735856f",
     "currentExtendedPrice": 20
   },{
     "groupId": "0f4681d9-1929-4152-bb2d-9d3e92ad3677",
     "currentExtendedPrice": 20
   },{
     "groupId": "78ec9e47-0455-4f8d-816e-dded701fc115",
     "currentExtendedPrice": 20
   }	[MsgId: MMSG-17999]
Action.c(408): {
     "groupId": "188d7c9b-b9cf-403d-8099-4a782ab0f51c",
     "currentExtendedPrice": 30
   },{
     "groupId": "1a5f4d64-aeb0-4885-85e2-ff4318978488",
     "currentExtendedPrice": 20
   },{
     "groupId": "cde6f6db-5d62-433d-b7ba-f3c60735856f",
     "currentExtendedPrice": 30
   },{
     "groupId": "0f4681d9-1929-4152-bb2d-9d3e92ad3677",
     "currentExtendedPrice": 20
   },{
     "groupId": "78ec9e47-0455-4f8d-816e-dded701fc115",
     "currentExtendedPrice": 30
   }	[MsgId: MMSG-17999]
