Action.c(255): {
     "groupId": "6933dbb8-752c-4f02-95c6-1de0d337a05e",
     "currentExtendedPrice": 20
   },{
     "groupId": "9bb22e81-35c8-47df-b988-0765d6865885",
     "currentExtendedPrice": 20
   },{
     "groupId": "fea8e266-852a-45f3-bb45-b78920e370bf",
     "currentExtendedPrice": 20
   },{
     "groupId": "a6ad3489-9f34-480a-bf8f-468e7579abb5",
     "currentExtendedPrice": 20
   },{
     "groupId": "d4de100f-bbc0-4725-9070-cb33985fb552",
     "currentExtendedPrice": 20
   }	[MsgId: MMSG-17999]
Action.c(255): {
     "groupId": "6933dbb8-752c-4f02-95c6-1de0d337a05e",
     "currentExtendedPrice": 20
   },{
     "groupId": "9bb22e81-35c8-47df-b988-0765d6865885",
     "currentExtendedPrice": 20
   },{
     "groupId": "fea8e266-852a-45f3-bb45-b78920e370bf",
     "currentExtendedPrice": 20
   },{
     "groupId": "a6ad3489-9f34-480a-bf8f-468e7579abb5",
     "currentExtendedPrice": 20
   },{
     "groupId": "d4de100f-bbc0-4725-9070-cb33985fb552",
     "currentExtendedPrice": 20
   }	[MsgId: MMSG-17999]
Action.c(408): {
     "groupId": "6933dbb8-752c-4f02-95c6-1de0d337a05e",
     "currentExtendedPrice": 30
   },{
     "groupId": "9bb22e81-35c8-47df-b988-0765d6865885",
     "currentExtendedPrice": 20
   },{
     "groupId": "fea8e266-852a-45f3-bb45-b78920e370bf",
     "currentExtendedPrice": 30
   },{
     "groupId": "a6ad3489-9f34-480a-bf8f-468e7579abb5",
     "currentExtendedPrice": 20
   },{
     "groupId": "d4de100f-bbc0-4725-9070-cb33985fb552",
     "currentExtendedPrice": 30
   }	[MsgId: MMSG-17999]
Action.c(255): {
     "groupId": "ce85a728-4fd2-46fe-a838-01184f019246",
     "currentExtendedPrice": 20
   },{
     "groupId": "6868e82a-061b-4127-aa77-96903789d10b",
     "currentExtendedPrice": 20
   },{
     "groupId": "d4f92488-eee6-45fd-bcc1-74e16f5d7b10",
     "currentExtendedPrice": 20
   },{
     "groupId": "e6005cbc-ca43-438d-a307-2c807f23febf",
     "currentExtendedPrice": 20
   },{
     "groupId": "6039d2f4-c40d-421c-b46b-0217c5d5f375",
     "currentExtendedPrice": 20
   }	[MsgId: MMSG-17999]
Action.c(255): {
     "groupId": "ce85a728-4fd2-46fe-a838-01184f019246",
     "currentExtendedPrice": 20
   },{
     "groupId": "6868e82a-061b-4127-aa77-96903789d10b",
     "currentExtendedPrice": 20
   },{
     "groupId": "d4f92488-eee6-45fd-bcc1-74e16f5d7b10",
     "currentExtendedPrice": 20
   },{
     "groupId": "e6005cbc-ca43-438d-a307-2c807f23febf",
     "currentExtendedPrice": 20
   },{
     "groupId": "6039d2f4-c40d-421c-b46b-0217c5d5f375",
     "currentExtendedPrice": 20
   }	[MsgId: MMSG-17999]
Action.c(408): {
     "groupId": "ce85a728-4fd2-46fe-a838-01184f019246",
     "currentExtendedPrice": 30
   },{
     "groupId": "6868e82a-061b-4127-aa77-96903789d10b",
     "currentExtendedPrice": 20
   },{
     "groupId": "d4f92488-eee6-45fd-bcc1-74e16f5d7b10",
     "currentExtendedPrice": 30
   },{
     "groupId": "e6005cbc-ca43-438d-a307-2c807f23febf",
     "currentExtendedPrice": 20
   },{
     "groupId": "6039d2f4-c40d-421c-b46b-0217c5d5f375",
     "currentExtendedPrice": 30
   }	[MsgId: MMSG-17999]
Action.c(255): {
     "groupId": "dc2d33b8-25fc-4a69-acdc-f1084b6f29e0",
     "currentExtendedPrice": 20
   },{
     "groupId": "9156b58d-6ff4-40c7-b64a-0f6e2319b17b",
     "currentExtendedPrice": 20
   },{
     "groupId": "139c4094-8915-4869-a384-78d3ca208867",
     "currentExtendedPrice": 20
   },{
     "groupId": "2531daa7-4e60-41ac-af33-1dc27eac03f6",
     "currentExtendedPrice": 20
   },{
     "groupId": "d7e27a57-0c87-4c3b-95d9-f6ebc5177b13",
     "currentExtendedPrice": 20
   }	[MsgId: MMSG-17999]
Action.c(255): {
     "groupId": "dc2d33b8-25fc-4a69-acdc-f1084b6f29e0",
     "currentExtendedPrice": 20
   },{
     "groupId": "9156b58d-6ff4-40c7-b64a-0f6e2319b17b",
     "currentExtendedPrice": 20
   },{
     "groupId": "139c4094-8915-4869-a384-78d3ca208867",
     "currentExtendedPrice": 20
   },{
     "groupId": "2531daa7-4e60-41ac-af33-1dc27eac03f6",
     "currentExtendedPrice": 20
   },{
     "groupId": "d7e27a57-0c87-4c3b-95d9-f6ebc5177b13",
     "currentExtendedPrice": 20
   }	[MsgId: MMSG-17999]
Action.c(255): {
     "groupId": "37ead5ae-a4db-4909-8dc9-0cb09bae822a",
     "currentExtendedPrice": 20
   },{
     "groupId": "ffb29b5a-1ffc-4614-a554-15195ad0ffb3",
     "currentExtendedPrice": 20
   },{
     "groupId": "d3ebe55e-3307-426c-8652-5a86c3caa725",
     "currentExtendedPrice": 20
   },{
     "groupId": "9f0417a9-f2cb-472c-a480-2c69fe569c4b",
     "currentExtendedPrice": 20
   },{
     "groupId": "6af194af-95d4-4211-822c-8b335b0a304f",
     "currentExtendedPrice": 20
   }	[MsgId: MMSG-17999]
Action.c(255): {
     "groupId": "37ead5ae-a4db-4909-8dc9-0cb09bae822a",
     "currentExtendedPrice": 20
   },{
     "groupId": "ffb29b5a-1ffc-4614-a554-15195ad0ffb3",
     "currentExtendedPrice": 20
   },{
     "groupId": "d3ebe55e-3307-426c-8652-5a86c3caa725",
     "currentExtendedPrice": 20
   },{
     "groupId": "9f0417a9-f2cb-472c-a480-2c69fe569c4b",
     "currentExtendedPrice": 20
   },{
     "groupId": "6af194af-95d4-4211-822c-8b335b0a304f",
     "currentExtendedPrice": 20
   }	[MsgId: MMSG-17999]
Action.c(408): {
     "groupId": "dc2d33b8-25fc-4a69-acdc-f1084b6f29e0",
     "currentExtendedPrice": 30
   },{
     "groupId": "9156b58d-6ff4-40c7-b64a-0f6e2319b17b",
     "currentExtendedPrice": 20
   },{
     "groupId": "139c4094-8915-4869-a384-78d3ca208867",
     "currentExtendedPrice": 30
   },{
     "groupId": "2531daa7-4e60-41ac-af33-1dc27eac03f6",
     "currentExtendedPrice": 20
   },{
     "groupId": "d7e27a57-0c87-4c3b-95d9-f6ebc5177b13",
     "currentExtendedPrice": 30
   }	[MsgId: MMSG-17999]
Action.c(408): {
     "groupId": "37ead5ae-a4db-4909-8dc9-0cb09bae822a",
     "currentExtendedPrice": 30
   },{
     "groupId": "ffb29b5a-1ffc-4614-a554-15195ad0ffb3",
     "currentExtendedPrice": 20
   },{
     "groupId": "d3ebe55e-3307-426c-8652-5a86c3caa725",
     "currentExtendedPrice": 30
   },{
     "groupId": "9f0417a9-f2cb-472c-a480-2c69fe569c4b",
     "currentExtendedPrice": 20
   },{
     "groupId": "6af194af-95d4-4211-822c-8b335b0a304f",
     "currentExtendedPrice": 30
   }	[MsgId: MMSG-17999]
Action.c(255): {
     "groupId": "cda2c4b2-4524-4750-823e-63cfff453aa2",
     "currentExtendedPrice": 20
   },{
     "groupId": "a8ff2715-8364-4b7c-a351-132696131655",
     "currentExtendedPrice": 20
   },{
     "groupId": "6d2e8e77-168f-49f1-96cf-ba991e44ae63",
     "currentExtendedPrice": 20
   },{
     "groupId": "dedc7f71-3fa7-4c4f-83c8-cadd5427f25a",
     "currentExtendedPrice": 20
   },{
     "groupId": "792e06b5-a510-44ec-a6cf-37ce13ec20ec",
     "currentExtendedPrice": 20
   }	[MsgId: MMSG-17999]
Action.c(255): {
     "groupId": "cda2c4b2-4524-4750-823e-63cfff453aa2",
     "currentExtendedPrice": 20
   },{
     "groupId": "a8ff2715-8364-4b7c-a351-132696131655",
     "currentExtendedPrice": 20
   },{
     "groupId": "6d2e8e77-168f-49f1-96cf-ba991e44ae63",
     "currentExtendedPrice": 20
   },{
     "groupId": "dedc7f71-3fa7-4c4f-83c8-cadd5427f25a",
     "currentExtendedPrice": 20
   },{
     "groupId": "792e06b5-a510-44ec-a6cf-37ce13ec20ec",
     "currentExtendedPrice": 20
   }	[MsgId: MMSG-17999]
Action.c(408): {
     "groupId": "cda2c4b2-4524-4750-823e-63cfff453aa2",
     "currentExtendedPrice": 30
   },{
     "groupId": "a8ff2715-8364-4b7c-a351-132696131655",
     "currentExtendedPrice": 20
   },{
     "groupId": "6d2e8e77-168f-49f1-96cf-ba991e44ae63",
     "currentExtendedPrice": 30
   },{
     "groupId": "dedc7f71-3fa7-4c4f-83c8-cadd5427f25a",
     "currentExtendedPrice": 20
   },{
     "groupId": "792e06b5-a510-44ec-a6cf-37ce13ec20ec",
     "currentExtendedPrice": 30
   }	[MsgId: MMSG-17999]
Action.c(255): {
     "groupId": "7cbeb635-f8a2-4a0f-9021-4ffbefc3aabe",
     "currentExtendedPrice": 20
   },{
     "groupId": "c656b0bd-8c4e-4277-bd4c-8853cdf07d55",
     "currentExtendedPrice": 20
   },{
     "groupId": "fd55135e-e17e-42ed-b568-338449a41e56",
     "currentExtendedPrice": 20
   },{
     "groupId": "ee35b41c-84a9-449e-9a1c-5cbf76d16423",
     "currentExtendedPrice": 20
   },{
     "groupId": "fb4cd4cd-0837-479c-ad6c-dab12721fb56",
     "currentExtendedPrice": 20
   }	[MsgId: MMSG-17999]
Action.c(255): {
     "groupId": "7cbeb635-f8a2-4a0f-9021-4ffbefc3aabe",
     "currentExtendedPrice": 20
   },{
     "groupId": "c656b0bd-8c4e-4277-bd4c-8853cdf07d55",
     "currentExtendedPrice": 20
   },{
     "groupId": "fd55135e-e17e-42ed-b568-338449a41e56",
     "currentExtendedPrice": 20
   },{
     "groupId": "ee35b41c-84a9-449e-9a1c-5cbf76d16423",
     "currentExtendedPrice": 20
   },{
     "groupId": "fb4cd4cd-0837-479c-ad6c-dab12721fb56",
     "currentExtendedPrice": 20
   }	[MsgId: MMSG-17999]
Action.c(408): {
     "groupId": "7cbeb635-f8a2-4a0f-9021-4ffbefc3aabe",
     "currentExtendedPrice": 30
   },{
     "groupId": "c656b0bd-8c4e-4277-bd4c-8853cdf07d55",
     "currentExtendedPrice": 20
   },{
     "groupId": "fd55135e-e17e-42ed-b568-338449a41e56",
     "currentExtendedPrice": 30
   },{
     "groupId": "ee35b41c-84a9-449e-9a1c-5cbf76d16423",
     "currentExtendedPrice": 20
   },{
     "groupId": "fb4cd4cd-0837-479c-ad6c-dab12721fb56",
     "currentExtendedPrice": 30
   }	[MsgId: MMSG-17999]
Action.c(255): {
     "groupId": "bb7fc8de-641a-45fd-9e97-c48437c0ffb5",
     "currentExtendedPrice": 20
   },{
     "groupId": "b08d110d-4cb9-44fc-9ad3-c7702dd43653",
     "currentExtendedPrice": 20
   },{
     "groupId": "2be1b8ab-fd72-4eb8-96ec-51fe0bd93830",
     "currentExtendedPrice": 20
   },{
     "groupId": "12a36c90-4696-4786-a5bb-900ec26e55db",
     "currentExtendedPrice": 20
   },{
     "groupId": "cabf7f71-f99f-4e80-98f8-f0f7da8bb3a1",
     "currentExtendedPrice": 20
   }	[MsgId: MMSG-17999]
Action.c(255): {
     "groupId": "bb7fc8de-641a-45fd-9e97-c48437c0ffb5",
     "currentExtendedPrice": 20
   },{
     "groupId": "b08d110d-4cb9-44fc-9ad3-c7702dd43653",
     "currentExtendedPrice": 20
   },{
     "groupId": "2be1b8ab-fd72-4eb8-96ec-51fe0bd93830",
     "currentExtendedPrice": 20
   },{
     "groupId": "12a36c90-4696-4786-a5bb-900ec26e55db",
     "currentExtendedPrice": 20
   },{
     "groupId": "cabf7f71-f99f-4e80-98f8-f0f7da8bb3a1",
     "currentExtendedPrice": 20
   }	[MsgId: MMSG-17999]
Action.c(255): {
     "groupId": "b5383ef1-4cb8-4e77-9b89-436c7d3e5341",
     "currentExtendedPrice": 20
   },{
     "groupId": "cd8497e2-caf9-4036-820d-356fb206f5ac",
     "currentExtendedPrice": 20
   },{
     "groupId": "f0d192c1-3b1e-4e5c-907e-4518cbe824c9",
     "currentExtendedPrice": 20
   },{
     "groupId": "496ae7f8-e939-48b8-bf3a-d2a7b76ff3ba",
     "currentExtendedPrice": 20
   },{
     "groupId": "f37f50b3-190a-4aff-8eb3-82ca32428fa9",
     "currentExtendedPrice": 20
   }	[MsgId: MMSG-17999]
Action.c(255): {
     "groupId": "b5383ef1-4cb8-4e77-9b89-436c7d3e5341",
     "currentExtendedPrice": 20
   },{
     "groupId": "cd8497e2-caf9-4036-820d-356fb206f5ac",
     "currentExtendedPrice": 20
   },{
     "groupId": "f0d192c1-3b1e-4e5c-907e-4518cbe824c9",
     "currentExtendedPrice": 20
   },{
     "groupId": "496ae7f8-e939-48b8-bf3a-d2a7b76ff3ba",
     "currentExtendedPrice": 20
   },{
     "groupId": "f37f50b3-190a-4aff-8eb3-82ca32428fa9",
     "currentExtendedPrice": 20
   }	[MsgId: MMSG-17999]
Action.c(408): {
     "groupId": "bb7fc8de-641a-45fd-9e97-c48437c0ffb5",
     "currentExtendedPrice": 30
   },{
     "groupId": "b08d110d-4cb9-44fc-9ad3-c7702dd43653",
     "currentExtendedPrice": 20
   },{
     "groupId": "2be1b8ab-fd72-4eb8-96ec-51fe0bd93830",
     "currentExtendedPrice": 30
   },{
     "groupId": "12a36c90-4696-4786-a5bb-900ec26e55db",
     "currentExtendedPrice": 20
   },{
     "groupId": "cabf7f71-f99f-4e80-98f8-f0f7da8bb3a1",
     "currentExtendedPrice": 30
   }	[MsgId: MMSG-17999]
Action.c(408): {
     "groupId": "b5383ef1-4cb8-4e77-9b89-436c7d3e5341",
     "currentExtendedPrice": 30
   },{
     "groupId": "cd8497e2-caf9-4036-820d-356fb206f5ac",
     "currentExtendedPrice": 20
   },{
     "groupId": "f0d192c1-3b1e-4e5c-907e-4518cbe824c9",
     "currentExtendedPrice": 30
   },{
     "groupId": "496ae7f8-e939-48b8-bf3a-d2a7b76ff3ba",
     "currentExtendedPrice": 20
   },{
     "groupId": "f37f50b3-190a-4aff-8eb3-82ca32428fa9",
     "currentExtendedPrice": 30
   }	[MsgId: MMSG-17999]
